[COT 2024-01-27 19:17:55] 76561199108250772: Spawned Entity Short Stick (WoodenStick<bc5204a0>, 5, 50, 0) at <6389.585449, 193.510315, 11539.772461>
[COT 2024-01-27 19:18:00] 76561199108250772: Spawned Entity Firewood (Firewood<bc5225d0>, 1, 500, 0) at <6389.597656, 193.578903, 11539.742188>
[COT 2024-01-27 19:18:00] 76561199108250772: Spawned Entity Firewood (Firewood<bc527340>, 1, 500, 0) at <6389.628906, 193.754074, 11539.666016>
[COT 2024-01-27 19:18:01] 76561199108250772: Spawned Entity Firewood (Firewood<bc527e50>, 1, 500, 0) at <6389.660645, 193.931076, 11539.588867>
[COT 2024-01-27 19:18:01] 76561199108250772: Spawned Entity Firewood (Firewood<bc5230e0>, 1, 500, 0) at <6389.692383, 194.107697, 11539.511719>
[COT 2024-01-27 19:18:01] 76561199108250772: Spawned Entity Firewood (Firewood<bc528960>, 1, 500, 0) at <6389.724121, 194.284317, 11539.434570>
[COT 2024-01-27 19:18:21] 76561199108250772: Spawned Entity Lighter (PetrolLighter<bc525210>, 20, 20, 0) at <6389.556641, 193.510391, 11539.734375>
[COT 2024-01-27 19:18:37] 76561199108250772: Spawned Entity Paper (Paper<bc527e50>, 20, 15, 0) at <6389.558594, 193.522415, 11539.732422>
[COT 2024-01-27 19:19:09] 76561199108250772: Healed [guid=OAdpPkJP2Ps_W7h2ttR1bK23ekHCzrxw0mDT3zqLMdU=]
[COT 2024-01-27 19:19:22] 76561199108250772: Spawned Entity M4-A1 (M4A1_Base<deb7ccf0>, 100, 200, 0) at <6389.515625, 193.510406, 11539.826172>
[COT 2024-01-27 19:19:50] 76561199108250772: Spawned Entity Beef Steak (CowSteakMeat<db1ce330>, 500, 50, 1) at <6389.469238, 193.510483, 11539.832031>
[COT 2024-01-27 19:19:50] 76561199108250772: Spawned Entity Beef Steak (CowSteakMeat<db1ceec0>, 500, 50, 1) at <6389.474609, 193.600449, 11539.825195>
[COT 2024-01-27 19:19:51] 76561199108250772: Spawned Entity Beef Steak (CowSteakMeat<db1d1170>, 500, 50, 1) at <6389.479980, 193.688110, 11539.817383>
[COT 2024-01-27 19:19:51] 76561199108250772: Spawned Entity Beef Steak (CowSteakMeat<db1cb4f0>, 500, 50, 1) at <6389.485352, 193.775757, 11539.810547>
[COT 2024-01-27 19:20:44] 76561199108250772: Spawned Entity Tactical Gloves (TacticalGloves_Beige<db1d7980>, 100, 165, 0) at <6389.265137, 193.510498, 11540.303711>
[COT 2024-01-27 19:21:32] 76561199108250772: Spawned Entity Sling Bag (SlingBag_Black<db1d56d0>, 100, 120, 0) at <6389.262695, 193.510498, 11540.305664>
[COT 2024-01-27 19:23:28] 76561199108250772: Set GodMode To true [guid=OAdpPkJP2Ps_W7h2ttR1bK23ekHCzrxw0mDT3zqLMdU=]
[COT 2024-01-27 19:23:28] 76561199108250772: Set cannot be targeted by AI to true [guid=OAdpPkJP2Ps_W7h2ttR1bK23ekHCzrxw0mDT3zqLMdU=]
[COT 2024-01-27 19:23:29] 76561199108250772: Set UnlimitedStamina To true [guid=OAdpPkJP2Ps_W7h2ttR1bK23ekHCzrxw0mDT3zqLMdU=]
[COT 2024-01-27 19:23:29] 76561199108250772: Set UnlimitedAmmo To true [guid=OAdpPkJP2Ps_W7h2ttR1bK23ekHCzrxw0mDT3zqLMdU=]
[COT 2024-01-27 19:24:17] 76561199108250772: Teleported to position <3362.103760, 487.109772, 2034.216309>
[COT 2024-01-27 19:24:23] 76561199108250772: Set GodMode To false [guid=OAdpPkJP2Ps_W7h2ttR1bK23ekHCzrxw0mDT3zqLMdU=]
[COT 2024-01-27 19:25:32] 76561199108250772: Teleported to position <541.351013, 612.760010, 1109.238403>
[COT 2024-01-27 19:25:56] 76561199108250772: Set the date to 2011/12/25 12:0
[COT 2024-01-27 19:25:57] 76561199108250772: Set rain to 0 0 0
[COT 2024-01-27 19:25:57] 76561199108250772: Set storm to 0 0.8 4000
[COT 2024-01-27 19:25:57] 76561199108250772: Set fog to 0 0 0
[COT 2024-01-27 19:25:57] 76561199108250772: Set overcast to 0 0 0
[COT 2024-01-27 19:25:57] 76561199108250772: Set wind to 0 0 1
[COT 2024-01-27 19:26:11] 76561199108250772: Entered the Free Camera
[COT 2024-01-27 19:26:25] 76561199108250772: Left the Free Camera
[COT 2024-01-27 19:26:57] 76561199108250772: Spawned Entity Punched Card (PunchedCard<bc52d6d0>, 100, 15, 0) at <588.758057, 611.671936, 1131.182373>
[COT 2024-01-27 19:27:13] 76561199108250772: Entered the Free Camera
[COT 2024-01-27 19:27:23] 76561199108250772: Left the Free Camera
[COT 2024-01-27 19:27:38] 76561199108250772: Teleported to position <7361.617188, 231.120758, 6763.887695>
[COT 2024-01-27 19:28:01] 76561199108250772: Set GodMode To true [guid=OAdpPkJP2Ps_W7h2ttR1bK23ekHCzrxw0mDT3zqLMdU=]
[COT 2024-01-27 19:28:02] 76561199108250772: Set GodMode To false [guid=OAdpPkJP2Ps_W7h2ttR1bK23ekHCzrxw0mDT3zqLMdU=]
[COT 2024-01-27 19:28:03] 76561199108250772: Set GodMode To true [guid=OAdpPkJP2Ps_W7h2ttR1bK23ekHCzrxw0mDT3zqLMdU=]
[COT 2024-01-27 19:28:16] 76561199108250772: Spawned Entity Combat Gas Mask (GasMask<e9fffcf0>, 225, 120, 0) at <7358.232910, 229.692307, 6753.000977>
[COT 2024-01-27 19:28:23] 76561199108250772: Set GodMode To false [guid=OAdpPkJP2Ps_W7h2ttR1bK23ekHCzrxw0mDT3zqLMdU=]
[COT 2024-01-27 19:28:48] 76561199108250772: Healed [guid=OAdpPkJP2Ps_W7h2ttR1bK23ekHCzrxw0mDT3zqLMdU=]
[COT 2024-01-27 19:28:58] 76561199108250772: Spawned Entity NBC Gloves (NBCGlovesGray<e9ffe5d0>, 100, 80, 0) at <7353.756836, 233.110565, 6823.830078>
[COT 2024-01-27 19:29:00] 76561199108250772: Spawned Entity NBC Hood (NBCHoodGray<ea011270>, 100, 25, 0) at <7353.755859, 233.205307, 6823.993164>
[COT 2024-01-27 19:29:03] 76561199108250772: Spawned Entity NBC Pants (NBCPantsGray<ea004de0>, 100, 80, 0) at <7353.754883, 233.333298, 6824.213379>
[COT 2024-01-27 19:29:05] 76561199108250772: Spawned Entity NBC Boots (NBCBootsGray<ea021c60>, 100, 80, 0) at <7353.753418, 233.489777, 6824.482422>
[COT 2024-01-27 19:29:08] 76561199108250772: Spawned Entity NBC Jacket (NBCJacketGray<ea01e290>, 100, 80, 0) at <7353.752441, 233.626114, 6824.716797>
[COT 2024-01-27 19:31:02] 76561199108250772: Spawned Entity NBC Hood (NBCHoodGray<ea025630>, 100, 25, 0) at <7249.962402, 230.151489, 6380.597168>
[COT 2024-01-27 19:31:05] 76561199108250772: Set GodMode To true [guid=OAdpPkJP2Ps_W7h2ttR1bK23ekHCzrxw0mDT3zqLMdU=]
[COT 2024-01-27 19:31:07] 76561199108250772: Set GodMode To false [guid=OAdpPkJP2Ps_W7h2ttR1bK23ekHCzrxw0mDT3zqLMdU=]
[COT 2024-01-27 19:31:09] 76561199108250772: Healed [guid=OAdpPkJP2Ps_W7h2ttR1bK23ekHCzrxw0mDT3zqLMdU=]
[COT 2024-01-27 19:32:17] 76561199108250772: Entered the Free Camera
[COT 2024-01-27 19:32:22] 76561199108250772: Left the Free Camera
[COT 2024-01-27 19:33:13] 76561199108250772: Teleported to position <7299.597168, 231.414474, 7040.620605>
[COT 2024-01-27 19:33:19] 76561199108250772: Entered the Free Camera
[COT 2024-01-27 19:33:31] 76561199108250772: Left the Free Camera
[COT 2024-01-27 19:35:20] 76561199108250772: Set GodMode To true [guid=OAdpPkJP2Ps_W7h2ttR1bK23ekHCzrxw0mDT3zqLMdU=]
[COT 2024-01-27 19:35:21] 76561199108250772: Set cannot be targeted by AI to true [guid=OAdpPkJP2Ps_W7h2ttR1bK23ekHCzrxw0mDT3zqLMdU=]
[COT 2024-01-27 19:35:21] 76561199108250772: Set UnlimitedStamina To true [guid=OAdpPkJP2Ps_W7h2ttR1bK23ekHCzrxw0mDT3zqLMdU=]
[COT 2024-01-27 19:35:22] 76561199108250772: Set UnlimitedAmmo To true [guid=OAdpPkJP2Ps_W7h2ttR1bK23ekHCzrxw0mDT3zqLMdU=]
[COT 2024-01-27 19:35:35] 76561199108250772: Entered the Free Camera
[COT 2024-01-27 19:35:44] 76561199108250772: Left the Free Camera
[COT 2024-01-27 19:35:54] 76561199108250772: Entered the Free Camera
[COT 2024-01-27 19:36:05] 76561199108250772: Left the Free Camera
