[COT 2024-02-03 03:08:39] 76561199108250772: Teleported to <8370.701172, 204.974640, 12281.918945> [guid=KWl3ojgjStHOe3-iLRChpUG8crsNiNfei3BT6NCIfaw=]
[COT 2024-02-03 03:23:52] 76561199108250772: Set GodMode To true [guid=KWl3ojgjStHOe3-iLRChpUG8crsNiNfei3BT6NCIfaw=]
[COT 2024-02-03 03:24:01] 76561199108250772: Healed [guid=OAdpPkJP2Ps_W7h2ttR1bK23ekHCzrxw0mDT3zqLMdU=]
[COT 2024-02-03 03:24:04] 76561199108250772: Set GodMode To false [guid=KWl3ojgjStHOe3-iLRChpUG8crsNiNfei3BT6NCIfaw=]
[COT 2024-02-03 03:27:53] 76561199108250772: Set UnlimitedStamina To true [guid=KWl3ojgjStHOe3-iLRChpUG8crsNiNfei3BT6NCIfaw=]
[COT 2024-02-03 03:27:55] 76561199108250772: Set UnlimitedStamina To true [guid=OAdpPkJP2Ps_W7h2ttR1bK23ekHCzrxw0mDT3zqLMdU=]
[COT 2024-02-03 03:32:24] 76561199108250772: Spawned Entity M4-A1 (M4A1_Base<d0decbd0>, 100, 200, 0) at <8298.808594, 217.507736, 11008.040039>
[COT 2024-02-03 03:32:25] 76561199108250772: Spawned Entity M4-A1 (M4A1_Base<d0dea620>, 100, 200, 0) at <8298.940430, 217.603775, 11007.986328>
[COT 2024-02-03 03:32:37] 76561199108250772: Set the date to 2011/12/27 12:0
[COT 2024-02-03 03:32:37] 76561199108250772: Set rain to 0 0 0
[COT 2024-02-03 03:32:37] 76561199108250772: Set storm to 0 0.8 4000
[COT 2024-02-03 03:32:37] 76561199108250772: Set fog to 0 0 0
[COT 2024-02-03 03:32:37] 76561199108250772: Set overcast to 0 0 0
[COT 2024-02-03 03:32:37] 76561199108250772: Set wind to 0 0 1
[COT 2024-02-03 03:33:21] 76561199108250772: Healed [guid=OAdpPkJP2Ps_W7h2ttR1bK23ekHCzrxw0mDT3zqLMdU=]
[COT 2024-02-03 03:33:50] 76561199108250772: Entered the Free Camera
[COT 2024-02-03 03:34:00] 76561199108250772: Left the Free Camera
[COT 2024-02-03 03:35:55] 76561199108250772: Healed [guid=KWl3ojgjStHOe3-iLRChpUG8crsNiNfei3BT6NCIfaw=]
[COT 2024-02-03 03:38:03] 76561199108250772: Entered the Free Camera
[COT 2024-02-03 03:38:18] 76561199108250772: Left the Free Camera
[COT 2024-02-03 03:38:38] 76561199108250772: Teleported to position <607.496216, 585.627869, 956.395752>
[COT 2024-02-03 03:38:46] 76561199108250772: Teleported [guid=KWl3ojgjStHOe3-iLRChpUG8crsNiNfei3BT6NCIfaw=] to <604.568604, 586.223755, 955.030273>
[COT 2024-02-03 03:40:57] 76561199108250772: Spawned Entity Punched Card (PunchedCard<b45c3100>, 100, 15, 0) at <588.750854, 611.671936, 1132.172974>
[COT 2024-02-03 03:40:58] 76561199108250772: Spawned Entity Punched Card (PunchedCard<b45c7360>, 100, 15, 0) at <588.750366, 611.685669, 1132.155396>
[COT 2024-02-03 03:41:24] 76561199108250772: Entered the Free Camera
[COT 2024-02-03 03:41:54] 76561199108250772: Left the Free Camera
[COT 2024-02-03 03:42:08] 76561199108250772: Entered the Free Camera
[COT 2024-02-03 03:43:16] 76561199108250772: Left the Free Camera
[COT 2024-02-03 03:43:47] 76561199108250772: Teleported [guid=KWl3ojgjStHOe3-iLRChpUG8crsNiNfei3BT6NCIfaw=] to <748.050415, 531.405701, 1228.885742>
[COT 2024-02-03 03:45:08] 76561199108250772: Spawned Entity NVG Headstrap (NVGHeadstrap<f20fa970>, 100, 200, 0) at <736.299866, 531.422852, 1232.511841>
[COT 2024-02-03 03:45:11] 76561199108250772: Spawned Entity NVG Headstrap (NVGHeadstrap<f20fd7b0>, 100, 200, 0) at <735.631958, 531.422852, 1232.871338>
[COT 2024-02-03 03:54:33] 76561199108250772: Set Broken Legs To false [guid=OAdpPkJP2Ps_W7h2ttR1bK23ekHCzrxw0mDT3zqLMdU=]
[COT 2024-02-03 03:54:34] 76561199108250772: Healed [guid=OAdpPkJP2Ps_W7h2ttR1bK23ekHCzrxw0mDT3zqLMdU=]
[COT 2024-02-03 03:54:45] 76561199108250772: Entered the Free Camera
[COT 2024-02-03 03:55:25] 76561199108250772: Left the Free Camera
[COT 2024-02-03 04:11:55] 76561199108250772: Teleported to <11148.212891, 175.014267, 11497.038086> [guid=s7vJf2NuCNme1MUM_sgLr2G3yzcxYg10pO0s-GAKExM=]
[COT 2024-02-03 04:12:21] 76561199108250772: Set the date to 2011/12/27 12:0
[COT 2024-02-03 04:12:22] 76561199108250772: Set rain to 0 0 0
[COT 2024-02-03 04:12:22] 76561199108250772: Set storm to 0 0.8 4000
[COT 2024-02-03 04:12:22] 76561199108250772: Set fog to 0 0 0
[COT 2024-02-03 04:12:22] 76561199108250772: Set overcast to 0 0 0
[COT 2024-02-03 04:12:22] 76561199108250772: Set wind to 0 0 1
[COT 2024-02-03 04:18:59] 76561199108250772: Healed [guid=OAdpPkJP2Ps_W7h2ttR1bK23ekHCzrxw0mDT3zqLMdU=]
[COT 2024-02-03 04:23:07] 76561199108250772: Set Freeze To true [guid=KWl3ojgjStHOe3-iLRChpUG8crsNiNfei3BT6NCIfaw=]
[COT 2024-02-03 04:23:18] 76561199108250772: Set Freeze To false [guid=KWl3ojgjStHOe3-iLRChpUG8crsNiNfei3BT6NCIfaw=]
[COT 2024-02-03 04:28:06] 76561199108250772: Healed [guid=KWl3ojgjStHOe3-iLRChpUG8crsNiNfei3BT6NCIfaw=]
[COT 2024-02-03 04:28:09] 76561199108250772: Healed [guid=s7vJf2NuCNme1MUM_sgLr2G3yzcxYg10pO0s-GAKExM=]
[COT 2024-02-03 04:42:18] 76561199108250772: Set the date to 2011/12/27 12:0
[COT 2024-02-03 04:42:19] 76561199108250772: Set rain to 0 0 0
[COT 2024-02-03 04:42:19] 76561199108250772: Set storm to 0 0.8 4000
[COT 2024-02-03 04:42:19] 76561199108250772: Set fog to 0 0 0
[COT 2024-02-03 04:42:19] 76561199108250772: Set overcast to 0 0 0
[COT 2024-02-03 04:42:19] 76561199108250772: Set wind to 0 0 1
[COT 2024-02-03 04:46:27] 76561199108250772: Set UnlimitedStamina To true [guid=KWl3ojgjStHOe3-iLRChpUG8crsNiNfei3BT6NCIfaw=]
[COT 2024-02-03 04:46:30] 76561199108250772: Set UnlimitedStamina To true [guid=OAdpPkJP2Ps_W7h2ttR1bK23ekHCzrxw0mDT3zqLMdU=]
[COT 2024-02-03 04:46:33] 76561199108250772: Set UnlimitedStamina To true [guid=s7vJf2NuCNme1MUM_sgLr2G3yzcxYg10pO0s-GAKExM=]
[COT 2024-02-03 04:47:59] 76561199108250772: Spawned Entity M4-A1 (M4A1_Base<e8e8ff10>, 100, 200, 0) at <9743.683594, 195.354004, 11020.254883>
[COT 2024-02-03 04:48:09] 76561199108250772: Spawned Entity M4-A1 (M4A1_Base<e8e83610>, 100, 200, 0) at <9744.183594, 195.200851, 11021.672852>
[COT 2024-02-03 04:48:09] 76561199108250772: Spawned Entity M4-A1 (M4A1_Base<e8e9bb80>, 100, 200, 0) at <9744.086914, 195.296600, 11021.597656>
[COT 2024-02-03 04:48:59] 76561199108250772: Teleported to position <8444.511719, 175.960236, 11728.020508>
[COT 2024-02-03 04:49:05] 76561199108250772: Teleported [guid=s7vJf2NuCNme1MUM_sgLr2G3yzcxYg10pO0s-GAKExM=] to <8444.511719, 175.960236, 11728.020508>
[COT 2024-02-03 04:49:07] 76561199108250772: Teleported [guid=KWl3ojgjStHOe3-iLRChpUG8crsNiNfei3BT6NCIfaw=] to <8444.511719, 175.960236, 11728.020508>
[COT 2024-02-03 04:49:59] 76561199108250772: Teleported to position <7537.616699, 174.856735, 11476.820313>
[COT 2024-02-03 04:50:05] 76561199108250772: Teleported to position <7249.200195, 175.073975, 11181.070313>
[COT 2024-02-03 04:50:13] 76561199108250772: Teleported to position <6674.704590, 176.706406, 10877.979492>
[COT 2024-02-03 04:50:15] 76561199108250772: Entered the Free Camera
[COT 2024-02-03 04:50:25] 76561199108250772: Left the Free Camera
[COT 2024-02-03 04:50:31] 76561199108250772: Teleported [guid=KWl3ojgjStHOe3-iLRChpUG8crsNiNfei3BT6NCIfaw=] to <6647.976563, 186.851654, 11435.161133>
[COT 2024-02-03 04:50:33] 76561199108250772: Teleported [guid=s7vJf2NuCNme1MUM_sgLr2G3yzcxYg10pO0s-GAKExM=] to <6647.420898, 186.889297, 11435.476563>
[COT 2024-02-03 04:50:36] 76561199108250772: Set UnlimitedAmmo To true [guid=KWl3ojgjStHOe3-iLRChpUG8crsNiNfei3BT6NCIfaw=]
[COT 2024-02-03 04:50:41] 76561199108250772: Set UnlimitedAmmo To true [guid=OAdpPkJP2Ps_W7h2ttR1bK23ekHCzrxw0mDT3zqLMdU=]
[COT 2024-02-03 04:50:43] 76561199108250772: Set UnlimitedAmmo To true [guid=s7vJf2NuCNme1MUM_sgLr2G3yzcxYg10pO0s-GAKExM=]
[COT 2024-02-03 04:53:27] 76561199108250772: Entered the Free Camera
[COT 2024-02-03 04:53:38] 76561199108250772: Left the Free Camera
[COT 2024-02-03 04:55:44] 76561199108250772: Healed [guid=OAdpPkJP2Ps_W7h2ttR1bK23ekHCzrxw0mDT3zqLMdU=]
[COT 2024-02-03 04:55:48] 76561199108250772: Entered the Free Camera
[COT 2024-02-03 04:55:57] 76561199108250772: Left the Free Camera
[COT 2024-02-03 04:56:23] 76561199108250772: Entered the Free Camera
[COT 2024-02-03 04:56:30] 76561199108250772: Left the Free Camera
