12:01:05.195 [VehicleDestroyed] ExpansionUh1h_Resistance (id=F7C7B6FFFC4067F54156BB81B1D04F05 pos=<1230.668213, 168.754944, 7566.981445>)
12:01:06.054 [VehicleDeleted] ExpansionUh1h_Resistance (id=C841D5353E465B878421469A7BB2E172 pos=<1230.668213, 168.754944, 7566.981445>)
12:01:41.621 [Party] Player "daddy_kt06" (id=p8BJtCkPdMj4ZVYbNs7tJidYP0mOqJWQltw-Flz63MM=) joinded the party "kt06" (id=2 ownerUID=p8BJtCkPdMj4ZVYbNs7tJidYP0mOqJWQltw-Flz63MM= ownerName=daddy_kt06)
12:02:39.027 [Party] Player "j420" (id=bBw_D3S9A1Q9QDB8rzokX6lqvwo5tNiEzsI52YAjy_0=) joinded the party "kt06" (id=2 ownerUID=p8BJtCkPdMj4ZVYbNs7tJidYP0mOqJWQltw-Flz63MM= ownerName=daddy_kt06)
12:03:00.480 [VehicleDestroyed] ExpansionUh1h_Medical (id=6D8D0068F943E40EAF7DD79DFEFF3B15 pos=<1227.723755, 169.337097, 7566.595703>)
12:06:47.937 [MissionAirdrop] An airdrop is heading towards "Karlin" (pos=<9975.000000, 0.000000, 7242.000000> type=Random_Karlin) with a ExpansionAirdropContainer
12:07:07.933 [MissionAirdrop] An airdrop is heading towards "Brena" (pos=<6692.000000, 0.000000, 11442.000000> type=Random_Brena) with a ExpansionAirdropContainer_Military
12:08:54.753 [VehicleDeleted] ExpansionUh1h_Medical (id=6D8D0068F943E40EAF7DD79DFEFF3B15 pos=<1230.957520, 168.753601, 7566.898438>)
12:10:39.281 [VehicleDestroyed] ExpansionUh1h_Uber (id=BBD04A9B9F41404A040A2EBB2ED7F9CD pos=<1227.745239, 169.336716, 7566.602539>)
12:11:52.714 [AI Patrol] Spawning 3 Shamans bots at <9175.730469, 211.261322, 10842.142578>
12:16:26.011 [Party] Player "j420" (id=bBw_D3S9A1Q9QDB8rzokX6lqvwo5tNiEzsI52YAjy_0=) left the party "kt06" (id=2 ownerUID=p8BJtCkPdMj4ZVYbNs7tJidYP0mOqJWQltw-Flz63MM= ownerName=daddy_kt06)
12:16:32.167 [VehicleDeleted] ExpansionUh1h_Uber (id=BBD04A9B9F41404A040A2EBB2ED7F9CD pos=<1231.120361, 168.754425, 7566.844238>)
12:18:29.160 [Party] Player "daddy_kt06" (id=p8BJtCkPdMj4ZVYbNs7tJidYP0mOqJWQltw-Flz63MM=) left the party "kt06" (id=2 ownerUID=p8BJtCkPdMj4ZVYbNs7tJidYP0mOqJWQltw-Flz63MM= ownerName=daddy_kt06)
12:18:42.121 [VehicleDestroyed] ExpansionUh1h_Medical (id=59AAF15CBE4F18B0DF6B1DA0E3639DC3 pos=<7924.899414, 169.411499, 11833.653320>)
13:35:37.097 [Party] Player "j420" (id=bBw_D3S9A1Q9QDB8rzokX6lqvwo5tNiEzsI52YAjy_0=) joinded the party "kt06" (id=2 ownerUID=p8BJtCkPdMj4ZVYbNs7tJidYP0mOqJWQltw-Flz63MM= ownerName=daddy_kt06)
13:35:42.031 [MissionAirdrop] An airdrop is heading towards "Karlin" (pos=<9975.000000, 0.000000, 7242.000000> type=Random_Karlin) with a ExpansionAirdropContainer
13:35:52.031 [MissionAirdrop] An airdrop is heading towards "NWAF" (pos=<3478.000000, 0.000000, 10130.000000> type=Random_NWAF) with a ExpansionAirdropContainer_Basebuilding
13:36:09.332 [SpawnSelection] Player "j420" (id=bBw_D3S9A1Q9QDB8rzokX6lqvwo5tNiEzsI52YAjy_0=) spawned at <6237.983398, 170.833481, 10880.137695>
13:36:09.480 [AI Patrol] Spawning 3 Shamans bots at <6765.810547, 173.923706, 11131.052734>
13:40:38.867 [VehicleDeleted] ExpansionUh1h_Medical (id=59AAF15CBE4F18B0DF6B1DA0E3639DC3 pos=<7924.881836, 169.440689, 11833.545898>)
13:41:56.492 [VehicleDestroyed] ExpansionUh1h (id=B1A498EBB7463E14A6361C85D4D27183 pos=<7924.661621, 169.324738, 11833.767578>)
13:44:44.914 [Party] Player "j420" (id=bBw_D3S9A1Q9QDB8rzokX6lqvwo5tNiEzsI52YAjy_0=) joinded the party "kt06" (id=2 ownerUID=p8BJtCkPdMj4ZVYbNs7tJidYP0mOqJWQltw-Flz63MM= ownerName=daddy_kt06)
13:44:49.296 [SpawnSelection] Player "j420" (id=bBw_D3S9A1Q9QDB8rzokX6lqvwo5tNiEzsI52YAjy_0=) spawned at <7015.449219, 172.516708, 11113.072266>
13:47:49.265 [VehicleDeleted] ExpansionUh1h (id=B1A498EBB7463E14A6361C85D4D27183 pos=<7924.447754, 169.320862, 11833.716797>)
13:49:59.195 [VehicleDestroyed] ExpansionUh1h_Resistance (id=83BA2EE9424EACCCFB26AEBCA207C2B3 pos=<1227.745117, 169.336807, 7566.603027>)
13:54:16.097 [Party] Player "j420" (id=bBw_D3S9A1Q9QDB8rzokX6lqvwo5tNiEzsI52YAjy_0=) joinded the party "kt06" (id=2 ownerUID=p8BJtCkPdMj4ZVYbNs7tJidYP0mOqJWQltw-Flz63MM= ownerName=daddy_kt06)
13:54:20.382 [SpawnSelection] Player "j420" (id=bBw_D3S9A1Q9QDB8rzokX6lqvwo5tNiEzsI52YAjy_0=) spawned at <7015.449219, 172.516708, 11113.072266>
13:55:53.464 [VehicleDeleted] ExpansionUh1h_Resistance (id=83BA2EE9424EACCCFB26AEBCA207C2B3 pos=<1231.104980, 168.747910, 7566.874512>)
13:57:37.992 [VehicleDestroyed] ExpansionUh1h_Uber (id=C700C6B5A54083C9A7AB689677717F98 pos=<1227.745117, 169.336761, 7566.603027>)
14:03:30.769 [VehicleDeleted] ExpansionUh1h_Uber (id=C700C6B5A54083C9A7AB689677717F98 pos=<1231.110840, 168.751572, 7566.857910>)
14:05:40.695 [VehicleDestroyed] ExpansionUh1h (id=898A732CC94685AD08E268A83F2E6D3E pos=<1227.691284, 169.341522, 7566.564453>)
14:11:34.972 [VehicleDeleted] ExpansionUh1h (id=898A732CC94685AD08E268A83F2E6D3E pos=<1230.894897, 168.752487, 7566.922363>)
14:13:19.500 [VehicleDestroyed] ExpansionUh1h_Medical (id=35F1A1ED0A411CCF91D6C6B21BAD8E83 pos=<1227.745239, 169.336655, 7566.603027>)
14:19:12.273 [VehicleDeleted] ExpansionUh1h_Medical (id=35F1A1ED0A411CCF91D6C6B21BAD8E83 pos=<1231.086670, 168.747604, 7566.881836>)
14:21:22.226 [VehicleDestroyed] ExpansionUh1h (id=2A04FE9FCC4C33A15709F7948F7C6A4A pos=<7924.867676, 169.402267, 11833.556641>)
14:27:16.476 [VehicleDeleted] ExpansionUh1h (id=2A04FE9FCC4C33A15709F7948F7C6A4A pos=<7924.978027, 169.453644, 11833.566406>)
14:29:01.000 [VehicleDestroyed] ExpansionUh1h_Resistance (id=34B51FA73A4F401D69F5409DF6BA65E8 pos=<7924.665527, 169.406143, 11833.800781>)
14:34:53.773 [VehicleDeleted] ExpansionUh1h_Resistance (id=34B51FA73A4F401D69F5409DF6BA65E8 pos=<7925.122070, 169.063873, 11835.400391>)
14:37:03.726 [VehicleDestroyed] ExpansionUh1h_Uber (id=00B1BA042D4F3B074AC36BB2399FFB09 pos=<7924.935547, 169.407135, 11833.595703>)
14:42:57.980 [VehicleDeleted] ExpansionUh1h_Uber (id=00B1BA042D4F3B074AC36BB2399FFB09 pos=<7924.950195, 169.456253, 11833.533203>)
14:44:26.937 [Party] Player "j420" (id=bBw_D3S9A1Q9QDB8rzokX6lqvwo5tNiEzsI52YAjy_0=) left the party "kt06" (id=2 ownerUID=p8BJtCkPdMj4ZVYbNs7tJidYP0mOqJWQltw-Flz63MM= ownerName=daddy_kt06)
14:44:42.511 [VehicleDestroyed] ExpansionUh1h_Medical (id=4ED2713CC347DAEE43FD27A4BEED8EC4 pos=<7924.620117, 169.597260, 11833.885742>)
14:49:34.203 [Party] Player "j420" (id=bBw_D3S9A1Q9QDB8rzokX6lqvwo5tNiEzsI52YAjy_0=) joinded the party "kt06" (id=2 ownerUID=p8BJtCkPdMj4ZVYbNs7tJidYP0mOqJWQltw-Flz63MM= ownerName=daddy_kt06)
14:54:36.011 [VehicleDeleted] ExpansionUh1h_Medical (id=4ED2713CC347DAEE43FD27A4BEED8EC4 pos=<7924.347168, 169.291916, 11833.619141>)
14:56:19.039 [VehicleDestroyed] ExpansionUh1h (id=9A0B5286F741813B51185CB33EFFE27A pos=<7924.679688, 169.624817, 11833.743164>)
15:02:13.312 [VehicleDeleted] ExpansionUh1h (id=9A0B5286F741813B51185CB33EFFE27A pos=<7924.277832, 169.330948, 11833.388672>)
15:02:59.132 [MissionAirdrop] An airdrop is heading towards "Topolin" (pos=<1367.000000, 0.000000, 7057.000000> type=Random_Topolin) with a ExpansionAirdropContainer_Basebuilding
15:03:39.132 [MissionAirdrop] An airdrop is heading towards "Muratyn" (pos=<4559.000000, 0.000000, 6852.000000> type=Random_Muratyn) with a ExpansionAirdropContainer_Medical
15:03:57.839 [VehicleDestroyed] ExpansionUh1h_Resistance (id=EBA70D9E3146F4FE7AFBEDABD3EC93E7 pos=<7924.508789, 169.295761, 11834.034180>)
15:09:50.609 [VehicleDeleted] ExpansionUh1h_Resistance (id=EBA70D9E3146F4FE7AFBEDABD3EC93E7 pos=<7924.802734, 168.992294, 11835.446289>)
15:12:00.550 [VehicleDestroyed] ExpansionUh1h_Medical (id=693426FD634A368CA5F084B271BDE6F1 pos=<7924.844727, 169.519501, 11833.721680>)
15:17:54.820 [VehicleDeleted] ExpansionUh1h_Medical (id=693426FD634A368CA5F084B271BDE6F1 pos=<7924.980469, 169.439667, 11833.554688>)
15:19:39.347 [VehicleDestroyed] ExpansionUh1h_Resistance (id=4F203DB1204E28AAEE823387130AC239 pos=<7924.792969, 169.409058, 11833.740234>)
15:25:32.125 [VehicleDeleted] ExpansionUh1h_Resistance (id=4F203DB1204E28AAEE823387130AC239 pos=<7924.797363, 169.408569, 11833.616211>)
15:25:41.234 [VehicleEnter] Player j420 [uid=bBw_D3S9A1Q9QDB8rzokX6lqvwo5tNiEzsI52YAjy_0=] entered vehicle Gunter 2 (id=D99E8060C04F2B1CF5949F98C13993D1 pos=<6798.328613, 173.824203, 11120.358398>) as driver
15:25:45.093 [VehicleEngine] Player j420 [uid=bBw_D3S9A1Q9QDB8rzokX6lqvwo5tNiEzsI52YAjy_0=] started vehicle Gunter 2 (id=D99E8060C04F2B1CF5949F98C13993D1 pos=<6798.328613, 173.824203, 11120.358398>)
15:25:53.921 [VehicleLeave] Player j420 [uid=bBw_D3S9A1Q9QDB8rzokX6lqvwo5tNiEzsI52YAjy_0=] left vehicle Gunter 2 (id=D99E8060C04F2B1CF5949F98C13993D1 pos=<6800.953613, 173.858170, 11122.511719>)
15:27:19.218 [VehicleEnter] Player j420 [uid=bBw_D3S9A1Q9QDB8rzokX6lqvwo5tNiEzsI52YAjy_0=] entered vehicle Gunter 2 (id=D99E8060C04F2B1CF5949F98C13993D1 pos=<6800.953613, 173.858200, 11122.511719>) as driver
15:27:42.050 [VehicleDestroyed] ExpansionUh1h_Medical (id=4248E4484541A298DB5E6599EC0F6666 pos=<7924.685059, 169.330963, 11833.667969>)
15:28:58.539 [VehicleEngine] Player j420 [uid=bBw_D3S9A1Q9QDB8rzokX6lqvwo5tNiEzsI52YAjy_0=] started vehicle Gunter 2 (id=D99E8060C04F2B1CF5949F98C13993D1 pos=<6800.925781, 173.858292, 11122.508789>)
15:30:07.187 [VehicleLeave] Player j420 [uid=bBw_D3S9A1Q9QDB8rzokX6lqvwo5tNiEzsI52YAjy_0=] left vehicle Gunter 2 (id=D99E8060C04F2B1CF5949F98C13993D1 pos=<6447.957520, 175.734940, 10882.391602>)
15:32:33.671 [VehicleEnter] Player j420 [uid=bBw_D3S9A1Q9QDB8rzokX6lqvwo5tNiEzsI52YAjy_0=] entered vehicle Gunter 2 (id=D99E8060C04F2B1CF5949F98C13993D1 pos=<6447.957520, 175.734924, 10882.391602>) as driver
15:32:36.519 [VehicleEngine] Player j420 [uid=bBw_D3S9A1Q9QDB8rzokX6lqvwo5tNiEzsI52YAjy_0=] started vehicle Gunter 2 (id=D99E8060C04F2B1CF5949F98C13993D1 pos=<6447.957520, 175.735016, 10882.391602>)
15:33:36.324 [VehicleDeleted] ExpansionUh1h_Medical (id=4248E4484541A298DB5E6599EC0F6666 pos=<7920.946289, 168.584930, 11833.897461>)
15:33:56.238 [VehicleLeave] Player j420 [uid=bBw_D3S9A1Q9QDB8rzokX6lqvwo5tNiEzsI52YAjy_0=] left vehicle Gunter 2 (id=D99E8060C04F2B1CF5949F98C13993D1 pos=<6287.416992, 180.557465, 10431.394531>)
15:35:20.851 [VehicleDestroyed] ExpansionUh1h (id=F5580EACD8480B2CAA4E1696715D2F83 pos=<7924.603027, 169.547928, 11834.019531>)
15:37:36.289 [Party] Player "daddy_kt06" (id=p8BJtCkPdMj4ZVYbNs7tJidYP0mOqJWQltw-Flz63MM=) joinded the party "kt06" (id=2 ownerUID=p8BJtCkPdMj4ZVYbNs7tJidYP0mOqJWQltw-Flz63MM= ownerName=daddy_kt06)
15:38:36.843 [VehicleEnter] Player j420 [uid=bBw_D3S9A1Q9QDB8rzokX6lqvwo5tNiEzsI52YAjy_0=] entered vehicle Gunter 2 (id=D99E8060C04F2B1CF5949F98C13993D1 pos=<6287.416992, 180.557541, 10431.394531>) as driver
15:38:39.640 [VehicleEngine] Player j420 [uid=bBw_D3S9A1Q9QDB8rzokX6lqvwo5tNiEzsI52YAjy_0=] started vehicle Gunter 2 (id=D99E8060C04F2B1CF5949F98C13993D1 pos=<6287.416992, 180.557541, 10431.394531>)
15:41:04.812 [VehicleLeave] Player j420 [uid=bBw_D3S9A1Q9QDB8rzokX6lqvwo5tNiEzsI52YAjy_0=] left vehicle Gunter 2 (id=D99E8060C04F2B1CF5949F98C13993D1 pos=<6726.492188, 177.534988, 10855.929688>)
15:41:10.093 [Party] Player "daddy_kt06" (id=p8BJtCkPdMj4ZVYbNs7tJidYP0mOqJWQltw-Flz63MM=) joinded the party "kt06" (id=2 ownerUID=p8BJtCkPdMj4ZVYbNs7tJidYP0mOqJWQltw-Flz63MM= ownerName=daddy_kt06)
15:41:14.800 [SpawnSelection] Player "daddy_kt06" (id=p8BJtCkPdMj4ZVYbNs7tJidYP0mOqJWQltw-Flz63MM=) spawned at <3243.989258, 250.724686, 11933.792969>
15:41:40.601 [VehicleDeleted] ExpansionUh1h (id=F5580EACD8480B2CAA4E1696715D2F83 pos=<7924.792480, 169.313095, 11833.892578>)
15:41:42.914 [VehicleEnter] Player j420 [uid=bBw_D3S9A1Q9QDB8rzokX6lqvwo5tNiEzsI52YAjy_0=] entered vehicle Gunter 2 (id=D99E8060C04F2B1CF5949F98C13993D1 pos=<6726.492676, 177.534988, 10855.929688>) as driver
15:41:47.351 [VehicleEngine] Player j420 [uid=bBw_D3S9A1Q9QDB8rzokX6lqvwo5tNiEzsI52YAjy_0=] started vehicle Gunter 2 (id=D99E8060C04F2B1CF5949F98C13993D1 pos=<6726.492676, 177.534988, 10855.928711>)
15:43:10.722 [Party] Player "daddy_kt06" (id=p8BJtCkPdMj4ZVYbNs7tJidYP0mOqJWQltw-Flz63MM=) joinded the party "kt06" (id=2 ownerUID=p8BJtCkPdMj4ZVYbNs7tJidYP0mOqJWQltw-Flz63MM= ownerName=daddy_kt06)
15:43:16.804 [SpawnSelection] Player "daddy_kt06" (id=p8BJtCkPdMj4ZVYbNs7tJidYP0mOqJWQltw-Flz63MM=) spawned at <8553.800781, 187.723114, 12174.582031>
15:45:02.578 [VehicleLeave] Player j420 [uid=bBw_D3S9A1Q9QDB8rzokX6lqvwo5tNiEzsI52YAjy_0=] left vehicle Gunter 2 (id=D99E8060C04F2B1CF5949F98C13993D1 pos=<8020.489746, 174.122910, 11756.629883>)
15:46:08.738 [VehicleEnter] Player j420 [uid=bBw_D3S9A1Q9QDB8rzokX6lqvwo5tNiEzsI52YAjy_0=] entered vehicle Gunter 2 (id=D99E8060C04F2B1CF5949F98C13993D1 pos=<8020.481445, 174.122925, 11756.625000>) as driver
15:47:54.144 [VehicleDestroyed] ExpansionUh1h_Resistance (id=483E5990A640406D4B6FF880A31B9821 pos=<7924.809082, 169.571381, 11833.804688>)
15:48:10.390 [VehicleEngine] Player j420 [uid=bBw_D3S9A1Q9QDB8rzokX6lqvwo5tNiEzsI52YAjy_0=] stopped vehicle Gunter 2 (id=D99E8060C04F2B1CF5949F98C13993D1 pos=<8407.899414, 203.070724, 11255.382813>)
15:48:36.296 [VehicleLeave] Player j420 [uid=bBw_D3S9A1Q9QDB8rzokX6lqvwo5tNiEzsI52YAjy_0=] left vehicle Gunter 2 (id=D99E8060C04F2B1CF5949F98C13993D1 pos=<8407.900391, 203.070602, 11255.380859>)
15:50:21.414 [VehicleEnter] Player daddy_kt06 [uid=p8BJtCkPdMj4ZVYbNs7tJidYP0mOqJWQltw-Flz63MM=] entered vehicle Gunter 2 (id=D99E8060C04F2B1CF5949F98C13993D1 pos=<8407.900391, 203.070618, 11255.380859>) as driver
15:50:25.082 [VehicleEngine] Player daddy_kt06 [uid=p8BJtCkPdMj4ZVYbNs7tJidYP0mOqJWQltw-Flz63MM=] started vehicle Gunter 2 (id=D99E8060C04F2B1CF5949F98C13993D1 pos=<8407.900391, 203.070663, 11255.380859>)
15:50:33.320 [VehicleEnter] Player j420 [uid=bBw_D3S9A1Q9QDB8rzokX6lqvwo5tNiEzsI52YAjy_0=] entered vehicle Gunter 2 (id=D99E8060C04F2B1CF5949F98C13993D1 pos=<8407.901367, 203.070602, 11255.379883>) as passenger
15:51:49.316 [VehicleEngine] Player daddy_kt06 [uid=p8BJtCkPdMj4ZVYbNs7tJidYP0mOqJWQltw-Flz63MM=] stopped vehicle Gunter 2 (id=D99E8060C04F2B1CF5949F98C13993D1 pos=<8201.752930, 204.070648, 11079.084961>)
15:51:52.789 [VehicleLeave] Player j420 [uid=bBw_D3S9A1Q9QDB8rzokX6lqvwo5tNiEzsI52YAjy_0=] left vehicle Gunter 2 (id=D99E8060C04F2B1CF5949F98C13993D1 pos=<8201.752930, 204.070526, 11079.084961>)
15:51:52.984 [VehicleLeave] Player daddy_kt06 [uid=p8BJtCkPdMj4ZVYbNs7tJidYP0mOqJWQltw-Flz63MM=] left vehicle Gunter 2 (id=D99E8060C04F2B1CF5949F98C13993D1 pos=<8201.752930, 204.070557, 11079.084961>)
15:53:46.917 [VehicleDeleted] ExpansionUh1h_Resistance (id=483E5990A640406D4B6FF880A31B9821 pos=<7924.982422, 169.427063, 11833.594727>)
15:54:52.714 [VehicleEnter] Player daddy_kt06 [uid=p8BJtCkPdMj4ZVYbNs7tJidYP0mOqJWQltw-Flz63MM=] entered vehicle Gunter 2 (id=D99E8060C04F2B1CF5949F98C13993D1 pos=<8201.563477, 204.060104, 11079.178711>) as driver
15:54:54.257 [VehicleEngine] Player daddy_kt06 [uid=p8BJtCkPdMj4ZVYbNs7tJidYP0mOqJWQltw-Flz63MM=] started vehicle Gunter 2 (id=D99E8060C04F2B1CF5949F98C13993D1 pos=<8201.563477, 204.060059, 11079.178711>)
15:55:27.562 [Party] Player "daddy_kt06" (id=p8BJtCkPdMj4ZVYbNs7tJidYP0mOqJWQltw-Flz63MM=) joinded the party "kt06" (id=2 ownerUID=p8BJtCkPdMj4ZVYbNs7tJidYP0mOqJWQltw-Flz63MM= ownerName=daddy_kt06)
15:55:34.195 [SpawnSelection] Player "daddy_kt06" (id=p8BJtCkPdMj4ZVYbNs7tJidYP0mOqJWQltw-Flz63MM=) spawned at <8553.800781, 187.723114, 12174.582031>
15:55:56.871 [VehicleDestroyed] ExpansionUh1h_Uber (id=F2F1C4DE5D4D5CCF184AAC9280E47D64 pos=<7924.635254, 169.560196, 11834.052734>)
15:56:03.363 [AI Patrol] Spawning 3 Shamans bots at <7798.462402, 339.440002, 10112.213867>
16:01:51.144 [VehicleDeleted] ExpansionUh1h_Uber (id=F2F1C4DE5D4D5CCF184AAC9280E47D64 pos=<7924.833496, 169.313110, 11833.924805>)
16:03:24.984 [Party] Player "j420" (id=bBw_D3S9A1Q9QDB8rzokX6lqvwo5tNiEzsI52YAjy_0=) left the party "kt06" (id=2 ownerUID=p8BJtCkPdMj4ZVYbNs7tJidYP0mOqJWQltw-Flz63MM= ownerName=daddy_kt06)
16:03:34.726 [VehicleEnter] Player daddy_kt06 [uid=p8BJtCkPdMj4ZVYbNs7tJidYP0mOqJWQltw-Flz63MM=] entered vehicle Gunter 2 (id=D99E8060C04F2B1CF5949F98C13993D1 pos=<8202.456055, 204.008789, 11079.293945>) as driver
16:03:35.679 [VehicleDestroyed] ExpansionUh1h_Uber (id=06C2F43F1A4875BDDD99A0B1C9DC6E1E pos=<1227.691040, 169.341309, 7566.563965>)
16:03:36.195 [VehicleEngine] Player daddy_kt06 [uid=p8BJtCkPdMj4ZVYbNs7tJidYP0mOqJWQltw-Flz63MM=] started vehicle Gunter 2 (id=D99E8060C04F2B1CF5949F98C13993D1 pos=<8202.456055, 204.008987, 11079.293945>)
16:03:44.812 [VehicleLeave] Player daddy_kt06 [uid=p8BJtCkPdMj4ZVYbNs7tJidYP0mOqJWQltw-Flz63MM=] left vehicle Gunter 2 (id=D99E8060C04F2B1CF5949F98C13993D1 pos=<8202.457031, 204.009384, 11079.293945>)
16:04:55.125 [Party] Player "j420" (id=bBw_D3S9A1Q9QDB8rzokX6lqvwo5tNiEzsI52YAjy_0=) joinded the party "kt06" (id=2 ownerUID=p8BJtCkPdMj4ZVYbNs7tJidYP0mOqJWQltw-Flz63MM= ownerName=daddy_kt06)
16:05:30.605 [Party] Player "daddy_kt06" (id=p8BJtCkPdMj4ZVYbNs7tJidYP0mOqJWQltw-Flz63MM=) joinded the party "kt06" (id=2 ownerUID=p8BJtCkPdMj4ZVYbNs7tJidYP0mOqJWQltw-Flz63MM= ownerName=daddy_kt06)
16:05:37.980 [SpawnSelection] Player "daddy_kt06" (id=p8BJtCkPdMj4ZVYbNs7tJidYP0mOqJWQltw-Flz63MM=) spawned at <8590.466797, 172.585556, 11946.450195>
16:09:28.453 [VehicleDeleted] ExpansionUh1h_Uber (id=06C2F43F1A4875BDDD99A0B1C9DC6E1E pos=<1230.969238, 168.756683, 7566.882813>)
16:11:38.378 [VehicleDestroyed] ExpansionUh1h_Uber (id=E6D83608C04DCC64B34FA4AF1F92446D pos=<1227.690918, 169.341354, 7566.563965>)
16:17:32.648 [VehicleDeleted] ExpansionUh1h_Uber (id=E6D83608C04DCC64B34FA4AF1F92446D pos=<1230.882446, 168.752289, 7566.926270>)
16:19:17.179 [VehicleDestroyed] ExpansionUh1h_Medical (id=83D62E03FB4BCA7AC18268B0E87E7B0A pos=<1227.745728, 169.336700, 7566.602539>)
16:25:09.953 [VehicleDeleted] ExpansionUh1h_Medical (id=83D62E03FB4BCA7AC18268B0E87E7B0A pos=<1231.103394, 168.753250, 7566.854004>)
16:27:19.878 [VehicleDestroyed] ExpansionUh1h_Medical (id=5878E30DBE49D9F3FA70D4BE6E441BCF pos=<1227.691040, 169.341293, 7566.563965>)
16:29:00.179 [MissionAirdrop] An airdrop is heading towards "Zapadlisko" (pos=<8399.000000, 0.000000, 8803.000000> type=Random_Zapadlisko) with a ExpansionAirdropContainer_Basebuilding
16:29:20.179 [MissionAirdrop] An airdrop is heading towards "Radunin" (pos=<7209.000000, 0.000000, 6073.000000> type=Random_Radunin) with a ExpansionAirdropContainer
16:33:14.152 [VehicleDeleted] ExpansionUh1h_Medical (id=5878E30DBE49D9F3FA70D4BE6E441BCF pos=<1230.879150, 168.753387, 7566.923828>)
16:34:58.746 [VehicleDestroyed] ExpansionUh1h_Medical (id=533AE9623C41699639665D9DC8FF417A pos=<1227.745728, 169.336807, 7566.602539>)
16:35:26.429 [SpawnSelection] Player "ACEJOE22" (id=mBw6n0bDTvXbhT18774VV4ct6ETAGsI_ijL3KUaP-0o=) spawned at <6237.983398, 170.833481, 10880.137695>
16:38:37.683 [Party] Player "j420" (id=bBw_D3S9A1Q9QDB8rzokX6lqvwo5tNiEzsI52YAjy_0=) left the party "kt06" (id=2 ownerUID=p8BJtCkPdMj4ZVYbNs7tJidYP0mOqJWQltw-Flz63MM= ownerName=daddy_kt06)
16:40:03.472 [Party] Player "j420" (id=bBw_D3S9A1Q9QDB8rzokX6lqvwo5tNiEzsI52YAjy_0=) joinded the party "kt06" (id=2 ownerUID=p8BJtCkPdMj4ZVYbNs7tJidYP0mOqJWQltw-Flz63MM= ownerName=daddy_kt06)
16:40:51.562 [VehicleDeleted] ExpansionUh1h_Medical (id=533AE9623C41699639665D9DC8FF417A pos=<1231.106812, 168.753281, 7566.853027>)
16:43:01.496 [VehicleDestroyed] ExpansionUh1h_Resistance (id=0A43E172AD44CEF537B93FA4695F483F pos=<1227.690796, 169.341461, 7566.563965>)
16:48:55.773 [VehicleDeleted] ExpansionUh1h_Resistance (id=0A43E172AD44CEF537B93FA4695F483F pos=<1230.990356, 168.747803, 7566.911133>)
16:49:39.042 [Party] Player "j420" (id=bBw_D3S9A1Q9QDB8rzokX6lqvwo5tNiEzsI52YAjy_0=) left the party "kt06" (id=2 ownerUID=p8BJtCkPdMj4ZVYbNs7tJidYP0mOqJWQltw-Flz63MM= ownerName=daddy_kt06)
16:50:40.300 [VehicleDestroyed] ExpansionUh1h_Uber (id=7A79893E794F5949FC9BF386408DB86B pos=<7924.578125, 169.511597, 11834.260742>)
16:53:06.218 [Party] Player "j420" (id=bBw_D3S9A1Q9QDB8rzokX6lqvwo5tNiEzsI52YAjy_0=) joinded the party "kt06" (id=2 ownerUID=p8BJtCkPdMj4ZVYbNs7tJidYP0mOqJWQltw-Flz63MM= ownerName=daddy_kt06)
16:54:30.476 [AI Patrol] Spawning 3 Shamans bots at <9416.581055, 238.201309, 10505.862305>
16:55:16.605 [Party] Player "daddy_kt06" (id=p8BJtCkPdMj4ZVYbNs7tJidYP0mOqJWQltw-Flz63MM=) invited the player "ACEJOE22" (id=mBw6n0bDTvXbhT18774VV4ct6ETAGsI_ijL3KUaP-0o=)to the party named kt06
16:55:44.761 [Party] Player "ACEJOE22" (id=mBw6n0bDTvXbhT18774VV4ct6ETAGsI_ijL3KUaP-0o=) joinded the party "kt06" (id=2 ownerUID=p8BJtCkPdMj4ZVYbNs7tJidYP0mOqJWQltw-Flz63MM= ownerName=daddy_kt06)
16:56:33.070 [VehicleDeleted] ExpansionUh1h_Uber (id=7A79893E794F5949FC9BF386408DB86B pos=<7924.760742, 169.265732, 11834.082031>)
16:58:43.000 [VehicleDestroyed] ExpansionUh1h_Medical (id=30E7C375FC421B9CD6500E89983F9842 pos=<1227.690308, 169.341370, 7566.563965>)
17:02:55.304 [AI Patrol] Spawning 3 Shamans bots at <4292.780762, 238.160004, 10583.947266>
17:04:37.281 [VehicleDeleted] ExpansionUh1h_Medical (id=30E7C375FC421B9CD6500E89983F9842 pos=<1230.892944, 168.752274, 7566.923340>)
17:06:21.808 [VehicleDestroyed] ExpansionUh1h_Uber (id=652DC0976149FA98675389BD108833A8 pos=<7924.603027, 169.423157, 11833.857422>)
17:06:38.945 [AI Patrol] Spawning 3 Shamans bots at <4071.694336, 238.160004, 10191.677734>
17:12:14.609 [VehicleDeleted] ExpansionUh1h_Uber (id=652DC0976149FA98675389BD108833A8 pos=<7925.167969, 169.073547, 11835.399414>)
17:14:24.539 [VehicleDestroyed] ExpansionUh1h_Resistance (id=31FDA397F84DC47E1F8160A7EC0346C4 pos=<1227.744751, 169.336929, 7566.603027>)
17:20:18.812 [VehicleDeleted] ExpansionUh1h_Resistance (id=31FDA397F84DC47E1F8160A7EC0346C4 pos=<1230.991943, 168.747681, 7566.910645>)
17:22:03.343 [VehicleDestroyed] ExpansionUh1h_Medical (id=1324F3B4344D0EB80D6CA7B256290A0D pos=<1227.735718, 169.337097, 7566.599609>)
17:27:56.113 [VehicleDeleted] ExpansionUh1h_Medical (id=1324F3B4344D0EB80D6CA7B256290A0D pos=<1231.084473, 168.746948, 7566.884277>)
17:30:06.039 [VehicleDestroyed] ExpansionUh1h_Medical (id=62FAAB31B34CC0F5F0D6F19F8C01F20F pos=<1227.723999, 169.337204, 7566.596680>)
17:36:00.312 [VehicleDeleted] ExpansionUh1h_Medical (id=62FAAB31B34CC0F5F0D6F19F8C01F20F pos=<1230.954346, 168.759598, 7566.875488>)
17:37:44.843 [VehicleDestroyed] ExpansionUh1h (id=BAC51E23C44821DEB81CA7A2DBC9895C pos=<1227.713501, 169.341263, 7566.572266>)
17:43:37.613 [VehicleDeleted] ExpansionUh1h (id=BAC51E23C44821DEB81CA7A2DBC9895C pos=<1230.993164, 168.760895, 7566.858398>)
17:45:47.539 [VehicleDestroyed] ExpansionUh1h_Medical (id=8F9C56F1744BC7DC269EA18E39864EFF pos=<7924.763672, 169.290222, 11833.849609>)
17:51:41.812 [VehicleDeleted] ExpansionUh1h_Medical (id=8F9C56F1744BC7DC269EA18E39864EFF pos=<7924.489746, 169.271347, 11833.972656>)
17:53:26.343 [VehicleDestroyed] ExpansionUh1h_Uber (id=EA534D09DB4D81EAEB4BF1BDFE2E384B pos=<1227.726074, 169.336960, 7566.598145>)
17:55:39.226 [MissionAirdrop] An airdrop is heading towards "Nadbor" (pos=<5996.000000, 0.000000, 4513.000000> type=Random_Nadbor) with a ExpansionAirdropContainer_Medical
17:55:49.226 [MissionAirdrop] An airdrop is heading towards "Radunin" (pos=<7209.000000, 0.000000, 6073.000000> type=Random_Radunin) with a ExpansionAirdropContainer
17:59:15.101 [Party] Player "j420" (id=bBw_D3S9A1Q9QDB8rzokX6lqvwo5tNiEzsI52YAjy_0=) left the party "kt06" (id=2 ownerUID=p8BJtCkPdMj4ZVYbNs7tJidYP0mOqJWQltw-Flz63MM= ownerName=daddy_kt06)
17:59:15.105 [Party] Player "ACEJOE22" (id=mBw6n0bDTvXbhT18774VV4ct6ETAGsI_ijL3KUaP-0o=) left the party "kt06" (id=2 ownerUID=p8BJtCkPdMj4ZVYbNs7tJidYP0mOqJWQltw-Flz63MM= ownerName=daddy_kt06)
17:59:15.109 [Party] Player "daddy_kt06" (id=p8BJtCkPdMj4ZVYbNs7tJidYP0mOqJWQltw-Flz63MM=) left the party "kt06" (id=2 ownerUID=p8BJtCkPdMj4ZVYbNs7tJidYP0mOqJWQltw-Flz63MM= ownerName=daddy_kt06)
17:59:19.140 [VehicleDeleted] ExpansionUh1h_Uber (id=EA534D09DB4D81EAEB4BF1BDFE2E384B pos=<1230.937988, 168.748016, 7566.925781>)
