18:00:58.421 [VehicleDestroyed] ExpansionUh1h_Uber (id=0BDAF4F7B247325DDD2A528FDD82B998 pos=<1230.808472, 168.747391, 7566.968750>)
18:00:59.187 [VehicleDeleted] ExpansionUh1h_Uber (id=EA534D09DB4D81EAEB4BF1BDFE2E384B pos=<1230.808472, 168.747391, 7566.968750>)
18:02:52.269 [Party] Player "j420" (id=bBw_D3S9A1Q9QDB8rzokX6lqvwo5tNiEzsI52YAjy_0=) joinded the party "kt06" (id=2 ownerUID=p8BJtCkPdMj4ZVYbNs7tJidYP0mOqJWQltw-Flz63MM= ownerName=daddy_kt06)
18:03:19.375 [Party] Player "ACEJOE22" (id=mBw6n0bDTvXbhT18774VV4ct6ETAGsI_ijL3KUaP-0o=) joinded the party "kt06" (id=2 ownerUID=p8BJtCkPdMj4ZVYbNs7tJidYP0mOqJWQltw-Flz63MM= ownerName=daddy_kt06)
18:03:24.710 [Party] Player "daddy_kt06" (id=p8BJtCkPdMj4ZVYbNs7tJidYP0mOqJWQltw-Flz63MM=) joinded the party "kt06" (id=2 ownerUID=p8BJtCkPdMj4ZVYbNs7tJidYP0mOqJWQltw-Flz63MM= ownerName=daddy_kt06)
18:04:12.011 [VehicleDestroyed] ExpansionUh1h (id=B0150DB2EE42217CA6F5FA8DEBD4A688 pos=<7924.347656, 169.461868, 11834.329102>)
18:05:35.210 [SpawnSelection] Player "MrBDazzler" (id=KbTeFa3kKYGqzcZV8TSKiaoNoxGVDwoJjTtulj1WEPI=) spawned at <7015.449219, 172.516708, 11113.072266>
18:05:35.367 [AI Patrol] Spawning 3 Shamans bots at <6529.963867, 174.376343, 11072.804688>
18:06:12.871 [Party] Player "daddy_kt06" (id=p8BJtCkPdMj4ZVYbNs7tJidYP0mOqJWQltw-Flz63MM=) invited the player "MrBDazzler" (id=KbTeFa3kKYGqzcZV8TSKiaoNoxGVDwoJjTtulj1WEPI=)to the party named kt06
18:06:30.261 [Party] Player "MrBDazzler" (id=KbTeFa3kKYGqzcZV8TSKiaoNoxGVDwoJjTtulj1WEPI=) joinded the party "kt06" (id=2 ownerUID=p8BJtCkPdMj4ZVYbNs7tJidYP0mOqJWQltw-Flz63MM= ownerName=daddy_kt06)
18:08:00.953 [MissionAirdrop] An airdrop is heading towards "Dolnik" (pos=<11491.000000, 0.000000, 763.000000> type=Random_Dolnik) with a ExpansionAirdropContainer_Medical
18:08:10.953 [MissionAirdrop] An airdrop is heading towards "Muratyn" (pos=<4559.000000, 0.000000, 6852.000000> type=Random_Muratyn) with a ExpansionAirdropContainer
18:09:16.121 [AI Patrol] Spawning 3 Shamans bots at <7444.616699, 226.795242, 6419.652344>
18:10:06.414 [VehicleDeleted] ExpansionUh1h (id=B0150DB2EE42217CA6F5FA8DEBD4A688 pos=<7925.001465, 169.004517, 11835.565430>)
18:10:06.996 [AI Patrol] Spawning 3 Shamans bots at <7367.065430, 226.686783, 6192.500977>
18:11:12.492 [AI Patrol] Spawning 3 Shamans bots at <7532.678223, 235.111786, 5961.083496>
18:11:50.992 [VehicleDestroyed] ExpansionUh1h (id=35881005644CD2E26B5DB9A569F16958 pos=<1227.723633, 169.337021, 7566.596680>)
18:12:03.281 [Party] Player "MrBDazzler" (id=KbTeFa3kKYGqzcZV8TSKiaoNoxGVDwoJjTtulj1WEPI=) joinded the party "kt06" (id=2 ownerUID=p8BJtCkPdMj4ZVYbNs7tJidYP0mOqJWQltw-Flz63MM= ownerName=daddy_kt06)
18:12:17.140 [SpawnSelection] Player "MrBDazzler" (id=KbTeFa3kKYGqzcZV8TSKiaoNoxGVDwoJjTtulj1WEPI=) spawned at <11212.156250, 197.501846, 11669.453125>
18:15:12.851 [AI Patrol] Spawning 3 Shamans bots at <7841.368164, 248.220871, 5917.109863>
18:15:18.023 [AI Patrol] Spawning 3 Shamans bots at <7864.736328, 251.149887, 5911.733887>
18:17:43.820 [VehicleDeleted] ExpansionUh1h (id=35881005644CD2E26B5DB9A569F16958 pos=<1230.924683, 168.750137, 7566.922363>)
18:19:53.789 [VehicleDestroyed] ExpansionUh1h_Resistance (id=1C1CD368DA4FE3D4FFE22B8776A6A028 pos=<1227.691406, 169.341568, 7566.564453>)
18:23:39.828 [Party] Player "MrBDazzler" (id=KbTeFa3kKYGqzcZV8TSKiaoNoxGVDwoJjTtulj1WEPI=) left the party "kt06" (id=2 ownerUID=p8BJtCkPdMj4ZVYbNs7tJidYP0mOqJWQltw-Flz63MM= ownerName=daddy_kt06)
18:25:48.156 [VehicleDeleted] ExpansionUh1h_Resistance (id=1C1CD368DA4FE3D4FFE22B8776A6A028 pos=<1230.991577, 168.755371, 7566.880859>)
18:26:45.179 [Party] Player "MrBDazzler" (id=KbTeFa3kKYGqzcZV8TSKiaoNoxGVDwoJjTtulj1WEPI=) joinded the party "kt06" (id=2 ownerUID=p8BJtCkPdMj4ZVYbNs7tJidYP0mOqJWQltw-Flz63MM= ownerName=daddy_kt06)
18:27:23.398 [VehicleEnter] Player ACEJOE22 [uid=mBw6n0bDTvXbhT18774VV4ct6ETAGsI_ijL3KUaP-0o=] entered vehicle Mh-6 Little Bird (id=79DB5CF28940EE809113299031611BBF pos=<8946.392578, 308.689209, 6567.774902>) as pilot
18:27:25.085 [VehicleEngine] Player ACEJOE22 [uid=mBw6n0bDTvXbhT18774VV4ct6ETAGsI_ijL3KUaP-0o=] started vehicle Mh-6 Little Bird (id=79DB5CF28940EE809113299031611BBF pos=<8946.392578, 308.689209, 6567.774902>)
18:27:32.687 [VehicleDestroyed] ExpansionUh1h (id=ED93D02D35459099CCCA828141AE5845 pos=<7924.790039, 169.282837, 11833.949219>)
18:27:57.796 [VehicleEngine] Player ACEJOE22 [uid=mBw6n0bDTvXbhT18774VV4ct6ETAGsI_ijL3KUaP-0o=] stopped vehicle Mh-6 Little Bird (id=79DB5CF28940EE809113299031611BBF pos=<8944.159180, 311.171997, 6591.495605>)
18:28:22.679 [VehicleEngine] Player ACEJOE22 [uid=mBw6n0bDTvXbhT18774VV4ct6ETAGsI_ijL3KUaP-0o=] started vehicle Mh-6 Little Bird (id=79DB5CF28940EE809113299031611BBF pos=<8946.573242, 309.850616, 6592.822266>)
18:29:05.859 [VehicleEngine] Player ACEJOE22 [uid=mBw6n0bDTvXbhT18774VV4ct6ETAGsI_ijL3KUaP-0o=] stopped vehicle Mh-6 Little Bird (id=79DB5CF28940EE809113299031611BBF pos=<8944.785156, 311.125946, 6591.771973>)
18:29:08.890 [VehicleLeave] Player ACEJOE22 [uid=mBw6n0bDTvXbhT18774VV4ct6ETAGsI_ijL3KUaP-0o=] left vehicle Mh-6 Little Bird (id=79DB5CF28940EE809113299031611BBF pos=<8944.792969, 311.124695, 6591.789063>)
18:31:14.460 [Party] Player "ACEJOE22" (id=mBw6n0bDTvXbhT18774VV4ct6ETAGsI_ijL3KUaP-0o=) joinded the party "kt06" (id=2 ownerUID=p8BJtCkPdMj4ZVYbNs7tJidYP0mOqJWQltw-Flz63MM= ownerName=daddy_kt06)
18:31:31.101 [SpawnSelection] Player "ACEJOE22" (id=mBw6n0bDTvXbhT18774VV4ct6ETAGsI_ijL3KUaP-0o=) spawned at <10999.512695, 173.887360, 11395.913086>
18:33:25.500 [VehicleDeleted] ExpansionUh1h (id=ED93D02D35459099CCCA828141AE5845 pos=<7923.139160, 169.077789, 11833.789063>)
18:35:35.437 [VehicleDestroyed] ExpansionUh1h_Resistance (id=845F1DBD2449C2DFD588C1A63B16F828 pos=<1227.723145, 169.337280, 7566.595703>)
18:41:29.726 [VehicleDeleted] ExpansionUh1h_Resistance (id=845F1DBD2449C2DFD588C1A63B16F828 pos=<1230.918335, 168.750336, 7566.923828>)
18:43:14.273 [VehicleDestroyed] ExpansionUh1h_Medical (id=2A9268ABD645FB193D26EDB88C076916 pos=<1227.745728, 169.336761, 7566.602539>)
18:49:07.085 [VehicleDeleted] ExpansionUh1h_Medical (id=2A9268ABD645FB193D26EDB88C076916 pos=<1231.093384, 168.746124, 7566.885254>)
18:51:17.015 [VehicleDestroyed] ExpansionUh1h_Medical (id=75C5B988634DFC6DBB3F87BE94CF7514 pos=<1227.723511, 169.337341, 7566.595215>)
18:57:11.320 [VehicleDeleted] ExpansionUh1h_Medical (id=75C5B988634DFC6DBB3F87BE94CF7514 pos=<1230.938110, 168.749634, 7566.919434>)
18:58:55.851 [VehicleDestroyed] ExpansionUh1h (id=F1103CC6C545CA427C79E8BAC85EEA24 pos=<1227.690674, 169.341370, 7566.563965>)
19:04:48.671 [VehicleDeleted] ExpansionUh1h (id=F1103CC6C545CA427C79E8BAC85EEA24 pos=<1230.887085, 168.751450, 7566.929199>)
19:06:58.609 [VehicleDestroyed] ExpansionUh1h_Resistance (id=B4EF2D3AA64CDB102C7CA8A29AE643E9 pos=<1227.723755, 169.337418, 7566.596191>)
19:11:48.367 [Party] Player "j420" (id=bBw_D3S9A1Q9QDB8rzokX6lqvwo5tNiEzsI52YAjy_0=) left the party "kt06" (id=2 ownerUID=p8BJtCkPdMj4ZVYbNs7tJidYP0mOqJWQltw-Flz63MM= ownerName=daddy_kt06)
19:12:52.914 [VehicleDeleted] ExpansionUh1h_Resistance (id=B4EF2D3AA64CDB102C7CA8A29AE643E9 pos=<1230.953247, 168.756744, 7566.887695>)
19:13:05.296 [Party] Player "j420" (id=bBw_D3S9A1Q9QDB8rzokX6lqvwo5tNiEzsI52YAjy_0=) joinded the party "kt06" (id=2 ownerUID=p8BJtCkPdMj4ZVYbNs7tJidYP0mOqJWQltw-Flz63MM= ownerName=daddy_kt06)
19:14:11.250 [Party] Player "ACEJOE22" (id=mBw6n0bDTvXbhT18774VV4ct6ETAGsI_ijL3KUaP-0o=) joinded the party "kt06" (id=2 ownerUID=p8BJtCkPdMj4ZVYbNs7tJidYP0mOqJWQltw-Flz63MM= ownerName=daddy_kt06)
19:14:23.304 [Party] Player "daddy_kt06" (id=p8BJtCkPdMj4ZVYbNs7tJidYP0mOqJWQltw-Flz63MM=) left the party "kt06" (id=2 ownerUID=p8BJtCkPdMj4ZVYbNs7tJidYP0mOqJWQltw-Flz63MM= ownerName=daddy_kt06)
19:14:37.445 [VehicleDestroyed] ExpansionUh1h_Uber (id=D6135A50E945622AAAB80D9BDFFB5ECB pos=<1227.690308, 169.341400, 7566.563965>)
19:15:14.398 [Party] Player "j420" (id=bBw_D3S9A1Q9QDB8rzokX6lqvwo5tNiEzsI52YAjy_0=) left the party "kt06" (id=2 ownerUID=p8BJtCkPdMj4ZVYbNs7tJidYP0mOqJWQltw-Flz63MM= ownerName=daddy_kt06)
19:15:51.492 [Party] Player "MrBDazzler" (id=KbTeFa3kKYGqzcZV8TSKiaoNoxGVDwoJjTtulj1WEPI=) left the party "kt06" (id=2 ownerUID=p8BJtCkPdMj4ZVYbNs7tJidYP0mOqJWQltw-Flz63MM= ownerName=daddy_kt06)
19:17:05.656 [SpawnSelection] Player "ACEJOE22" (id=mBw6n0bDTvXbhT18774VV4ct6ETAGsI_ijL3KUaP-0o=) spawned at <10999.512695, 173.887360, 11395.913086>
19:17:31.164 [Party] Player "ACEJOE22" (id=mBw6n0bDTvXbhT18774VV4ct6ETAGsI_ijL3KUaP-0o=) left the party "kt06" (id=2 ownerUID=p8BJtCkPdMj4ZVYbNs7tJidYP0mOqJWQltw-Flz63MM= ownerName=daddy_kt06)
19:18:22.093 [Party] Player "j420" (id=bBw_D3S9A1Q9QDB8rzokX6lqvwo5tNiEzsI52YAjy_0=) joinded the party "kt06" (id=2 ownerUID=p8BJtCkPdMj4ZVYbNs7tJidYP0mOqJWQltw-Flz63MM= ownerName=daddy_kt06)
19:18:22.492 [Party] Player "daddy_kt06" (id=p8BJtCkPdMj4ZVYbNs7tJidYP0mOqJWQltw-Flz63MM=) joinded the party "kt06" (id=2 ownerUID=p8BJtCkPdMj4ZVYbNs7tJidYP0mOqJWQltw-Flz63MM= ownerName=daddy_kt06)
19:18:30.875 [VehicleEnter] Player daddy_kt06 [uid=p8BJtCkPdMj4ZVYbNs7tJidYP0mOqJWQltw-Flz63MM=] entered vehicle Ada 4x4 (id=1214DC905C4720C706829EB0E6F25658 pos=<9834.344727, 209.553482, 8495.485352>) as driver
19:18:33.640 [Party] Player "ACEJOE22" (id=mBw6n0bDTvXbhT18774VV4ct6ETAGsI_ijL3KUaP-0o=) joinded the party "kt06" (id=2 ownerUID=p8BJtCkPdMj4ZVYbNs7tJidYP0mOqJWQltw-Flz63MM= ownerName=daddy_kt06)
19:18:40.132 [VehicleEngine] Player daddy_kt06 [uid=p8BJtCkPdMj4ZVYbNs7tJidYP0mOqJWQltw-Flz63MM=] started vehicle Ada 4x4 (id=1214DC905C4720C706829EB0E6F25658 pos=<9834.344727, 209.553482, 8495.486328>)
19:19:22.132 [VehicleEnter] Player j420 [uid=bBw_D3S9A1Q9QDB8rzokX6lqvwo5tNiEzsI52YAjy_0=] entered vehicle Ada 4x4 (id=1214DC905C4720C706829EB0E6F25658 pos=<9829.395508, 209.600693, 8548.411133>) as passenger
19:19:40.835 [Party] Player "MrBDazzler" (id=KbTeFa3kKYGqzcZV8TSKiaoNoxGVDwoJjTtulj1WEPI=) joinded the party "kt06" (id=2 ownerUID=p8BJtCkPdMj4ZVYbNs7tJidYP0mOqJWQltw-Flz63MM= ownerName=daddy_kt06)
19:19:51.562 [VehicleLeave] Player j420 [uid=bBw_D3S9A1Q9QDB8rzokX6lqvwo5tNiEzsI52YAjy_0=] left vehicle Ada 4x4 (id=1214DC905C4720C706829EB0E6F25658 pos=<9897.286133, 209.948288, 8503.162109>)
19:20:01.406 [VehicleEnter] Player MrBDazzler [uid=KbTeFa3kKYGqzcZV8TSKiaoNoxGVDwoJjTtulj1WEPI=] entered vehicle Ada 4x4 (id=1214DC905C4720C706829EB0E6F25658 pos=<9897.287109, 209.949005, 8503.163086>) as passenger
19:20:04.945 [VehicleEnter] Player j420 [uid=bBw_D3S9A1Q9QDB8rzokX6lqvwo5tNiEzsI52YAjy_0=] entered vehicle Ada 4x4 (id=1214DC905C4720C706829EB0E6F25658 pos=<9897.300781, 209.946945, 8503.165039>) as passenger
19:20:33.523 [VehicleEngine] Player daddy_kt06 [uid=p8BJtCkPdMj4ZVYbNs7tJidYP0mOqJWQltw-Flz63MM=] stopped vehicle Ada 4x4 (id=1214DC905C4720C706829EB0E6F25658 pos=<10130.352539, 224.150467, 8352.931641>)
19:20:36.773 [VehicleLeave] Player daddy_kt06 [uid=p8BJtCkPdMj4ZVYbNs7tJidYP0mOqJWQltw-Flz63MM=] left vehicle Ada 4x4 (id=1214DC905C4720C706829EB0E6F25658 pos=<10130.352539, 224.150436, 8352.931641>)
19:20:36.921 [VehicleLeave] Player j420 [uid=bBw_D3S9A1Q9QDB8rzokX6lqvwo5tNiEzsI52YAjy_0=] left vehicle Ada 4x4 (id=1214DC905C4720C706829EB0E6F25658 pos=<10130.353516, 224.150436, 8352.931641>)
19:21:05.101 [VehicleDeleted] ExpansionUh1h_Uber (id=D6135A50E945622AAAB80D9BDFFB5ECB pos=<1231.013916, 168.755524, 7566.873047>)
19:22:21.531 [VehicleEnter] Player j420 [uid=bBw_D3S9A1Q9QDB8rzokX6lqvwo5tNiEzsI52YAjy_0=] entered vehicle Ada 4x4 (id=1214DC905C4720C706829EB0E6F25658 pos=<10130.353516, 224.150436, 8352.931641>) as passenger
19:22:26.320 [VehicleLeave] Player j420 [uid=bBw_D3S9A1Q9QDB8rzokX6lqvwo5tNiEzsI52YAjy_0=] left vehicle Ada 4x4 (id=1214DC905C4720C706829EB0E6F25658 pos=<10130.353516, 224.150436, 8352.931641>)
19:22:46.898 [VehicleEnter] Player MrBDazzler [uid=KbTeFa3kKYGqzcZV8TSKiaoNoxGVDwoJjTtulj1WEPI=] switched seats in vehicle Ada 4x4 (id=1214DC905C4720C706829EB0E6F25658 pos=<10130.353516, 224.150436, 8352.931641>) to passenger
19:22:48.148 [VehicleDestroyed] ExpansionUh1h_Resistance (id=6AD5BA6E8442A65B63682B811A193927 pos=<1227.724731, 169.337021, 7566.596191>)
19:22:53.101 [VehicleLeave] Player MrBDazzler [uid=KbTeFa3kKYGqzcZV8TSKiaoNoxGVDwoJjTtulj1WEPI=] left vehicle Ada 4x4 (id=1214DC905C4720C706829EB0E6F25658 pos=<10130.353516, 224.150436, 8352.931641>)
19:27:28.132 [VehicleEnter] Player daddy_kt06 [uid=p8BJtCkPdMj4ZVYbNs7tJidYP0mOqJWQltw-Flz63MM=] entered vehicle Ada 4x4 (id=1214DC905C4720C706829EB0E6F25658 pos=<10130.353516, 224.150421, 8352.931641>) as driver
19:28:30.625 [VehicleEnter] Player MrBDazzler [uid=KbTeFa3kKYGqzcZV8TSKiaoNoxGVDwoJjTtulj1WEPI=] entered vehicle Ada 4x4 (id=1214DC905C4720C706829EB0E6F25658 pos=<10130.353516, 224.150391, 8352.931641>) as passenger
19:28:34.226 [VehicleEnter] Player j420 [uid=bBw_D3S9A1Q9QDB8rzokX6lqvwo5tNiEzsI52YAjy_0=] entered vehicle Ada 4x4 (id=1214DC905C4720C706829EB0E6F25658 pos=<10130.353516, 224.150421, 8352.931641>) as passenger
19:28:39.007 [VehicleEngine] Player daddy_kt06 [uid=p8BJtCkPdMj4ZVYbNs7tJidYP0mOqJWQltw-Flz63MM=] started vehicle Ada 4x4 (id=1214DC905C4720C706829EB0E6F25658 pos=<10130.353516, 224.150421, 8352.931641>)
19:28:42.468 [VehicleDeleted] ExpansionUh1h_Resistance (id=6AD5BA6E8442A65B63682B811A193927 pos=<1231.000977, 168.749496, 7566.900879>)
19:30:27.007 [VehicleDestroyed] ExpansionUh1h_Uber (id=26229ADDEA4FBE71CFAFF2BA7A19CEB7 pos=<1227.745361, 169.337051, 7566.602539>)
19:30:35.296 [VehicleDestroyed] OffroadHatchback (id=1214DC905C4720C706829EB0E6F25658 pos=<11624.631836, 213.667068, 7770.388672>)
19:30:45.140 [VehicleLeave] Player daddy_kt06 [uid=p8BJtCkPdMj4ZVYbNs7tJidYP0mOqJWQltw-Flz63MM=] left vehicle Ada 4x4 (id=1214DC905C4720C706829EB0E6F25658 pos=<11699.965820, 222.771149, 7765.654297>)
19:30:45.187 [VehicleLeave] Player j420 [uid=bBw_D3S9A1Q9QDB8rzokX6lqvwo5tNiEzsI52YAjy_0=] left vehicle Ada 4x4 (id=1214DC905C4720C706829EB0E6F25658 pos=<11699.965820, 222.771149, 7765.654297>)
19:30:49.953 [VehicleLeave] Player MrBDazzler [uid=KbTeFa3kKYGqzcZV8TSKiaoNoxGVDwoJjTtulj1WEPI=] left vehicle Ada 4x4 (id=1214DC905C4720C706829EB0E6F25658 pos=<11699.965820, 222.771225, 7765.654297>)
19:33:40.054 [MissionAirdrop] An airdrop is heading towards "Muratyn" (pos=<4559.000000, 0.000000, 6852.000000> type=Random_Muratyn) with a ExpansionAirdropContainer
19:33:50.054 [MissionAirdrop] An airdrop is heading towards "Gieraltow" (pos=<10899.000000, 0.000000, 4515.000000> type=Random_Gieraltow) with a ExpansionAirdropContainer
19:36:19.789 [VehicleDeleted] ExpansionUh1h_Uber (id=26229ADDEA4FBE71CFAFF2BA7A19CEB7 pos=<1231.121582, 168.753433, 7566.848145>)
19:37:02.687 [VehicleEnter] Player daddy_kt06 [uid=p8BJtCkPdMj4ZVYbNs7tJidYP0mOqJWQltw-Flz63MM=] entered vehicle Ada 4x4 (id=49DD441BDA4C4E1D5CF34F88C474DAEA pos=<11900.143555, 227.161301, 7351.457520>) as driver
19:37:04.656 [VehicleEngine] Player daddy_kt06 [uid=p8BJtCkPdMj4ZVYbNs7tJidYP0mOqJWQltw-Flz63MM=] started vehicle Ada 4x4 (id=49DD441BDA4C4E1D5CF34F88C474DAEA pos=<11900.143555, 227.161285, 7351.458008>)
19:37:09.953 [VehicleEnter] Player j420 [uid=bBw_D3S9A1Q9QDB8rzokX6lqvwo5tNiEzsI52YAjy_0=] entered vehicle Ada 4x4 (id=49DD441BDA4C4E1D5CF34F88C474DAEA pos=<11900.101563, 227.160583, 7351.490723>) as passenger
19:37:58.210 [VehicleLeave] Player j420 [uid=bBw_D3S9A1Q9QDB8rzokX6lqvwo5tNiEzsI52YAjy_0=] left vehicle Ada 4x4 (id=49DD441BDA4C4E1D5CF34F88C474DAEA pos=<11790.962891, 224.602417, 7485.007324>)
19:38:29.757 [VehicleDestroyed] ExpansionUh1h (id=8D0654D18041962C29DBABBAF9921B6F pos=<7924.808105, 169.268661, 11834.277344>)
19:38:50.273 [VehicleLeave] Player daddy_kt06 [uid=p8BJtCkPdMj4ZVYbNs7tJidYP0mOqJWQltw-Flz63MM=] left vehicle Ada 4x4 (id=49DD441BDA4C4E1D5CF34F88C474DAEA pos=<11703.253906, 222.647186, 7767.378418>)
19:39:07.398 [VehicleAttachments] Player daddy_kt06 (uid=p8BJtCkPdMj4ZVYbNs7tJidYP0mOqJWQltw-Flz63MM=) detached Ada 4x4 Wheel (type=HatchbackWheel) from vehicle Ada 4x4(id=1214DC905C4720C706829EB0E6F25658 pos=<11699.965820, 222.771194, 7765.654297>)
19:40:06.210 [VehicleEnter] Player daddy_kt06 [uid=p8BJtCkPdMj4ZVYbNs7tJidYP0mOqJWQltw-Flz63MM=] entered vehicle Ada 4x4 (id=49DD441BDA4C4E1D5CF34F88C474DAEA pos=<11703.232422, 222.710571, 7767.389160>) as driver
19:40:08.445 [VehicleEngine] Player daddy_kt06 [uid=p8BJtCkPdMj4ZVYbNs7tJidYP0mOqJWQltw-Flz63MM=] started vehicle Ada 4x4 (id=49DD441BDA4C4E1D5CF34F88C474DAEA pos=<11703.232422, 222.710632, 7767.388672>)
19:40:48.343 [VehicleLeave] Player daddy_kt06 [uid=p8BJtCkPdMj4ZVYbNs7tJidYP0mOqJWQltw-Flz63MM=] left vehicle Ada 4x4 (id=49DD441BDA4C4E1D5CF34F88C474DAEA pos=<11803.562500, 223.643646, 7507.669922>)
19:43:19.156 [VehicleEnter] Player j420 [uid=bBw_D3S9A1Q9QDB8rzokX6lqvwo5tNiEzsI52YAjy_0=] entered vehicle Ada 4x4 (id=49DD441BDA4C4E1D5CF34F88C474DAEA pos=<11803.562500, 223.643631, 7507.669922>) as passenger
19:44:24.007 [VehicleDeleted] ExpansionUh1h (id=8D0654D18041962C29DBABBAF9921B6F pos=<7924.823730, 169.282104, 11834.194336>)
19:46:08.531 [VehicleDestroyed] ExpansionUh1h_Medical (id=97E8EA22134161DC9F9BD28E34387413 pos=<7924.726563, 169.326889, 11833.817383>)
19:46:30.460 [VehicleEnter] Player daddy_kt06 [uid=p8BJtCkPdMj4ZVYbNs7tJidYP0mOqJWQltw-Flz63MM=] entered vehicle Ada 4x4 (id=49DD441BDA4C4E1D5CF34F88C474DAEA pos=<11803.562500, 223.643646, 7507.669922>) as driver
19:46:33.109 [VehicleEngine] Player daddy_kt06 [uid=p8BJtCkPdMj4ZVYbNs7tJidYP0mOqJWQltw-Flz63MM=] started vehicle Ada 4x4 (id=49DD441BDA4C4E1D5CF34F88C474DAEA pos=<11803.562500, 223.643646, 7507.669922>)
19:46:38.890 [VehicleLeave] Player j420 [uid=bBw_D3S9A1Q9QDB8rzokX6lqvwo5tNiEzsI52YAjy_0=] left vehicle Ada 4x4 (id=49DD441BDA4C4E1D5CF34F88C474DAEA pos=<11803.562500, 223.643661, 7507.669922>)
19:46:47.968 [VehicleEnter] Player MrBDazzler [uid=KbTeFa3kKYGqzcZV8TSKiaoNoxGVDwoJjTtulj1WEPI=] entered vehicle Ada 4x4 (id=49DD441BDA4C4E1D5CF34F88C474DAEA pos=<11803.562500, 223.643646, 7507.669922>) as passenger
19:46:51.437 [VehicleEnter] Player MrBDazzler [uid=KbTeFa3kKYGqzcZV8TSKiaoNoxGVDwoJjTtulj1WEPI=] switched seats in vehicle Ada 4x4 (id=49DD441BDA4C4E1D5CF34F88C474DAEA pos=<11803.562500, 223.643661, 7507.669922>) to passenger
19:46:51.929 [VehicleEnter] Player j420 [uid=bBw_D3S9A1Q9QDB8rzokX6lqvwo5tNiEzsI52YAjy_0=] entered vehicle Ada 4x4 (id=49DD441BDA4C4E1D5CF34F88C474DAEA pos=<11803.562500, 223.643661, 7507.669922>) as passenger
19:47:08.015 [VehicleLeave] Player j420 [uid=bBw_D3S9A1Q9QDB8rzokX6lqvwo5tNiEzsI52YAjy_0=] left vehicle Ada 4x4 (id=49DD441BDA4C4E1D5CF34F88C474DAEA pos=<11795.547852, 223.265747, 7534.520020>)
19:47:13.101 [VehicleEnter] Player MrBDazzler [uid=KbTeFa3kKYGqzcZV8TSKiaoNoxGVDwoJjTtulj1WEPI=] switched seats in vehicle Ada 4x4 (id=49DD441BDA4C4E1D5CF34F88C474DAEA pos=<11795.547852, 223.265762, 7534.520508>) to passenger
19:47:17.570 [VehicleLeave] Player MrBDazzler [uid=KbTeFa3kKYGqzcZV8TSKiaoNoxGVDwoJjTtulj1WEPI=] left vehicle Ada 4x4 (id=49DD441BDA4C4E1D5CF34F88C474DAEA pos=<11795.547852, 223.265747, 7534.520020>)
19:47:27.562 [VehicleEnter] Player MrBDazzler [uid=KbTeFa3kKYGqzcZV8TSKiaoNoxGVDwoJjTtulj1WEPI=] entered vehicle Ada 4x4 (id=49DD441BDA4C4E1D5CF34F88C474DAEA pos=<11795.547852, 223.265762, 7534.520020>) as passenger
19:47:28.960 [VehicleEnter] Player MrBDazzler [uid=KbTeFa3kKYGqzcZV8TSKiaoNoxGVDwoJjTtulj1WEPI=] switched seats in vehicle Ada 4x4 (id=49DD441BDA4C4E1D5CF34F88C474DAEA pos=<11795.547852, 223.265762, 7534.520020>) to passenger
19:47:32.898 [VehicleEnter] Player j420 [uid=bBw_D3S9A1Q9QDB8rzokX6lqvwo5tNiEzsI52YAjy_0=] entered vehicle Ada 4x4 (id=49DD441BDA4C4E1D5CF34F88C474DAEA pos=<11795.547852, 223.265762, 7534.520508>) as passenger
19:48:09.507 [VehicleEngine] Player daddy_kt06 [uid=p8BJtCkPdMj4ZVYbNs7tJidYP0mOqJWQltw-Flz63MM=] stopped vehicle Ada 4x4 (id=49DD441BDA4C4E1D5CF34F88C474DAEA pos=<11700.562500, 222.278320, 7770.111816>)
19:48:12.281 [VehicleLeave] Player j420 [uid=bBw_D3S9A1Q9QDB8rzokX6lqvwo5tNiEzsI52YAjy_0=] left vehicle Ada 4x4 (id=49DD441BDA4C4E1D5CF34F88C474DAEA pos=<11700.562500, 222.278275, 7770.111816>)
19:48:13.843 [VehicleEngine] Player daddy_kt06 [uid=p8BJtCkPdMj4ZVYbNs7tJidYP0mOqJWQltw-Flz63MM=] started vehicle Ada 4x4 (id=49DD441BDA4C4E1D5CF34F88C474DAEA pos=<11700.562500, 222.278275, 7770.111816>)
19:48:19.476 [VehicleEnter] Player ACEJOE22 [uid=mBw6n0bDTvXbhT18774VV4ct6ETAGsI_ijL3KUaP-0o=] entered vehicle Ada 4x4 (id=49DD441BDA4C4E1D5CF34F88C474DAEA pos=<11700.562500, 222.278275, 7770.111816>) as passenger
19:48:23.015 [VehicleEnter] Player j420 [uid=bBw_D3S9A1Q9QDB8rzokX6lqvwo5tNiEzsI52YAjy_0=] entered vehicle Ada 4x4 (id=49DD441BDA4C4E1D5CF34F88C474DAEA pos=<11700.562500, 222.278244, 7770.111816>) as passenger
19:52:01.328 [VehicleDeleted] ExpansionUh1h_Medical (id=97E8EA22134161DC9F9BD28E34387413 pos=<7924.536133, 169.347214, 11833.676758>)
19:52:04.046 [VehicleLeave] Player j420 [uid=bBw_D3S9A1Q9QDB8rzokX6lqvwo5tNiEzsI52YAjy_0=] left vehicle Ada 4x4 (id=49DD441BDA4C4E1D5CF34F88C474DAEA pos=<12407.299805, 280.892120, 6241.500488>)
19:52:09.406 [VehicleAttachments] Player j420 (uid=bBw_D3S9A1Q9QDB8rzokX6lqvwo5tNiEzsI52YAjy_0=) detached Ada 4x4 Wheel (type=HatchbackWheel) from vehicle Ada 4x4(id=94EF5A7885492276C628029CB19A5B28 pos=<12418.207031, 280.892395, 6251.496094>)
19:52:10.140 [VehicleLeave] Player daddy_kt06 [uid=p8BJtCkPdMj4ZVYbNs7tJidYP0mOqJWQltw-Flz63MM=] left vehicle Ada 4x4 (id=49DD441BDA4C4E1D5CF34F88C474DAEA pos=<12407.299805, 280.892120, 6241.500488>)
19:52:16.664 [VehicleAttachments] Player daddy_kt06 (uid=p8BJtCkPdMj4ZVYbNs7tJidYP0mOqJWQltw-Flz63MM=) detached Ada 4x4 Wheel (type=HatchbackWheel) from vehicle Ada 4x4(id=94EF5A7885492276C628029CB19A5B28 pos=<12418.207031, 280.868774, 6251.498535>)
19:52:39.085 [VehicleEnter] Player daddy_kt06 [uid=p8BJtCkPdMj4ZVYbNs7tJidYP0mOqJWQltw-Flz63MM=] entered vehicle Ada 4x4 (id=49DD441BDA4C4E1D5CF34F88C474DAEA pos=<12407.299805, 280.892120, 6241.500488>) as driver
19:52:54.875 [VehicleEnter] Player j420 [uid=bBw_D3S9A1Q9QDB8rzokX6lqvwo5tNiEzsI52YAjy_0=] entered vehicle Ada 4x4 (id=49DD441BDA4C4E1D5CF34F88C474DAEA pos=<12407.298828, 280.892120, 6241.500488>) as passenger
19:53:22.031 [VehicleDeleted] OffroadHatchback (id=1214DC905C4720C706829EB0E6F25658 pos=<11699.797852, 222.573761, 7765.678711>)
19:54:11.304 [VehicleDestroyed] ExpansionUh1h_Resistance (id=4E926446814A46383DA9B9A6E45B5DD2 pos=<7924.756836, 169.317291, 11833.805664>)
19:55:06.398 [VehicleLeave] Player j420 [uid=bBw_D3S9A1Q9QDB8rzokX6lqvwo5tNiEzsI52YAjy_0=] left vehicle Ada 4x4 (id=49DD441BDA4C4E1D5CF34F88C474DAEA pos=<11032.613281, 332.197174, 4532.867676>)
20:00:05.593 [VehicleDeleted] ExpansionUh1h_Resistance (id=4E926446814A46383DA9B9A6E45B5DD2 pos=<7922.503906, 168.717804, 11834.813477>)
20:01:27.593 [Party] Player "j420" (id=bBw_D3S9A1Q9QDB8rzokX6lqvwo5tNiEzsI52YAjy_0=) left the party "kt06" (id=2 ownerUID=p8BJtCkPdMj4ZVYbNs7tJidYP0mOqJWQltw-Flz63MM= ownerName=daddy_kt06)
20:01:33.085 [VehicleEngine] Player daddy_kt06 [uid=p8BJtCkPdMj4ZVYbNs7tJidYP0mOqJWQltw-Flz63MM=] stopped vehicle Ada 4x4 (id=49DD441BDA4C4E1D5CF34F88C474DAEA pos=<10967.188477, 340.247040, 4486.421387>)
20:01:35.835 [VehicleEngine] Player daddy_kt06 [uid=p8BJtCkPdMj4ZVYbNs7tJidYP0mOqJWQltw-Flz63MM=] started vehicle Ada 4x4 (id=49DD441BDA4C4E1D5CF34F88C474DAEA pos=<10964.418945, 340.213196, 4485.085938>)
20:01:50.125 [VehicleDestroyed] ExpansionUh1h (id=FBA2B5FC994F9B511CDB61B3049E6C38 pos=<1227.723267, 169.337280, 7566.595215>)
20:02:50.054 [SpawnSelection] Player "Lou Sassole" (id=ebo0O4yOjYkK486s9SoqLuFc3tRe1vP1S2eE1IJxhV4=) spawned at <7015.449219, 172.516708, 11113.072266>
20:02:52.664 [Party] Player "j420" (id=bBw_D3S9A1Q9QDB8rzokX6lqvwo5tNiEzsI52YAjy_0=) joinded the party "kt06" (id=2 ownerUID=p8BJtCkPdMj4ZVYbNs7tJidYP0mOqJWQltw-Flz63MM= ownerName=daddy_kt06)
20:03:54.539 [VehicleLeave] Player daddy_kt06 [uid=p8BJtCkPdMj4ZVYbNs7tJidYP0mOqJWQltw-Flz63MM=] left vehicle Ada 4x4 (id=49DD441BDA4C4E1D5CF34F88C474DAEA pos=<10875.190430, 330.542175, 4673.524902>)
20:04:03.210 [VehicleLeave] Player MrBDazzler [uid=KbTeFa3kKYGqzcZV8TSKiaoNoxGVDwoJjTtulj1WEPI=] left vehicle Ada 4x4 (id=49DD441BDA4C4E1D5CF34F88C474DAEA pos=<10875.190430, 330.542175, 4673.524902>)
20:04:10.023 [VehicleEnter] Player daddy_kt06 [uid=p8BJtCkPdMj4ZVYbNs7tJidYP0mOqJWQltw-Flz63MM=] entered vehicle Ada 4x4 (id=49DD441BDA4C4E1D5CF34F88C474DAEA pos=<10875.190430, 330.542175, 4673.524902>) as driver
20:04:12.281 [VehicleEngine] Player daddy_kt06 [uid=p8BJtCkPdMj4ZVYbNs7tJidYP0mOqJWQltw-Flz63MM=] started vehicle Ada 4x4 (id=49DD441BDA4C4E1D5CF34F88C474DAEA pos=<10875.190430, 330.542175, 4673.524902>)
20:04:55.234 [VehicleEngine] Player daddy_kt06 [uid=p8BJtCkPdMj4ZVYbNs7tJidYP0mOqJWQltw-Flz63MM=] stopped vehicle Ada 4x4 (id=49DD441BDA4C4E1D5CF34F88C474DAEA pos=<10969.375977, 340.256897, 4490.875000>)
20:04:55.796 [Party] Player "j420" (id=bBw_D3S9A1Q9QDB8rzokX6lqvwo5tNiEzsI52YAjy_0=) left the party "kt06" (id=2 ownerUID=p8BJtCkPdMj4ZVYbNs7tJidYP0mOqJWQltw-Flz63MM= ownerName=daddy_kt06)
20:04:57.562 [VehicleLeave] Player daddy_kt06 [uid=p8BJtCkPdMj4ZVYbNs7tJidYP0mOqJWQltw-Flz63MM=] left vehicle Ada 4x4 (id=49DD441BDA4C4E1D5CF34F88C474DAEA pos=<10969.375977, 340.256927, 4490.875000>)
20:05:21.250 [VehicleEnter] Player daddy_kt06 [uid=p8BJtCkPdMj4ZVYbNs7tJidYP0mOqJWQltw-Flz63MM=] entered vehicle Ada 4x4 (id=49DD441BDA4C4E1D5CF34F88C474DAEA pos=<10969.497070, 340.257996, 4490.908691>) as driver
20:05:24.070 [VehicleEngine] Player daddy_kt06 [uid=p8BJtCkPdMj4ZVYbNs7tJidYP0mOqJWQltw-Flz63MM=] started vehicle Ada 4x4 (id=49DD441BDA4C4E1D5CF34F88C474DAEA pos=<10969.512695, 340.334076, 4490.914551>)
20:06:42.187 [Party] Player "j420" (id=bBw_D3S9A1Q9QDB8rzokX6lqvwo5tNiEzsI52YAjy_0=) joinded the party "kt06" (id=2 ownerUID=p8BJtCkPdMj4ZVYbNs7tJidYP0mOqJWQltw-Flz63MM= ownerName=daddy_kt06)
20:06:57.960 [VehicleLeave] Player ACEJOE22 [uid=mBw6n0bDTvXbhT18774VV4ct6ETAGsI_ijL3KUaP-0o=] left vehicle Ada 4x4 (id=49DD441BDA4C4E1D5CF34F88C474DAEA pos=<11281.165039, 329.215149, 4424.777344>)
20:07:24.453 [VehicleEnter] Player ACEJOE22 [uid=mBw6n0bDTvXbhT18774VV4ct6ETAGsI_ijL3KUaP-0o=] entered vehicle Ada 4x4 (id=49DD441BDA4C4E1D5CF34F88C474DAEA pos=<11281.165039, 329.215240, 4424.776855>) as passenger
20:07:28.335 [VehicleEnter] Player ACEJOE22 [uid=mBw6n0bDTvXbhT18774VV4ct6ETAGsI_ijL3KUaP-0o=] switched seats in vehicle Ada 4x4 (id=49DD441BDA4C4E1D5CF34F88C474DAEA pos=<11283.663086, 330.067535, 4421.601563>) to passenger
20:07:42.914 [VehicleDeleted] ExpansionUh1h (id=FBA2B5FC994F9B511CDB61B3049E6C38 pos=<1230.924561, 168.750961, 7566.918457>)
20:08:42.695 [VehicleEnter] Player MrBDazzler [uid=KbTeFa3kKYGqzcZV8TSKiaoNoxGVDwoJjTtulj1WEPI=] entered vehicle Ada 4x4 (id=49DD441BDA4C4E1D5CF34F88C474DAEA pos=<10824.407227, 326.740143, 4692.595703>) as passenger
20:09:42.140 [VehicleEnter] Player j420 [uid=bBw_D3S9A1Q9QDB8rzokX6lqvwo5tNiEzsI52YAjy_0=] entered vehicle Ada 4x4 (id=49DD441BDA4C4E1D5CF34F88C474DAEA pos=<10950.019531, 345.389526, 4373.232910>) as passenger
20:09:52.859 [VehicleDestroyed] ExpansionUh1h_Resistance (id=7505356304477C44AD621F8C603707A3 pos=<1227.744995, 169.336899, 7566.603027>)
20:12:02.218 [VehicleLeave] Player j420 [uid=bBw_D3S9A1Q9QDB8rzokX6lqvwo5tNiEzsI52YAjy_0=] left vehicle Ada 4x4 (id=49DD441BDA4C4E1D5CF34F88C474DAEA pos=<11288.371094, 346.964111, 4234.921875>)
20:12:14.328 [VehicleLeave] Player daddy_kt06 [uid=p8BJtCkPdMj4ZVYbNs7tJidYP0mOqJWQltw-Flz63MM=] left vehicle Ada 4x4 (id=49DD441BDA4C4E1D5CF34F88C474DAEA pos=<11288.370117, 346.964142, 4234.931152>)
20:12:17.984 [VehicleLeave] Player MrBDazzler [uid=KbTeFa3kKYGqzcZV8TSKiaoNoxGVDwoJjTtulj1WEPI=] left vehicle Ada 4x4 (id=49DD441BDA4C4E1D5CF34F88C474DAEA pos=<11288.370117, 346.964142, 4234.931152>)
20:12:20.093 [VehicleLeave] Player ACEJOE22 [uid=mBw6n0bDTvXbhT18774VV4ct6ETAGsI_ijL3KUaP-0o=] left vehicle Ada 4x4 (id=49DD441BDA4C4E1D5CF34F88C474DAEA pos=<11288.370117, 346.964142, 4234.931152>)
20:12:29.210 [VehicleEnter] Player daddy_kt06 [uid=p8BJtCkPdMj4ZVYbNs7tJidYP0mOqJWQltw-Flz63MM=] entered vehicle Ada 4x4 (id=49DD441BDA4C4E1D5CF34F88C474DAEA pos=<11288.370117, 346.964142, 4234.931152>) as driver
20:12:30.906 [VehicleEngine] Player daddy_kt06 [uid=p8BJtCkPdMj4ZVYbNs7tJidYP0mOqJWQltw-Flz63MM=] started vehicle Ada 4x4 (id=49DD441BDA4C4E1D5CF34F88C474DAEA pos=<11288.370117, 346.964172, 4234.931152>)
20:12:47.328 [VehicleEnter] Player MrBDazzler [uid=KbTeFa3kKYGqzcZV8TSKiaoNoxGVDwoJjTtulj1WEPI=] entered vehicle Ada 4x4 (id=49DD441BDA4C4E1D5CF34F88C474DAEA pos=<11288.370117, 346.964142, 4234.931152>) as passenger
20:12:49.125 [VehicleEnter] Player MrBDazzler [uid=KbTeFa3kKYGqzcZV8TSKiaoNoxGVDwoJjTtulj1WEPI=] switched seats in vehicle Ada 4x4 (id=49DD441BDA4C4E1D5CF34F88C474DAEA pos=<11288.138672, 346.967712, 4235.553711>) to passenger
20:13:24.687 [VehicleEnter] Player MrBDazzler [uid=KbTeFa3kKYGqzcZV8TSKiaoNoxGVDwoJjTtulj1WEPI=] switched seats in vehicle Ada 4x4 (id=49DD441BDA4C4E1D5CF34F88C474DAEA pos=<11260.926758, 346.578644, 4148.559082>) to passenger
20:13:39.257 [VehicleEnter] Player MrBDazzler [uid=KbTeFa3kKYGqzcZV8TSKiaoNoxGVDwoJjTtulj1WEPI=] switched seats in vehicle Ada 4x4 (id=49DD441BDA4C4E1D5CF34F88C474DAEA pos=<11294.160156, 346.964722, 4183.344238>) to passenger
20:13:41.960 [VehicleEnter] Player j420 [uid=bBw_D3S9A1Q9QDB8rzokX6lqvwo5tNiEzsI52YAjy_0=] entered vehicle Ada 4x4 (id=49DD441BDA4C4E1D5CF34F88C474DAEA pos=<11294.143555, 346.963470, 4183.401855>) as passenger
20:15:47.140 [VehicleDeleted] ExpansionUh1h_Resistance (id=7505356304477C44AD621F8C603707A3 pos=<1231.015381, 168.749023, 7566.897461>)
20:16:48.429 [Party] Player "ACEJOE22" (id=mBw6n0bDTvXbhT18774VV4ct6ETAGsI_ijL3KUaP-0o=) joinded the party "kt06" (id=2 ownerUID=p8BJtCkPdMj4ZVYbNs7tJidYP0mOqJWQltw-Flz63MM= ownerName=daddy_kt06)
20:17:18.968 [SpawnSelection] Player "ACEJOE22" (id=mBw6n0bDTvXbhT18774VV4ct6ETAGsI_ijL3KUaP-0o=) spawned at <3397.184326, 263.205750, 11606.515625>
20:17:27.070 [VehicleLeave] Player j420 [uid=bBw_D3S9A1Q9QDB8rzokX6lqvwo5tNiEzsI52YAjy_0=] left vehicle Ada 4x4 (id=49DD441BDA4C4E1D5CF34F88C474DAEA pos=<11505.480469, 329.866058, 4640.813477>)
20:17:31.703 [VehicleDestroyed] ExpansionUh1h_Uber (id=899356655B405175189693BF3A097C2B pos=<1227.731445, 169.336853, 7566.598633>)
20:19:23.437 [VehicleEnter] Player j420 [uid=bBw_D3S9A1Q9QDB8rzokX6lqvwo5tNiEzsI52YAjy_0=] entered vehicle Ada 4x4 (id=49DD441BDA4C4E1D5CF34F88C474DAEA pos=<11551.834961, 329.804047, 4652.410645>) as passenger
20:19:42.601 [VehicleLeave] Player j420 [uid=bBw_D3S9A1Q9QDB8rzokX6lqvwo5tNiEzsI52YAjy_0=] left vehicle Ada 4x4 (id=49DD441BDA4C4E1D5CF34F88C474DAEA pos=<11620.007813, 318.293457, 4860.956055>)
20:19:43.226 [VehicleLeave] Player daddy_kt06 [uid=p8BJtCkPdMj4ZVYbNs7tJidYP0mOqJWQltw-Flz63MM=] left vehicle Ada 4x4 (id=49DD441BDA4C4E1D5CF34F88C474DAEA pos=<11620.006836, 318.293488, 4860.956055>)
20:19:48.851 [VehicleLeave] Player MrBDazzler [uid=KbTeFa3kKYGqzcZV8TSKiaoNoxGVDwoJjTtulj1WEPI=] left vehicle Ada 4x4 (id=49DD441BDA4C4E1D5CF34F88C474DAEA pos=<11620.007813, 318.293488, 4860.956055>)
20:23:24.507 [VehicleDeleted] ExpansionUh1h_Uber (id=899356655B405175189693BF3A097C2B pos=<1230.946655, 168.748566, 7566.921387>)
20:24:01.601 [AI Patrol] Spawning 3 Shamans bots at <11561.594727, 329.306274, 4536.689453>
20:24:49.226 [Party] Player "ACEJOE22" (id=mBw6n0bDTvXbhT18774VV4ct6ETAGsI_ijL3KUaP-0o=) joinded the party "kt06" (id=2 ownerUID=p8BJtCkPdMj4ZVYbNs7tJidYP0mOqJWQltw-Flz63MM= ownerName=daddy_kt06)
20:25:01.460 [SpawnSelection] Player "ACEJOE22" (id=mBw6n0bDTvXbhT18774VV4ct6ETAGsI_ijL3KUaP-0o=) spawned at <1488.869751, 284.999756, 9866.576172>
20:25:34.515 [VehicleDestroyed] ExpansionUh1h_Uber (id=F963717F8F477EA1EDF15EA0B7AC1D60 pos=<7924.564941, 169.296539, 11834.001953>)
20:26:14.890 [VehicleEnter] Player daddy_kt06 [uid=p8BJtCkPdMj4ZVYbNs7tJidYP0mOqJWQltw-Flz63MM=] entered vehicle Ada 4x4 (id=49DD441BDA4C4E1D5CF34F88C474DAEA pos=<11620.006836, 318.293457, 4860.956055>) as driver
20:26:20.906 [VehicleEngine] Player daddy_kt06 [uid=p8BJtCkPdMj4ZVYbNs7tJidYP0mOqJWQltw-Flz63MM=] started vehicle Ada 4x4 (id=49DD441BDA4C4E1D5CF34F88C474DAEA pos=<11620.007813, 318.293427, 4860.956055>)
20:27:05.617 [Party] Player "Lou Sassole" (id=ebo0O4yOjYkK486s9SoqLuFc3tRe1vP1S2eE1IJxhV4=) joinded the party "Lou's" (id=3 ownerUID= ownerName=)
20:27:05.617 [Party] Player "Lou Sassole" (id=ebo0O4yOjYkK486s9SoqLuFc3tRe1vP1S2eE1IJxhV4=) created a party named Lou's (Lous)
20:27:29.820 [VehicleEnter] Player MrBDazzler [uid=KbTeFa3kKYGqzcZV8TSKiaoNoxGVDwoJjTtulj1WEPI=] entered vehicle Ada 4x4 (id=49DD441BDA4C4E1D5CF34F88C474DAEA pos=<11342.124023, 295.497345, 5048.482910>) as passenger
20:27:35.632 [VehicleEnter] Player j420 [uid=bBw_D3S9A1Q9QDB8rzokX6lqvwo5tNiEzsI52YAjy_0=] entered vehicle Ada 4x4 (id=49DD441BDA4C4E1D5CF34F88C474DAEA pos=<11342.095703, 295.492920, 5048.486816>) as passenger
20:28:04.523 [VehicleLeave] Player j420 [uid=bBw_D3S9A1Q9QDB8rzokX6lqvwo5tNiEzsI52YAjy_0=] left vehicle Ada 4x4 (id=49DD441BDA4C4E1D5CF34F88C474DAEA pos=<11231.587891, 281.399872, 4949.500977>)
20:28:32.812 [VehicleEnter] Player j420 [uid=bBw_D3S9A1Q9QDB8rzokX6lqvwo5tNiEzsI52YAjy_0=] entered vehicle Ada 4x4 (id=49DD441BDA4C4E1D5CF34F88C474DAEA pos=<11231.587891, 281.399963, 4949.500977>) as passenger
20:29:29.492 [AI Patrol] Spawning 3 Shamans bots at <10385.781250, 212.010239, 6211.641602>
20:29:34.914 [Party] Player "ACEJOE22" (id=mBw6n0bDTvXbhT18774VV4ct6ETAGsI_ijL3KUaP-0o=) joinded the party "kt06" (id=2 ownerUID=p8BJtCkPdMj4ZVYbNs7tJidYP0mOqJWQltw-Flz63MM= ownerName=daddy_kt06)
20:30:14.234 [SpawnSelection] Player "ACEJOE22" (id=mBw6n0bDTvXbhT18774VV4ct6ETAGsI_ijL3KUaP-0o=) spawned at <8590.466797, 172.585556, 11946.450195>
20:31:08.914 [VehicleLeave] Player j420 [uid=bBw_D3S9A1Q9QDB8rzokX6lqvwo5tNiEzsI52YAjy_0=] left vehicle Ada 4x4 (id=49DD441BDA4C4E1D5CF34F88C474DAEA pos=<10522.569336, 210.325409, 6268.038086>)
20:31:11.007 [VehicleLeave] Player daddy_kt06 [uid=p8BJtCkPdMj4ZVYbNs7tJidYP0mOqJWQltw-Flz63MM=] left vehicle Ada 4x4 (id=49DD441BDA4C4E1D5CF34F88C474DAEA pos=<10522.569336, 210.325409, 6268.038086>)
20:31:19.062 [VehicleLeave] Player MrBDazzler [uid=KbTeFa3kKYGqzcZV8TSKiaoNoxGVDwoJjTtulj1WEPI=] left vehicle Ada 4x4 (id=49DD441BDA4C4E1D5CF34F88C474DAEA pos=<10522.569336, 210.325409, 6268.038086>)
20:31:29.039 [VehicleDeleted] ExpansionUh1h_Uber (id=F963717F8F477EA1EDF15EA0B7AC1D60 pos=<7924.802246, 168.992783, 11835.443359>)
20:33:13.601 [VehicleDestroyed] ExpansionUh1h (id=27577AB69541DBCFDB36F99C02CAB71F pos=<7924.650879, 169.322952, 11833.748047>)
20:33:19.820 [AI Patrol] Spawning 3 Shamans bots at <9217.518555, 191.879379, 11110.845703>
20:38:23.015 [VehicleEnter] Player daddy_kt06 [uid=p8BJtCkPdMj4ZVYbNs7tJidYP0mOqJWQltw-Flz63MM=] entered vehicle Ada 4x4 (id=49DD441BDA4C4E1D5CF34F88C474DAEA pos=<10522.569336, 210.325409, 6268.038086>) as driver
20:38:55.796 [VehicleEnter] Player MrBDazzler [uid=KbTeFa3kKYGqzcZV8TSKiaoNoxGVDwoJjTtulj1WEPI=] entered vehicle Ada 4x4 (id=49DD441BDA4C4E1D5CF34F88C474DAEA pos=<10522.569336, 210.325409, 6268.038086>) as passenger
20:39:06.390 [VehicleDeleted] ExpansionUh1h (id=27577AB69541DBCFDB36F99C02CAB71F pos=<7924.453125, 169.327347, 11833.704102>)
20:39:12.148 [VehicleEngine] Player daddy_kt06 [uid=p8BJtCkPdMj4ZVYbNs7tJidYP0mOqJWQltw-Flz63MM=] started vehicle Ada 4x4 (id=49DD441BDA4C4E1D5CF34F88C474DAEA pos=<10522.569336, 210.325409, 6268.038086>)
20:39:19.921 [VehicleEnter] Player j420 [uid=bBw_D3S9A1Q9QDB8rzokX6lqvwo5tNiEzsI52YAjy_0=] entered vehicle Ada 4x4 (id=49DD441BDA4C4E1D5CF34F88C474DAEA pos=<10522.569336, 210.325394, 6268.038086>) as passenger
20:41:05.843 [VehicleLeave] Player daddy_kt06 [uid=p8BJtCkPdMj4ZVYbNs7tJidYP0mOqJWQltw-Flz63MM=] left vehicle Ada 4x4 (id=49DD441BDA4C4E1D5CF34F88C474DAEA pos=<11129.931641, 240.767715, 6353.532715>)
20:41:14.960 [VehicleEnter] Player daddy_kt06 [uid=p8BJtCkPdMj4ZVYbNs7tJidYP0mOqJWQltw-Flz63MM=] entered vehicle Ada 4x4 (id=49DD441BDA4C4E1D5CF34F88C474DAEA pos=<11129.931641, 240.767715, 6353.532715>) as driver
20:41:16.390 [VehicleDestroyed] ExpansionUh1h (id=7679E836C345D464DD7109A27878BEB7 pos=<1227.745117, 169.336853, 7566.602539>)
20:43:24.546 [Party] Player "ACEJOE22" (id=mBw6n0bDTvXbhT18774VV4ct6ETAGsI_ijL3KUaP-0o=) left the party "kt06" (id=2 ownerUID=p8BJtCkPdMj4ZVYbNs7tJidYP0mOqJWQltw-Flz63MM= ownerName=daddy_kt06)
20:47:10.679 [VehicleDeleted] ExpansionUh1h (id=7679E836C345D464DD7109A27878BEB7 pos=<1231.116699, 168.745255, 7566.880859>)
20:50:14.929 [VehicleLeave] Player j420 [uid=bBw_D3S9A1Q9QDB8rzokX6lqvwo5tNiEzsI52YAjy_0=] left vehicle Ada 4x4 (id=49DD441BDA4C4E1D5CF34F88C474DAEA pos=<8934.516602, 308.394958, 6543.620117>)
20:50:17.070 [VehicleEngine] Player daddy_kt06 [uid=p8BJtCkPdMj4ZVYbNs7tJidYP0mOqJWQltw-Flz63MM=] stopped vehicle Ada 4x4 (id=49DD441BDA4C4E1D5CF34F88C474DAEA pos=<8934.516602, 308.394989, 6543.620117>)
20:50:19.773 [VehicleLeave] Player daddy_kt06 [uid=p8BJtCkPdMj4ZVYbNs7tJidYP0mOqJWQltw-Flz63MM=] left vehicle Ada 4x4 (id=49DD441BDA4C4E1D5CF34F88C474DAEA pos=<8934.516602, 308.394989, 6543.620117>)
20:50:33.312 [VehicleLeave] Player MrBDazzler [uid=KbTeFa3kKYGqzcZV8TSKiaoNoxGVDwoJjTtulj1WEPI=] left vehicle Ada 4x4 (id=49DD441BDA4C4E1D5CF34F88C474DAEA pos=<8934.516602, 308.394958, 6543.620117>)
20:50:41.406 [VehicleDestroyed] ExpansionUh1h_Uber (id=E4A92683DC486C489B9E7C96070C99BA pos=<1227.691528, 169.341461, 7566.564941>)
20:51:11.757 [VehicleEnter] Player j420 [uid=bBw_D3S9A1Q9QDB8rzokX6lqvwo5tNiEzsI52YAjy_0=] entered vehicle Merlin (id=9E24320C454FDC60C9D269B8802F9C4C pos=<8927.599609, 308.605743, 6558.471680>) as pilot
20:51:14.000 [VehicleEngine] Player j420 [uid=bBw_D3S9A1Q9QDB8rzokX6lqvwo5tNiEzsI52YAjy_0=] started vehicle Merlin (id=9E24320C454FDC60C9D269B8802F9C4C pos=<8927.594727, 308.601898, 6558.471680>)
20:51:31.007 [VehicleEngine] Player j420 [uid=bBw_D3S9A1Q9QDB8rzokX6lqvwo5tNiEzsI52YAjy_0=] stopped vehicle Merlin (id=9E24320C454FDC60C9D269B8802F9C4C pos=<8927.592773, 308.600494, 6558.468262>)
20:53:58.460 [VehicleEnter] Player daddy_kt06 [uid=p8BJtCkPdMj4ZVYbNs7tJidYP0mOqJWQltw-Flz63MM=] entered vehicle Merlin (id=9E24320C454FDC60C9D269B8802F9C4C pos=<8927.591797, 308.600433, 6558.454590>) as passenger
20:54:11.656 [VehicleLeave] Player daddy_kt06 [uid=p8BJtCkPdMj4ZVYbNs7tJidYP0mOqJWQltw-Flz63MM=] left vehicle Merlin (id=9E24320C454FDC60C9D269B8802F9C4C pos=<8927.591797, 308.600433, 6558.451172>)
20:55:45.617 [Party] Player "daddy_kt06" (id=p8BJtCkPdMj4ZVYbNs7tJidYP0mOqJWQltw-Flz63MM=) left the party "kt06" (id=2 ownerUID=p8BJtCkPdMj4ZVYbNs7tJidYP0mOqJWQltw-Flz63MM= ownerName=daddy_kt06)
20:56:28.617 [Party] Player "daddy_kt06" (id=p8BJtCkPdMj4ZVYbNs7tJidYP0mOqJWQltw-Flz63MM=) joinded the party "kt06" (id=2 ownerUID=p8BJtCkPdMj4ZVYbNs7tJidYP0mOqJWQltw-Flz63MM= ownerName=daddy_kt06)
20:56:35.750 [VehicleDeleted] ExpansionUh1h_Uber (id=E4A92683DC486C489B9E7C96070C99BA pos=<1230.894165, 168.750961, 7566.928223>)
20:57:59.750 [VehicleLeave] Player j420 [uid=bBw_D3S9A1Q9QDB8rzokX6lqvwo5tNiEzsI52YAjy_0=] left vehicle Merlin (id=9E24320C454FDC60C9D269B8802F9C4C pos=<8927.588867, 308.600403, 6558.433105>)
20:58:20.273 [VehicleDestroyed] ExpansionUh1h_Medical (id=75E6A664EF4ABFC2709985BA26756472 pos=<7924.712402, 169.385422, 11833.708008>)
20:59:23.078 [MissionAirdrop] An airdrop is heading towards "Muratyn" (pos=<4559.000000, 0.000000, 6852.000000> type=Random_Muratyn) with a ExpansionAirdropContainer
20:59:33.078 [MissionAirdrop] An airdrop is heading towards "Nadbor" (pos=<5996.000000, 0.000000, 4513.000000> type=Random_Nadbor) with a ExpansionAirdropContainer_Military
21:04:13.109 [VehicleDeleted] ExpansionUh1h_Medical (id=75E6A664EF4ABFC2709985BA26756472 pos=<7924.571777, 169.449356, 11833.256836>)
21:05:28.539 [VehicleEnter] Player j420 [uid=bBw_D3S9A1Q9QDB8rzokX6lqvwo5tNiEzsI52YAjy_0=] entered vehicle Merlin (id=9E24320C454FDC60C9D269B8802F9C4C pos=<8927.582031, 308.599945, 6558.303223>) as pilot
21:05:45.320 [VehicleLeave] Player j420 [uid=bBw_D3S9A1Q9QDB8rzokX6lqvwo5tNiEzsI52YAjy_0=] left vehicle Merlin (id=9E24320C454FDC60C9D269B8802F9C4C pos=<8927.582031, 308.599976, 6558.301758>)
21:05:55.875 [VehicleEnter] Player j420 [uid=bBw_D3S9A1Q9QDB8rzokX6lqvwo5tNiEzsI52YAjy_0=] entered vehicle Merlin (id=9E24320C454FDC60C9D269B8802F9C4C pos=<8927.582031, 308.599945, 6558.298828>) as passenger
21:06:04.453 [VehicleLeave] Player j420 [uid=bBw_D3S9A1Q9QDB8rzokX6lqvwo5tNiEzsI52YAjy_0=] left vehicle Merlin (id=9E24320C454FDC60C9D269B8802F9C4C pos=<8927.581055, 308.599945, 6558.292969>)
21:06:07.703 [VehicleEnter] Player j420 [uid=bBw_D3S9A1Q9QDB8rzokX6lqvwo5tNiEzsI52YAjy_0=] entered vehicle Merlin (id=9E24320C454FDC60C9D269B8802F9C4C pos=<8927.581055, 308.599945, 6558.292969>) as pilot
21:06:23.046 [VehicleDestroyed] ExpansionUh1h_Uber (id=3D1040D6994BE1B0E064DAB7BA53A739 pos=<1227.599121, 169.357056, 7566.475586>)
21:06:47.007 [VehicleEngine] Player j420 [uid=bBw_D3S9A1Q9QDB8rzokX6lqvwo5tNiEzsI52YAjy_0=] started vehicle Merlin (id=9E24320C454FDC60C9D269B8802F9C4C pos=<8927.581055, 308.599945, 6558.292480>)
21:07:00.984 [VehicleEnter] Player daddy_kt06 [uid=p8BJtCkPdMj4ZVYbNs7tJidYP0mOqJWQltw-Flz63MM=] entered vehicle Merlin (id=9E24320C454FDC60C9D269B8802F9C4C pos=<8927.581055, 308.599945, 6558.292480>) as passenger
21:07:25.312 [Party] Player "Lou Sassole" (id=ebo0O4yOjYkK486s9SoqLuFc3tRe1vP1S2eE1IJxhV4=) left the party "Lou's" (id=3 ownerUID=ebo0O4yOjYkK486s9SoqLuFc3tRe1vP1S2eE1IJxhV4= ownerName=Lou Sassole)
21:07:47.726 [AI Patrol] Spawning 3 Shamans bots at <7946.278809, 251.211609, 5782.183105>
21:08:02.570 [AI Patrol] Spawning 3 Shamans bots at <7622.234375, 240.205643, 5394.199707>
21:09:39.523 [AI Patrol] Spawning 3 Shamans bots at <5768.097168, 417.445068, 3773.420898>
21:12:17.406 [VehicleDeleted] ExpansionUh1h_Uber (id=3D1040D6994BE1B0E064DAB7BA53A739 pos=<1230.812744, 168.787659, 7566.810547>)
21:12:32.335 [Party] Player "MrBDazzler" (id=KbTeFa3kKYGqzcZV8TSKiaoNoxGVDwoJjTtulj1WEPI=) left the party "kt06" (id=2 ownerUID=p8BJtCkPdMj4ZVYbNs7tJidYP0mOqJWQltw-Flz63MM= ownerName=daddy_kt06)
21:13:29.585 [VehicleEngine] Player j420 [uid=bBw_D3S9A1Q9QDB8rzokX6lqvwo5tNiEzsI52YAjy_0=] stopped vehicle Merlin (id=9E24320C454FDC60C9D269B8802F9C4C pos=<4764.724609, 500.074280, 2127.100342>)
21:13:35.562 [VehicleLeave] Player daddy_kt06 [uid=p8BJtCkPdMj4ZVYbNs7tJidYP0mOqJWQltw-Flz63MM=] left vehicle Merlin (id=9E24320C454FDC60C9D269B8802F9C4C pos=<4764.734863, 500.053070, 2127.231689>)
21:13:44.562 [VehicleLeave] Player j420 [uid=bBw_D3S9A1Q9QDB8rzokX6lqvwo5tNiEzsI52YAjy_0=] left vehicle Merlin (id=9E24320C454FDC60C9D269B8802F9C4C pos=<4763.424316, 498.699310, 2127.993408>)
21:14:01.937 [VehicleDestroyed] ExpansionUh1h_Resistance (id=836C44346C41FD8A8F88758546B07BD3 pos=<7924.786133, 169.239700, 11834.087891>)
21:15:59.867 [VehicleEnter] Player daddy_kt06 [uid=p8BJtCkPdMj4ZVYbNs7tJidYP0mOqJWQltw-Flz63MM=] entered vehicle M3S Covered (id=0E2FC33D84418AB6A1A770B4E5EADC2F pos=<4939.735352, 523.407166, 2085.527344>) as driver
21:16:01.859 [VehicleEngine] Player daddy_kt06 [uid=p8BJtCkPdMj4ZVYbNs7tJidYP0mOqJWQltw-Flz63MM=] started vehicle M3S Covered (id=0E2FC33D84418AB6A1A770B4E5EADC2F pos=<4939.735352, 523.407104, 2085.527588>)
21:16:06.226 [VehicleLeave] Player daddy_kt06 [uid=p8BJtCkPdMj4ZVYbNs7tJidYP0mOqJWQltw-Flz63MM=] left vehicle M3S Covered (id=0E2FC33D84418AB6A1A770B4E5EADC2F pos=<4939.735352, 523.407104, 2085.527344>)
21:19:54.734 [VehicleDeleted] ExpansionUh1h_Resistance (id=836C44346C41FD8A8F88758546B07BD3 pos=<7923.960449, 169.132599, 11834.159180>)
21:22:04.671 [VehicleDestroyed] ExpansionUh1h_Resistance (id=29EB97A8EC478B9587911EA7DF7E5FB6 pos=<7924.555664, 169.391830, 11833.592773>)
21:27:58.976 [VehicleDeleted] ExpansionUh1h_Resistance (id=29EB97A8EC478B9587911EA7DF7E5FB6 pos=<7924.430664, 169.371506, 11833.485352>)
21:29:43.507 [VehicleDestroyed] ExpansionUh1h_Resistance (id=7616E7CFD04A841EF85015A1EE9267CD pos=<7924.448730, 169.303955, 11833.919922>)
21:35:36.296 [VehicleDeleted] ExpansionUh1h_Resistance (id=7616E7CFD04A841EF85015A1EE9267CD pos=<7924.097656, 169.170364, 11834.039063>)
21:37:46.218 [VehicleDestroyed] ExpansionUh1h_Medical (id=32D3E2E16D4A41FFF1325292C24E7256 pos=<1227.623535, 169.357010, 7566.486328>)
21:43:40.500 [VehicleDeleted] ExpansionUh1h_Medical (id=32D3E2E16D4A41FFF1325292C24E7256 pos=<1230.967773, 168.757706, 7566.878906>)
21:45:25.054 [VehicleDestroyed] ExpansionUh1h_Medical (id=42308B593149D8787979DD99723BD5AC pos=<7924.914551, 169.408951, 11833.676758>)
21:50:30.968 [VehicleEnter] Player j420 [uid=bBw_D3S9A1Q9QDB8rzokX6lqvwo5tNiEzsI52YAjy_0=] entered vehicle Merlin (id=9E24320C454FDC60C9D269B8802F9C4C pos=<4763.724609, 498.935303, 2127.899902>) as pilot
21:50:47.531 [VehicleEnter] Player daddy_kt06 [uid=p8BJtCkPdMj4ZVYbNs7tJidYP0mOqJWQltw-Flz63MM=] entered vehicle Merlin (id=9E24320C454FDC60C9D269B8802F9C4C pos=<4763.728027, 498.937439, 2127.898926>) as passenger
21:50:49.445 [VehicleEngine] Player j420 [uid=bBw_D3S9A1Q9QDB8rzokX6lqvwo5tNiEzsI52YAjy_0=] started vehicle Merlin (id=9E24320C454FDC60C9D269B8802F9C4C pos=<4763.728027, 498.936676, 2127.898926>)
21:51:17.804 [VehicleDeleted] ExpansionUh1h_Medical (id=42308B593149D8787979DD99723BD5AC pos=<7924.947266, 169.434875, 11833.623047>)
21:52:40.171 [VehicleEngine] Player j420 [uid=bBw_D3S9A1Q9QDB8rzokX6lqvwo5tNiEzsI52YAjy_0=] stopped vehicle Merlin (id=9E24320C454FDC60C9D269B8802F9C4C pos=<4654.708008, 371.278900, 858.398315>)
21:52:45.992 [VehicleLeave] Player j420 [uid=bBw_D3S9A1Q9QDB8rzokX6lqvwo5tNiEzsI52YAjy_0=] left vehicle Merlin (id=9E24320C454FDC60C9D269B8802F9C4C pos=<4654.748535, 371.434845, 858.408752>)
21:52:50.609 [VehicleLeave] Player daddy_kt06 [uid=p8BJtCkPdMj4ZVYbNs7tJidYP0mOqJWQltw-Flz63MM=] left vehicle Merlin (id=9E24320C454FDC60C9D269B8802F9C4C pos=<4654.847656, 371.435822, 858.394714>)
21:53:27.742 [VehicleDestroyed] ExpansionUh1h_Uber (id=A17270D22B4CD983402D07B5C851B40C pos=<1227.691528, 169.341400, 7566.564453>)
21:56:56.171 [Party] Player "j420" (id=bBw_D3S9A1Q9QDB8rzokX6lqvwo5tNiEzsI52YAjy_0=) left the party "kt06" (id=2 ownerUID=p8BJtCkPdMj4ZVYbNs7tJidYP0mOqJWQltw-Flz63MM= ownerName=daddy_kt06)
21:57:24.156 [Party] Player "daddy_kt06" (id=p8BJtCkPdMj4ZVYbNs7tJidYP0mOqJWQltw-Flz63MM=) left the party "kt06" (id=2 ownerUID=p8BJtCkPdMj4ZVYbNs7tJidYP0mOqJWQltw-Flz63MM= ownerName=daddy_kt06)
