18:01:00.601 [VehicleDestroyed] ExpansionUh1h (id=FEFB8AD955483164E40FD4A55FC13F33 pos=<7925.223633, 169.076797, 11835.433594>)
18:01:01.425 [VehicleDeleted] ExpansionUh1h (id=63D468A1E64AE70DC906769F694CEFEB pos=<7925.223633, 169.076797, 11835.433594>)
19:50:02.015 [Party] Player "j420" (id=bBw_D3S9A1Q9QDB8rzokX6lqvwo5tNiEzsI52YAjy_0=) joinded the party "kt06" (id=2 ownerUID=p8BJtCkPdMj4ZVYbNs7tJidYP0mOqJWQltw-Flz63MM= ownerName=daddy_kt06)
19:51:17.812 [VehicleEnter] Player j420 [uid=bBw_D3S9A1Q9QDB8rzokX6lqvwo5tNiEzsI52YAjy_0=] entered vehicle Land Rover Defender (id=3FA181C13E414BC6A579F080B8A2D90C pos=<5189.822754, 368.908478, 5652.788574>) as driver
19:51:23.062 [VehicleDestroyed] ExpansionUh1h_Medical (id=1CD5A668974C23014EF93B943E6EA5B2 pos=<1227.744995, 169.336899, 7566.603027>)
19:53:38.515 [VehicleLeave] Player j420 [uid=bBw_D3S9A1Q9QDB8rzokX6lqvwo5tNiEzsI52YAjy_0=] left vehicle Land Rover Defender (id=3FA181C13E414BC6A579F080B8A2D90C pos=<5189.822754, 368.908447, 5652.788574>)
19:53:44.960 [VehicleEnter] Player j420 [uid=bBw_D3S9A1Q9QDB8rzokX6lqvwo5tNiEzsI52YAjy_0=] entered vehicle Land Rover Defender (id=3FA181C13E414BC6A579F080B8A2D90C pos=<5189.822754, 368.908447, 5652.788574>) as driver
19:54:32.484 [VehicleEngine] Player j420 [uid=bBw_D3S9A1Q9QDB8rzokX6lqvwo5tNiEzsI52YAjy_0=] started vehicle Land Rover Defender (id=3FA181C13E414BC6A579F080B8A2D90C pos=<5189.822754, 368.908478, 5652.788574>)
19:55:03.257 [MissionAirdrop] An airdrop is heading towards "Nadbor" (pos=<5996.000000, 0.000000, 4513.000000> type=Random_Nadbor) with a ExpansionAirdropContainer_Basebuilding
19:55:23.257 [MissionAirdrop] An airdrop is heading towards "Zapadlisko" (pos=<8399.000000, 0.000000, 8803.000000> type=Random_Zapadlisko) with a ExpansionAirdropContainer_Basebuilding
19:55:34.554 [VehicleLeave] Player j420 [uid=bBw_D3S9A1Q9QDB8rzokX6lqvwo5tNiEzsI52YAjy_0=] left vehicle Land Rover Defender (id=3FA181C13E414BC6A579F080B8A2D90C pos=<4802.337402, 319.768463, 5116.014648>)
19:56:31.671 [VehicleEnter] Player j420 [uid=bBw_D3S9A1Q9QDB8rzokX6lqvwo5tNiEzsI52YAjy_0=] entered vehicle Land Rover Defender (id=3FA181C13E414BC6A579F080B8A2D90C pos=<4802.337891, 319.768494, 5116.014160>) as driver
19:56:34.601 [VehicleEngine] Player j420 [uid=bBw_D3S9A1Q9QDB8rzokX6lqvwo5tNiEzsI52YAjy_0=] started vehicle Land Rover Defender (id=3FA181C13E414BC6A579F080B8A2D90C pos=<4802.337402, 319.768433, 5116.014648>)
19:57:19.242 [VehicleDeleted] ExpansionUh1h_Medical (id=1CD5A668974C23014EF93B943E6EA5B2 pos=<1231.121094, 168.757324, 7566.832520>)
19:57:24.328 [VehicleLeave] Player j420 [uid=bBw_D3S9A1Q9QDB8rzokX6lqvwo5tNiEzsI52YAjy_0=] left vehicle Land Rover Defender (id=3FA181C13E414BC6A579F080B8A2D90C pos=<4504.587891, 281.547943, 4859.033203>)
19:59:03.773 [VehicleDestroyed] ExpansionUh1h (id=849D8ED2194D040622E59AB084A44CFE pos=<1227.693970, 169.340530, 7566.569824>)
20:03:18.109 [VehicleEnter] Player j420 [uid=bBw_D3S9A1Q9QDB8rzokX6lqvwo5tNiEzsI52YAjy_0=] entered vehicle Land Rover Defender (id=3FA181C13E414BC6A579F080B8A2D90C pos=<4504.587891, 281.547943, 4859.033203>) as driver
20:03:19.742 [VehicleEngine] Player j420 [uid=bBw_D3S9A1Q9QDB8rzokX6lqvwo5tNiEzsI52YAjy_0=] started vehicle Land Rover Defender (id=3FA181C13E414BC6A579F080B8A2D90C pos=<4504.587891, 281.547943, 4859.033203>)
20:04:06.601 [VehicleLeave] Player j420 [uid=bBw_D3S9A1Q9QDB8rzokX6lqvwo5tNiEzsI52YAjy_0=] left vehicle Land Rover Defender (id=3FA181C13E414BC6A579F080B8A2D90C pos=<4319.485352, 300.306519, 4281.975098>)
20:04:30.187 [VehicleEnter] Player j420 [uid=bBw_D3S9A1Q9QDB8rzokX6lqvwo5tNiEzsI52YAjy_0=] entered vehicle Land Rover Defender (id=3FA181C13E414BC6A579F080B8A2D90C pos=<4319.485352, 300.306549, 4281.975098>) as driver
20:04:31.812 [VehicleEngine] Player j420 [uid=bBw_D3S9A1Q9QDB8rzokX6lqvwo5tNiEzsI52YAjy_0=] started vehicle Land Rover Defender (id=3FA181C13E414BC6A579F080B8A2D90C pos=<4319.485840, 300.306549, 4281.974609>)
20:04:56.546 [VehicleDeleted] ExpansionUh1h (id=849D8ED2194D040622E59AB084A44CFE pos=<1230.902344, 168.758392, 7566.896484>)
20:07:00.562 [VehicleLeave] Player j420 [uid=bBw_D3S9A1Q9QDB8rzokX6lqvwo5tNiEzsI52YAjy_0=] left vehicle Land Rover Defender (id=3FA181C13E414BC6A579F080B8A2D90C pos=<3309.536621, 405.788483, 3706.624268>)
20:07:06.476 [VehicleDestroyed] ExpansionUh1h_Uber (id=E14D89DEB5426375ED124E92F21B7253 pos=<7924.634766, 169.507660, 11834.205078>)
20:12:03.398 [VehicleEnter] Player j420 [uid=bBw_D3S9A1Q9QDB8rzokX6lqvwo5tNiEzsI52YAjy_0=] entered vehicle Land Rover Defender (id=3FA181C13E414BC6A579F080B8A2D90C pos=<3309.536621, 405.788452, 3706.624268>) as driver
20:12:05.343 [VehicleEngine] Player j420 [uid=bBw_D3S9A1Q9QDB8rzokX6lqvwo5tNiEzsI52YAjy_0=] started vehicle Land Rover Defender (id=3FA181C13E414BC6A579F080B8A2D90C pos=<3309.536621, 405.788483, 3706.624268>)
20:12:46.781 [AI Patrol] Spawning 3 Shamans bots at <3289.693604, 486.423401, 2023.609375>
20:13:00.835 [VehicleDeleted] ExpansionUh1h_Uber (id=E14D89DEB5426375ED124E92F21B7253 pos=<7924.821289, 169.277161, 11834.080078>)
20:14:02.750 [VehicleLeave] Player j420 [uid=bBw_D3S9A1Q9QDB8rzokX6lqvwo5tNiEzsI52YAjy_0=] left vehicle Land Rover Defender (id=3FA181C13E414BC6A579F080B8A2D90C pos=<3336.743652, 490.038300, 2248.592041>)
20:14:45.359 [VehicleDestroyed] ExpansionUh1h_Uber (id=2CDFC0505F498ADD60E323946278E900 pos=<7924.850586, 169.349396, 11833.748047>)
20:14:58.070 [VehicleEnter] Player j420 [uid=bBw_D3S9A1Q9QDB8rzokX6lqvwo5tNiEzsI52YAjy_0=] entered vehicle Land Rover Defender (id=3FA181C13E414BC6A579F080B8A2D90C pos=<3336.743652, 490.038239, 2248.592041>) as driver
20:14:59.757 [VehicleEngine] Player j420 [uid=bBw_D3S9A1Q9QDB8rzokX6lqvwo5tNiEzsI52YAjy_0=] started vehicle Land Rover Defender (id=3FA181C13E414BC6A579F080B8A2D90C pos=<3336.743896, 490.038269, 2248.592041>)
20:16:03.132 [VehicleLeave] Player j420 [uid=bBw_D3S9A1Q9QDB8rzokX6lqvwo5tNiEzsI52YAjy_0=] left vehicle Land Rover Defender (id=3FA181C13E414BC6A579F080B8A2D90C pos=<3293.135498, 487.643921, 2024.784790>)
20:20:38.132 [VehicleDeleted] ExpansionUh1h_Uber (id=2CDFC0505F498ADD60E323946278E900 pos=<7921.427246, 168.649765, 11834.098633>)
20:22:48.062 [VehicleDestroyed] ExpansionUh1h_Uber (id=77AEE7CFF84289DF9C04238AE301B530 pos=<1227.737305, 169.337082, 7566.600586>)
20:24:30.632 [VehicleDeleted] Expansion_Landrover (id=3FA181C13E414BC6A579F080B8A2D90C pos=<3293.183594, 487.650513, 2024.852295>)
20:24:30.632 [VehicleCover] Player "j420" (id=bBw_D3S9A1Q9QDB8rzokX6lqvwo5tNiEzsI52YAjy_0= pos=<3293.189453, 486.414368, 2021.858154>) covered vehicle "Expansion_Landrover" (GlobalID=80000000800000008000000080000B7B pos=<3293.183594, 487.650513, 2024.852295>)!
20:24:40.671 [VehicleCover] Player "j420" (id=bBw_D3S9A1Q9QDB8rzokX6lqvwo5tNiEzsI52YAjy_0= pos=<3293.238770, 486.395477, 2021.591309>) uncovered vehicle "Expansion_Landrover" (GlobalID=80000000800000008000000080000B7B pos=<3293.183594, 487.650513, 2024.852295>)!
20:28:02.414 [VehicleDeleted] Expansion_Landrover (id=A0C1E4F7D4494162B36A12ACB1B1BE11 pos=<3293.183350, 487.650421, 2024.852295>)
20:28:02.414 [VehicleCover] Player "j420" (id=bBw_D3S9A1Q9QDB8rzokX6lqvwo5tNiEzsI52YAjy_0= pos=<3293.770752, 486.397552, 2021.391357>) covered vehicle "Expansion_Landrover" (GlobalID=80000000800000008000000080000B7B pos=<3293.183350, 487.650421, 2024.852295>)!
20:28:42.421 [VehicleDeleted] ExpansionUh1h_Uber (id=77AEE7CFF84289DF9C04238AE301B530 pos=<1231.074585, 168.753983, 7566.860352>)
20:30:26.945 [VehicleDestroyed] ExpansionUh1h_Resistance (id=6FB41A68574952AB33282CB7AB78BB6A pos=<7924.719238, 169.315689, 11833.813477>)
20:33:31.203 [VehicleCover] Player "j420" (id=bBw_D3S9A1Q9QDB8rzokX6lqvwo5tNiEzsI52YAjy_0= pos=<3290.684570, 486.581635, 2025.146606>) uncovered vehicle "Expansion_Landrover" (GlobalID=80000000800000008000000080000B7B pos=<3293.183350, 487.650421, 2024.852295>)!
20:36:19.718 [VehicleDeleted] ExpansionUh1h_Resistance (id=6FB41A68574952AB33282CB7AB78BB6A pos=<7924.514160, 169.313034, 11833.808594>)
20:37:32.515 [VehicleDeleted] Expansion_Landrover (id=498C23B81D4C9946C05D2B9745989ABB pos=<3293.183350, 487.650543, 2024.852295>)
20:37:32.515 [VehicleCover] Player "j420" (id=bBw_D3S9A1Q9QDB8rzokX6lqvwo5tNiEzsI52YAjy_0= pos=<3292.086914, 486.871460, 2025.306152>) covered vehicle "Expansion_Landrover" (GlobalID=80000000800000008000000080000B7B pos=<3293.183350, 487.650543, 2024.852295>)!
20:38:29.648 [VehicleDestroyed] ExpansionUh1h_Medical (id=25D7EF39D54595CEFBE8F193D33108A1 pos=<7924.691895, 169.396637, 11833.791992>)
20:44:23.921 [VehicleDeleted] ExpansionUh1h_Medical (id=25D7EF39D54595CEFBE8F193D33108A1 pos=<7925.069336, 169.052490, 11835.407227>)
20:46:08.445 [VehicleDestroyed] ExpansionUh1h (id=AC6B4F17B2465758FEC2368F1F7A18D2 pos=<1227.745361, 169.336884, 7566.602539>)
20:52:01.218 [VehicleDeleted] ExpansionUh1h (id=AC6B4F17B2465758FEC2368F1F7A18D2 pos=<1231.047974, 168.748611, 7566.889648>)
20:53:51.953 [Party] Player "daddy_kt06" (id=p8BJtCkPdMj4ZVYbNs7tJidYP0mOqJWQltw-Flz63MM=) joinded the party "kt06" (id=2 ownerUID=p8BJtCkPdMj4ZVYbNs7tJidYP0mOqJWQltw-Flz63MM= ownerName=daddy_kt06)
20:54:11.203 [VehicleDestroyed] ExpansionUh1h (id=BB37A088294C676CDFBD34A6FC4362B7 pos=<7924.599121, 169.285538, 11833.729492>)
21:00:05.468 [VehicleDeleted] ExpansionUh1h (id=BB37A088294C676CDFBD34A6FC4362B7 pos=<7921.092285, 168.623444, 11833.872070>)
21:01:01.101 [VehicleCover] Player "j420" (id=bBw_D3S9A1Q9QDB8rzokX6lqvwo5tNiEzsI52YAjy_0= pos=<3292.963135, 486.676941, 2025.627930>) uncovered vehicle "Expansion_Landrover" (GlobalID=80000000800000008000000080000B7B pos=<3293.183350, 487.650543, 2024.852295>)!
21:01:50.031 [VehicleDestroyed] ExpansionUh1h_Medical (id=29162594264ADC399E560ABB9CB14409 pos=<7924.738281, 169.327591, 11833.791016>)
21:02:52.804 [VehicleEnter] Player j420 [uid=bBw_D3S9A1Q9QDB8rzokX6lqvwo5tNiEzsI52YAjy_0=] entered vehicle Land Rover Defender (id=27662ABE684395681D59BEBB24C2538F pos=<3293.457275, 486.649689, 2025.678223>) as driver
21:04:13.804 [VehicleEngine] Player j420 [uid=bBw_D3S9A1Q9QDB8rzokX6lqvwo5tNiEzsI52YAjy_0=] started vehicle Land Rover Defender (id=27662ABE684395681D59BEBB24C2538F pos=<3293.455566, 486.647827, 2025.675781>)
21:04:21.750 [VehicleEnter] Player daddy_kt06 [uid=p8BJtCkPdMj4ZVYbNs7tJidYP0mOqJWQltw-Flz63MM=] entered vehicle Land Rover Defender (id=27662ABE684395681D59BEBB24C2538F pos=<3293.371338, 486.643433, 2025.683960>) as passenger
21:06:01.117 [VehicleLeave] Player daddy_kt06 [uid=p8BJtCkPdMj4ZVYbNs7tJidYP0mOqJWQltw-Flz63MM=] left vehicle Land Rover Defender (id=27662ABE684395681D59BEBB24C2538F pos=<2032.925659, 523.197754, 1650.126343>)
21:06:04.453 [VehicleLeave] Player j420 [uid=bBw_D3S9A1Q9QDB8rzokX6lqvwo5tNiEzsI52YAjy_0=] left vehicle Land Rover Defender (id=27662ABE684395681D59BEBB24C2538F pos=<2032.925537, 523.197876, 1650.126831>)
21:06:09.992 [VehicleEnter] Player j420 [uid=bBw_D3S9A1Q9QDB8rzokX6lqvwo5tNiEzsI52YAjy_0=] entered vehicle Land Rover Defender (id=27662ABE684395681D59BEBB24C2538F pos=<2032.919434, 523.198303, 1650.140747>) as driver
21:06:11.890 [VehicleEnter] Player j420 [uid=bBw_D3S9A1Q9QDB8rzokX6lqvwo5tNiEzsI52YAjy_0=] switched seats in vehicle Land Rover Defender (id=27662ABE684395681D59BEBB24C2538F pos=<2032.919434, 523.198242, 1650.140869>) to passenger
21:07:08.039 [VehicleEnter] Player daddy_kt06 [uid=p8BJtCkPdMj4ZVYbNs7tJidYP0mOqJWQltw-Flz63MM=] entered vehicle Land Rover Defender (id=27662ABE684395681D59BEBB24C2538F pos=<2032.919434, 523.198303, 1650.140747>) as driver
21:07:10.328 [VehicleEngine] Player daddy_kt06 [uid=p8BJtCkPdMj4ZVYbNs7tJidYP0mOqJWQltw-Flz63MM=] started vehicle Land Rover Defender (id=27662ABE684395681D59BEBB24C2538F pos=<2032.919434, 523.198242, 1650.140259>)
21:07:42.859 [VehicleDeleted] ExpansionUh1h_Medical (id=29162594264ADC399E560ABB9CB14409 pos=<7922.377930, 168.702789, 11834.714844>)
21:09:37.179 [VehicleEngine] Player daddy_kt06 [uid=p8BJtCkPdMj4ZVYbNs7tJidYP0mOqJWQltw-Flz63MM=] stopped vehicle Land Rover Defender (id=27662ABE684395681D59BEBB24C2538F pos=<554.334534, 612.774780, 1121.055420>)
21:09:37.992 [VehicleLeave] Player j420 [uid=bBw_D3S9A1Q9QDB8rzokX6lqvwo5tNiEzsI52YAjy_0=] left vehicle Land Rover Defender (id=27662ABE684395681D59BEBB24C2538F pos=<554.338257, 612.771362, 1121.053467>)
21:09:45.070 [VehicleLeave] Player daddy_kt06 [uid=p8BJtCkPdMj4ZVYbNs7tJidYP0mOqJWQltw-Flz63MM=] left vehicle Land Rover Defender (id=27662ABE684395681D59BEBB24C2538F pos=<554.354431, 612.782410, 1121.044067>)
21:09:52.812 [VehicleDestroyed] ExpansionUh1h_Uber (id=F75C32EC2745CE5D8EEEA7813DF1985A pos=<7924.823242, 169.320801, 11834.083984>)
21:15:47.070 [VehicleDeleted] ExpansionUh1h_Uber (id=F75C32EC2745CE5D8EEEA7813DF1985A pos=<7924.917480, 169.334091, 11834.040039>)
21:17:31.593 [VehicleDestroyed] ExpansionUh1h_Medical (id=8A342EC5D747B9351D32F5978AAAE377 pos=<1227.624634, 169.357056, 7566.486328>)
21:18:08.062 [VehicleDeleted] Expansion_Landrover (id=27662ABE684395681D59BEBB24C2538F pos=<554.376831, 612.782166, 1121.036865>)
21:18:08.062 [VehicleCover] Player "j420" (id=bBw_D3S9A1Q9QDB8rzokX6lqvwo5tNiEzsI52YAjy_0= pos=<556.782410, 612.881226, 1123.697510>) covered vehicle "Expansion_Landrover" (GlobalID=80000000800000008000000080000B7B pos=<554.376831, 612.782166, 1121.036865>)!
21:21:47.265 [MissionAirdrop] An airdrop is heading towards "Kolembrody" (pos=<8676.000000, 0.000000, 12114.000000> type=Random_Kolembrody) with a ExpansionAirdropContainer_Basebuilding
21:21:57.265 [MissionAirdrop] An airdrop is heading towards "Karlin" (pos=<9975.000000, 0.000000, 7242.000000> type=Random_Karlin) with a ExpansionAirdropContainer_Basebuilding
21:23:02.109 [VehicleDestroyed] Offroad_02 (id=583931179147CD64956F15AD96548EED pos=<829.596130, 531.054993, 1195.201538>)
21:23:24.468 [VehicleDeleted] ExpansionUh1h_Medical (id=8A342EC5D747B9351D32F5978AAAE377 pos=<1230.984009, 168.755798, 7566.881836>)
21:25:34.398 [VehicleDestroyed] ExpansionUh1h (id=660190439246B211878DF1B5BF7271D3 pos=<1227.624634, 169.356995, 7566.486328>)
21:31:28.671 [VehicleDeleted] ExpansionUh1h (id=660190439246B211878DF1B5BF7271D3 pos=<1230.976563, 168.761581, 7566.860840>)
21:33:13.203 [VehicleDestroyed] ExpansionUh1h_Resistance (id=9F8F73B71F4CB9E38A8BE08456054440 pos=<1227.624512, 169.357010, 7566.486328>)
21:39:05.968 [VehicleDeleted] ExpansionUh1h_Resistance (id=9F8F73B71F4CB9E38A8BE08456054440 pos=<1230.945435, 168.761505, 7566.870605>)
21:41:15.898 [VehicleDestroyed] ExpansionUh1h (id=D894DCD597412E1E51B27A8B04F848FE pos=<1227.691162, 169.341400, 7566.564453>)
21:47:10.171 [VehicleDeleted] ExpansionUh1h (id=D894DCD597412E1E51B27A8B04F848FE pos=<1230.916504, 168.752441, 7566.915039>)
21:48:54.703 [VehicleDestroyed] ExpansionUh1h (id=6740248C2D45B66C44D499AE3DDDA924 pos=<1227.745117, 169.336792, 7566.602539>)
21:54:47.476 [VehicleDeleted] ExpansionUh1h (id=6740248C2D45B66C44D499AE3DDDA924 pos=<1231.102539, 168.755188, 7566.846680>)
21:56:57.429 [VehicleDestroyed] ExpansionUh1h_Uber (id=54D953A29246DF17DA32188FC14215F7 pos=<7924.818848, 169.403610, 11833.550781>)
22:02:51.679 [VehicleDeleted] ExpansionUh1h_Uber (id=54D953A29246DF17DA32188FC14215F7 pos=<7924.892578, 169.446548, 11833.528320>)
22:04:36.203 [VehicleDestroyed] ExpansionUh1h_Uber (id=063A6CD0724AFFDD470493AEA3575B73 pos=<1227.723877, 169.337326, 7566.594727>)
22:10:28.976 [VehicleDeleted] ExpansionUh1h_Uber (id=063A6CD0724AFFDD470493AEA3575B73 pos=<1230.936523, 168.750229, 7566.917969>)
22:12:38.906 [VehicleDestroyed] ExpansionUh1h_Resistance (id=85C1D247D6459847F7BAFDA262E4FE84 pos=<1227.745850, 169.336716, 7566.602539>)
22:12:56.601 [VehicleCover] Player "daddy_kt06" (id=p8BJtCkPdMj4ZVYbNs7tJidYP0mOqJWQltw-Flz63MM= pos=<556.075867, 612.881226, 1123.688232>) uncovered vehicle "Expansion_Landrover" (GlobalID=80000000800000008000000080000B7B pos=<554.376831, 612.782166, 1121.036865>)!
22:14:27.765 [VehicleEnter] Player daddy_kt06 [uid=p8BJtCkPdMj4ZVYbNs7tJidYP0mOqJWQltw-Flz63MM=] entered vehicle Land Rover Defender (id=CE9F6CAC564BC3EA706DE19BCBCB4BB8 pos=<554.376526, 612.782227, 1121.036377>) as driver
22:14:29.820 [VehicleEngine] Player daddy_kt06 [uid=p8BJtCkPdMj4ZVYbNs7tJidYP0mOqJWQltw-Flz63MM=] started vehicle Land Rover Defender (id=CE9F6CAC564BC3EA706DE19BCBCB4BB8 pos=<554.376465, 612.782227, 1121.036377>)
22:14:37.562 [VehicleEnter] Player j420 [uid=bBw_D3S9A1Q9QDB8rzokX6lqvwo5tNiEzsI52YAjy_0=] entered vehicle Land Rover Defender (id=CE9F6CAC564BC3EA706DE19BCBCB4BB8 pos=<554.386658, 612.749634, 1121.019287>) as passenger
22:15:39.398 [VehicleLeave] Player daddy_kt06 [uid=p8BJtCkPdMj4ZVYbNs7tJidYP0mOqJWQltw-Flz63MM=] left vehicle Land Rover Defender (id=CE9F6CAC564BC3EA706DE19BCBCB4BB8 pos=<943.404175, 591.569519, 883.568115>)
22:16:14.546 [VehicleEnter] Player daddy_kt06 [uid=p8BJtCkPdMj4ZVYbNs7tJidYP0mOqJWQltw-Flz63MM=] entered vehicle Land Rover Defender (id=CE9F6CAC564BC3EA706DE19BCBCB4BB8 pos=<943.404236, 591.569519, 883.567627>) as driver
22:16:16.484 [VehicleEngine] Player daddy_kt06 [uid=p8BJtCkPdMj4ZVYbNs7tJidYP0mOqJWQltw-Flz63MM=] started vehicle Land Rover Defender (id=CE9F6CAC564BC3EA706DE19BCBCB4BB8 pos=<943.404053, 591.569519, 883.567749>)
22:16:45.609 [VehicleDeleted] Offroad_02 (id=583931179147CD64956F15AD96548EED pos=<829.596252, 531.054932, 1195.196167>)
22:17:08.468 [VehicleLeave] Player daddy_kt06 [uid=p8BJtCkPdMj4ZVYbNs7tJidYP0mOqJWQltw-Flz63MM=] left vehicle Land Rover Defender (id=CE9F6CAC564BC3EA706DE19BCBCB4BB8 pos=<1546.082520, 561.400146, 1339.682617>)
22:17:08.984 [VehicleEnter] Player j420 [uid=bBw_D3S9A1Q9QDB8rzokX6lqvwo5tNiEzsI52YAjy_0=] switched seats in vehicle Land Rover Defender (id=CE9F6CAC564BC3EA706DE19BCBCB4BB8 pos=<1546.082520, 561.400024, 1339.682739>) to driver
22:17:12.843 [VehicleEngine] Player j420 [uid=bBw_D3S9A1Q9QDB8rzokX6lqvwo5tNiEzsI52YAjy_0=] started vehicle Land Rover Defender (id=CE9F6CAC564BC3EA706DE19BCBCB4BB8 pos=<1546.082520, 561.400146, 1339.682861>)
22:17:15.468 [VehicleEnter] Player daddy_kt06 [uid=p8BJtCkPdMj4ZVYbNs7tJidYP0mOqJWQltw-Flz63MM=] entered vehicle Land Rover Defender (id=CE9F6CAC564BC3EA706DE19BCBCB4BB8 pos=<1546.083252, 561.400024, 1339.682495>) as passenger
22:18:33.210 [VehicleDeleted] ExpansionUh1h_Resistance (id=85C1D247D6459847F7BAFDA262E4FE84 pos=<1231.106323, 168.755493, 7566.844727>)
22:19:23.750 [VehicleLeave] Player j420 [uid=bBw_D3S9A1Q9QDB8rzokX6lqvwo5tNiEzsI52YAjy_0=] left vehicle Land Rover Defender (id=CE9F6CAC564BC3EA706DE19BCBCB4BB8 pos=<3153.450684, 503.532318, 2050.420898>)
22:19:40.515 [VehicleLeave] Player daddy_kt06 [uid=p8BJtCkPdMj4ZVYbNs7tJidYP0mOqJWQltw-Flz63MM=] left vehicle Land Rover Defender (id=CE9F6CAC564BC3EA706DE19BCBCB4BB8 pos=<3153.450684, 503.532288, 2050.421387>)
22:20:17.820 [VehicleDestroyed] ExpansionUh1h (id=66C2126EF248FA0EBC291E92E93D26DC pos=<1227.690918, 169.341507, 7566.564453>)
22:20:30.390 [VehicleDeleted] Expansion_Landrover (id=CE9F6CAC564BC3EA706DE19BCBCB4BB8 pos=<3153.450684, 503.532288, 2050.421387>)
22:20:30.390 [VehicleCover] Player "daddy_kt06" (id=p8BJtCkPdMj4ZVYbNs7tJidYP0mOqJWQltw-Flz63MM= pos=<3153.400146, 503.565765, 2048.811035>) covered vehicle "Expansion_Landrover" (GlobalID=80000000800000008000000080000B7B pos=<3153.450684, 503.532288, 2050.421387>)!
22:26:10.726 [VehicleDeleted] ExpansionUh1h (id=66C2126EF248FA0EBC291E92E93D26DC pos=<1230.959961, 168.750412, 7566.910156>)
22:28:20.679 [VehicleDestroyed] ExpansionUh1h_Uber (id=89C9E03A0E4AEE335F4BCF876CC41B9F pos=<7924.918945, 169.412231, 11833.546875>)
22:29:21.093 [Party] Player "daddy_kt06" (id=p8BJtCkPdMj4ZVYbNs7tJidYP0mOqJWQltw-Flz63MM=) left the party "kt06" (id=2 ownerUID=p8BJtCkPdMj4ZVYbNs7tJidYP0mOqJWQltw-Flz63MM= ownerName=daddy_kt06)
22:29:43.343 [Party] Player "j420" (id=bBw_D3S9A1Q9QDB8rzokX6lqvwo5tNiEzsI52YAjy_0=) left the party "kt06" (id=2 ownerUID=p8BJtCkPdMj4ZVYbNs7tJidYP0mOqJWQltw-Flz63MM= ownerName=daddy_kt06)
