12:36:45.207 [SpawnSelection] Player "Zef" (id=PU9-DJHe4LvreDPQFnAQ040hhezkutYOqXaBOvn79QE=) spawned at <3243.989258, 250.724686, 11933.792969>
12:37:27.656 [VehicleDestroyed] ExpansionUh1h_Resistance (id=5350791D3C4086F055FC3789741CBCF8 pos=<1227.746948, 169.336533, 7566.604004>)
12:41:27.179 [MissionAirdrop] An airdrop is heading towards "Zapadlisko" (pos=<8399.000000, 0.000000, 8803.000000> type=Random_Zapadlisko) with a ExpansionAirdropContainer_Basebuilding
12:41:37.175 [MissionAirdrop] An airdrop is heading towards "Gieraltow" (pos=<10899.000000, 0.000000, 4515.000000> type=Random_Gieraltow) with a ExpansionAirdropContainer
12:43:21.902 [VehicleDeleted] ExpansionUh1h_Resistance (id=5350791D3C4086F055FC3789741CBCF8 pos=<1231.135498, 168.750580, 7566.854492>)
12:45:06.453 [VehicleDestroyed] ExpansionUh1h_Uber (id=7718311D2F446E5D59E5B4878134E45D pos=<1227.714233, 169.341400, 7566.571289>)
12:50:59.203 [VehicleDeleted] ExpansionUh1h_Uber (id=7718311D2F446E5D59E5B4878134E45D pos=<1231.057983, 168.759109, 7566.845703>)
12:53:09.132 [VehicleDestroyed] ExpansionUh1h (id=26DD55045847AE3A23024AA4F2C7FEBE pos=<7924.760742, 169.653214, 11833.663086>)
12:59:03.441 [VehicleDeleted] ExpansionUh1h (id=26DD55045847AE3A23024AA4F2C7FEBE pos=<7924.718262, 169.389297, 11833.485352>)
13:00:47.968 [VehicleDestroyed] ExpansionUh1h_Uber (id=FD5A8CB4CC44ED40B696408448E444A0 pos=<7924.639648, 169.604614, 11833.774414>)
13:06:40.742 [VehicleDeleted] ExpansionUh1h_Uber (id=FD5A8CB4CC44ED40B696408448E444A0 pos=<7925.299805, 169.033920, 11835.699219>)
13:08:50.710 [VehicleDestroyed] ExpansionUh1h_Medical (id=3A8C5117E34AF5A72661A7B64E32BAB1 pos=<7924.729980, 169.392990, 11833.602539>)
13:14:44.957 [VehicleDeleted] ExpansionUh1h_Medical (id=3A8C5117E34AF5A72661A7B64E32BAB1 pos=<7924.723633, 169.413849, 11833.535156>)
13:16:29.484 [VehicleDestroyed] ExpansionUh1h_Resistance (id=9A7F466A8646B1A95CC9BA891452B243 pos=<1227.744141, 169.337158, 7566.602051>)
13:22:22.257 [VehicleDeleted] ExpansionUh1h_Resistance (id=9A7F466A8646B1A95CC9BA891452B243 pos=<1231.125122, 168.753189, 7566.847656>)
13:24:32.183 [VehicleDestroyed] ExpansionUh1h_Uber (id=EC72EAAC8F4C04C10DC6A89293C6DC5E pos=<1227.717407, 169.340912, 7566.574707>)
13:30:26.464 [VehicleDeleted] ExpansionUh1h_Uber (id=EC72EAAC8F4C04C10DC6A89293C6DC5E pos=<1230.990845, 168.750641, 7566.899414>)
13:32:11.042 [VehicleDestroyed] ExpansionUh1h (id=65BB5FF29E4F58F9B110CC825DEA8CB3 pos=<7924.895020, 169.409546, 11833.535156>)
13:38:03.765 [VehicleDeleted] ExpansionUh1h (id=65BB5FF29E4F58F9B110CC825DEA8CB3 pos=<7924.996094, 169.462875, 11833.540039>)
13:40:13.691 [VehicleDestroyed] ExpansionUh1h (id=52B7813662402197CAE5889EAB905C75 pos=<1227.689697, 169.341354, 7566.564453>)
13:46:08.000 [VehicleDeleted] ExpansionUh1h (id=52B7813662402197CAE5889EAB905C75 pos=<1230.912231, 168.756546, 7566.900879>)
13:47:52.527 [VehicleDestroyed] ExpansionUh1h (id=F11EB9DE474910A8BBCA5BA17489D338 pos=<7924.697754, 169.559448, 11833.869141>)
13:53:45.296 [VehicleDeleted] ExpansionUh1h (id=F11EB9DE474910A8BBCA5BA17489D338 pos=<7924.952148, 169.413818, 11833.629883>)
13:55:55.226 [VehicleDestroyed] ExpansionUh1h_Medical (id=A7252F76AB459BA376F353AE30391957 pos=<1227.744507, 169.336838, 7566.601563>)
14:01:49.500 [VehicleDeleted] ExpansionUh1h_Medical (id=A7252F76AB459BA376F353AE30391957 pos=<1231.083374, 168.751465, 7566.867676>)
14:03:34.023 [VehicleDestroyed] ExpansionUh1h_Medical (id=C526387EE44D59F13A37988CFF036CCA pos=<7924.731934, 169.317169, 11833.818359>)
14:08:14.175 [MissionAirdrop] An airdrop is heading towards "Karlin" (pos=<9975.000000, 0.000000, 7242.000000> type=Random_Karlin) with a ExpansionAirdropContainer_Military
14:08:24.175 [MissionAirdrop] An airdrop is heading towards "Kolembrody" (pos=<8676.000000, 0.000000, 12114.000000> type=Random_Kolembrody) with a ExpansionAirdropContainer
14:09:26.796 [VehicleDeleted] ExpansionUh1h_Medical (id=C526387EE44D59F13A37988CFF036CCA pos=<7924.556152, 169.315536, 11833.831055>)
14:11:36.726 [VehicleDestroyed] ExpansionUh1h_Medical (id=4613E16A914129B23A8FC2A5DF4AF142 pos=<1227.744507, 169.336823, 7566.601563>)
14:17:31.000 [VehicleDeleted] ExpansionUh1h_Medical (id=4613E16A914129B23A8FC2A5DF4AF142 pos=<1231.122314, 168.753372, 7566.848145>)
14:19:15.527 [VehicleDestroyed] ExpansionUh1h (id=7AA5B6DCBA423AAC531B7286089A7552 pos=<7924.669434, 169.612366, 11833.870117>)
14:20:06.398 [AI Patrol] Spawning 3 Shamans bots at <4389.871094, 233.610214, 10352.842773>
14:20:34.132 [AI Patrol] Spawning 3 Shamans bots at <3789.063721, 243.517502, 10264.017578>
14:20:59.617 [AI Patrol] Spawning 3 Shamans bots at <4143.470215, 237.636841, 10102.653320>
14:25:08.480 [VehicleDeleted] ExpansionUh1h (id=7AA5B6DCBA423AAC531B7286089A7552 pos=<7925.116699, 169.450729, 11833.586914>)
14:27:18.406 [VehicleDestroyed] ExpansionUh1h_Uber (id=5A43A0172B47A879D85680A157338B04 pos=<7924.485352, 169.483902, 11834.364258>)
14:33:12.695 [VehicleDeleted] ExpansionUh1h_Uber (id=5A43A0172B47A879D85680A157338B04 pos=<7925.151367, 169.004166, 11835.704102>)
14:34:57.250 [VehicleDestroyed] ExpansionUh1h_Uber (id=6841BF458640C708401222AF66346EA8 pos=<7924.827148, 169.406357, 11833.542969>)
14:40:49.996 [VehicleDeleted] ExpansionUh1h_Uber (id=6841BF458640C708401222AF66346EA8 pos=<7924.753418, 169.444672, 11833.424805>)
14:42:59.925 [VehicleDestroyed] ExpansionUh1h (id=B8A04DAF57449F031E1D9EB8BDCD97B9 pos=<1227.711426, 169.341003, 7566.570801>)
14:48:54.195 [VehicleDeleted] ExpansionUh1h (id=B8A04DAF57449F031E1D9EB8BDCD97B9 pos=<1231.051636, 168.747513, 7566.892090>)
14:50:38.726 [VehicleDestroyed] ExpansionUh1h_Resistance (id=D2B3A83A32424B44EDF2BA8C0FCE49CC pos=<1227.744507, 169.336868, 7566.601563>)
14:56:31.496 [VehicleDeleted] ExpansionUh1h_Resistance (id=D2B3A83A32424B44EDF2BA8C0FCE49CC pos=<1231.129883, 168.752350, 7566.849121>)
14:58:41.375 [VehicleDestroyed] ExpansionUh1h_Medical (id=79AEFF240B4C7E3FD0430BA69D3C57F0 pos=<7924.841309, 169.322617, 11834.053711>)
15:04:35.710 [VehicleDeleted] ExpansionUh1h_Medical (id=79AEFF240B4C7E3FD0430BA69D3C57F0 pos=<7924.580078, 169.289856, 11833.954102>)
15:06:20.238 [VehicleDestroyed] ExpansionUh1h_Uber (id=423DF88DC54A61597395E1BCA5CF9AC8 pos=<1227.623901, 169.357162, 7566.486328>)
15:11:17.117 [AI Patrol] Spawning 3 Shamans bots at <6378.569336, 174.520004, 11016.121094>
15:12:13.007 [VehicleDeleted] ExpansionUh1h_Uber (id=423DF88DC54A61597395E1BCA5CF9AC8 pos=<1230.973145, 168.759491, 7566.870605>)
15:14:22.937 [VehicleDestroyed] ExpansionUh1h_Medical (id=CC0E418FE145B05C285A7F834854BC29 pos=<7924.747070, 169.354721, 11833.653320>)
15:20:17.210 [VehicleDeleted] ExpansionUh1h_Medical (id=CC0E418FE145B05C285A7F834854BC29 pos=<7921.984863, 168.688980, 11834.446289>)
15:22:01.734 [VehicleDestroyed] ExpansionUh1h (id=B5E67A92AC424AA2DF0FC3988A68C0B5 pos=<1227.598999, 169.357254, 7566.475586>)
15:27:54.507 [VehicleDeleted] ExpansionUh1h (id=B5E67A92AC424AA2DF0FC3988A68C0B5 pos=<1230.821167, 168.780151, 7566.836426>)
15:30:04.437 [VehicleDestroyed] ExpansionUh1h_Medical (id=46A7E1B78C4C5997FAF666BF6C22C850 pos=<7924.787109, 169.649323, 11833.694336>)
15:35:05.218 [MissionAirdrop] An airdrop is heading towards "Tarnow" (pos=<9976.000000, 0.000000, 11000.000000> type=Random_Tarnow) with a ExpansionAirdropContainer_Medical
15:35:25.218 [MissionAirdrop] An airdrop is heading towards "Muratyn" (pos=<4559.000000, 0.000000, 6852.000000> type=Random_Muratyn) with a ExpansionAirdropContainer
15:35:58.710 [VehicleDeleted] ExpansionUh1h_Medical (id=46A7E1B78C4C5997FAF666BF6C22C850 pos=<7924.894531, 169.410583, 11833.528320>)
15:37:43.238 [VehicleDestroyed] ExpansionUh1h (id=594F416D6E48FF6B5D341385F3AACBC9 pos=<1227.623657, 169.357132, 7566.486328>)
15:43:36.007 [VehicleDeleted] ExpansionUh1h (id=594F416D6E48FF6B5D341385F3AACBC9 pos=<1230.977783, 168.753983, 7566.890625>)
15:45:45.953 [VehicleDestroyed] ExpansionUh1h (id=EA9B18209B4A4FB832C46C9D406B8ED5 pos=<1227.744995, 169.336487, 7566.602539>)
15:51:40.250 [VehicleDeleted] ExpansionUh1h (id=EA9B18209B4A4FB832C46C9D406B8ED5 pos=<1231.099976, 168.745682, 7566.885254>)
15:53:24.777 [VehicleDestroyed] ExpansionUh1h_Uber (id=ACC3869BE74EDD4A26AFEF9E4F2BD210 pos=<7924.730469, 169.551498, 11833.636719>)
15:59:17.562 [VehicleDeleted] ExpansionUh1h_Uber (id=ACC3869BE74EDD4A26AFEF9E4F2BD210 pos=<7924.288086, 169.303726, 11833.528320>)
16:01:27.492 [VehicleDestroyed] ExpansionUh1h (id=F0C7F523D34D1C559EAD08A761831C12 pos=<7924.627441, 169.420578, 11833.811523>)
16:07:21.785 [VehicleDeleted] ExpansionUh1h (id=F0C7F523D34D1C559EAD08A761831C12 pos=<7925.134766, 169.058167, 11835.440430>)
16:09:06.289 [VehicleDestroyed] ExpansionUh1h (id=62CFB185BE4E617A9F2C428C92A4BEEF pos=<7924.840332, 169.321350, 11834.053711>)
16:14:59.085 [VehicleDeleted] ExpansionUh1h (id=62CFB185BE4E617A9F2C428C92A4BEEF pos=<7924.582031, 169.289001, 11833.962891>)
16:17:09.011 [VehicleDestroyed] ExpansionUh1h (id=FDF617081F416F61F267129A98CDF811 pos=<7924.645996, 169.412247, 11833.823242>)
16:23:03.285 [VehicleDeleted] ExpansionUh1h (id=FDF617081F416F61F267129A98CDF811 pos=<7925.103027, 169.052322, 11835.438477>)
16:24:47.812 [VehicleDestroyed] ExpansionUh1h_Uber (id=AED57E8A994BEBEFB16ADE8D015BAB5D pos=<1227.744873, 169.336929, 7566.602539>)
16:30:40.585 [VehicleDeleted] ExpansionUh1h_Uber (id=AED57E8A994BEBEFB16ADE8D015BAB5D pos=<1231.083984, 168.747177, 7566.883789>)
16:32:50.511 [VehicleDestroyed] ExpansionUh1h_Resistance (id=14C5FE1DB44807BA2D416BA8C6AB0F7F pos=<1227.728516, 169.337280, 7566.597656>)
16:38:44.781 [VehicleDeleted] ExpansionUh1h_Resistance (id=14C5FE1DB44807BA2D416BA8C6AB0F7F pos=<1231.062866, 168.752655, 7566.869141>)
16:40:29.312 [VehicleDestroyed] ExpansionUh1h (id=A768EAF179487D59A2464B97A2E3AA3E pos=<7924.665527, 169.632019, 11833.849609>)
16:46:22.085 [VehicleDeleted] ExpansionUh1h (id=A768EAF179487D59A2464B97A2E3AA3E pos=<7925.170410, 169.465820, 11833.561523>)
16:48:32.007 [VehicleDestroyed] ExpansionUh1h_Resistance (id=830BC3907C4D2D3382CF02B252A17D73 pos=<1227.723022, 169.337692, 7566.594238>)
