---------------------------------------------
Log C:\Users\rylic\OneDrive\Documents\Winter-Livonia\servers\Production\profiles\crash_2024-02-04_12-00-29.log started at 04.02. 12:01:03



------------------------------------
WINTER-LIVONIA-, 04.02 2024 12:01:03

Invalid formation name Line
Function: 'Error'
Stack trace:
scripts/1_Core/proto\endebug.c:92
DayZExpansion/AI/Scripts/4_World/dayzexpansion_ai\classes\formations\eaiformation.c:117
DayZExpansion/AI/Scripts/4_World/dayzexpansion_ai\classes\patrols\patrolmanager.c:122
DayZExpansion/AI/Scripts/4_World/dayzexpansion_ai\classes\patrols\patrolmanager.c:24
DayZExpansion/AI/Scripts/4_World/dayzexpansion_ai\classes\patrols\eaidynamicpatrolspawner.c:28
DayZExpansion/AI/Scripts/4_World/dayzexpansion_ai\entities\buildings\buildingbase.c:59

Runtime mode
CLI params: config serverDZ.cfg.active port 2302 profiles profiles adminlog  freezecheck  dologs  mod @CF;@Community-Online-Tools;@DayZ-Expansion-Licensed;@DayZ-Expansion-Bundle;@Dabs Framework;@DayZ Editor Loader;@Winter Chernarus V2;@Winter Livonia;@GameLabs;@42 Months After Winter Livonia Mod Pack;@FlipTransport; 


------------------------------------
WINTER-LIVONIA-, 04.02 2024 12:01:03

Invalid formation name Line
Function: 'Error'
Stack trace:
scripts/1_Core/proto\endebug.c:92
DayZExpansion/AI/Scripts/4_World/dayzexpansion_ai\classes\formations\eaiformation.c:117
DayZExpansion/AI/Scripts/4_World/dayzexpansion_ai\classes\patrols\patrolmanager.c:122
DayZExpansion/AI/Scripts/4_World/dayzexpansion_ai\classes\patrols\patrolmanager.c:24
DayZExpansion/AI/Scripts/4_World/dayzexpansion_ai\classes\patrols\eaidynamicpatrolspawner.c:28
DayZExpansion/AI/Scripts/4_World/dayzexpansion_ai\entities\buildings\buildingbase.c:59

Runtime mode
CLI params: config serverDZ.cfg.active port 2302 profiles profiles adminlog  freezecheck  dologs  mod @CF;@Community-Online-Tools;@DayZ-Expansion-Licensed;@DayZ-Expansion-Bundle;@Dabs Framework;@DayZ Editor Loader;@Winter Chernarus V2;@Winter Livonia;@GameLabs;@42 Months After Winter Livonia Mod Pack;@FlipTransport; 


------------------------------------
WINTER-LIVONIA-, 04.02 2024 12:01:03

Invalid formation name Line
Function: 'Error'
Stack trace:
scripts/1_Core/proto\endebug.c:92
DayZExpansion/AI/Scripts/4_World/dayzexpansion_ai\classes\formations\eaiformation.c:117
DayZExpansion/AI/Scripts/4_World/dayzexpansion_ai\classes\patrols\patrolmanager.c:122
DayZExpansion/AI/Scripts/4_World/dayzexpansion_ai\classes\patrols\patrolmanager.c:24
DayZExpansion/AI/Scripts/4_World/dayzexpansion_ai\classes\patrols\eaidynamicpatrolspawner.c:28
DayZExpansion/AI/Scripts/4_World/dayzexpansion_ai\entities\buildings\buildingbase.c:59

Runtime mode
CLI params: config serverDZ.cfg.active port 2302 profiles profiles adminlog  freezecheck  dologs  mod @CF;@Community-Online-Tools;@DayZ-Expansion-Licensed;@DayZ-Expansion-Bundle;@Dabs Framework;@DayZ Editor Loader;@Winter Chernarus V2;@Winter Livonia;@GameLabs;@42 Months After Winter Livonia Mod Pack;@FlipTransport; 


------------------------------------
WINTER-LIVONIA-, 04.02 2024 12:01:04

Invalid formation name Line
Function: 'Error'
Stack trace:
scripts/1_Core/proto\endebug.c:92
DayZExpansion/AI/Scripts/4_World/dayzexpansion_ai\classes\formations\eaiformation.c:117
DayZExpansion/AI/Scripts/4_World/dayzexpansion_ai\classes\patrols\patrolmanager.c:122
DayZExpansion/AI/Scripts/4_World/dayzexpansion_ai\classes\patrols\patrolmanager.c:24
DayZExpansion/AI/Scripts/4_World/dayzexpansion_ai\classes\patrols\eaidynamicpatrolspawner.c:28
DayZExpansion/AI/Scripts/4_World/dayzexpansion_ai\entities\buildings\buildingbase.c:28
scripts/3_Game/dayzgame.c:2821
GameLabs/Scripts/3_Game/3_Hooking/ђръзѝѐ*Рћђ.rtm:7
JM/CF/Scripts/3_Game/communityframework\game\dayzgame.c:23
DayZExpansion/Core/Scripts/3_Game/dayzexpansion_core\dayzgame.c:244

Runtime mode
CLI params: config serverDZ.cfg.active port 2302 profiles profiles adminlog  freezecheck  dologs  mod @CF;@Community-Online-Tools;@DayZ-Expansion-Licensed;@DayZ-Expansion-Bundle;@Dabs Framework;@DayZ Editor Loader;@Winter Chernarus V2;@Winter Livonia;@GameLabs;@42 Months After Winter Livonia Mod Pack;@FlipTransport; 


------------------------------------
WINTER-LIVONIA-, 04.02 2024 12:01:04

Invalid formation name Line
Function: 'Error'
Stack trace:
scripts/1_Core/proto\endebug.c:92
DayZExpansion/AI/Scripts/4_World/dayzexpansion_ai\classes\formations\eaiformation.c:117
DayZExpansion/AI/Scripts/4_World/dayzexpansion_ai\classes\patrols\patrolmanager.c:122
DayZExpansion/AI/Scripts/4_World/dayzexpansion_ai\classes\patrols\patrolmanager.c:24
DayZExpansion/AI/Scripts/4_World/dayzexpansion_ai\classes\patrols\eaidynamicpatrolspawner.c:28
DayZExpansion/AI/Scripts/4_World/dayzexpansion_ai\entities\buildings\buildingbase.c:28
scripts/3_Game/dayzgame.c:2821
GameLabs/Scripts/3_Game/3_Hooking/ђръзѝѐ*Рћђ.rtm:7
JM/CF/Scripts/3_Game/communityframework\game\dayzgame.c:23
DayZExpansion/Core/Scripts/3_Game/dayzexpansion_core\dayzgame.c:244

Runtime mode
CLI params: config serverDZ.cfg.active port 2302 profiles profiles adminlog  freezecheck  dologs  mod @CF;@Community-Online-Tools;@DayZ-Expansion-Licensed;@DayZ-Expansion-Bundle;@Dabs Framework;@DayZ Editor Loader;@Winter Chernarus V2;@Winter Livonia;@GameLabs;@42 Months After Winter Livonia Mod Pack;@FlipTransport; 


------------------------------------
WINTER-LIVONIA-, 04.02 2024 12:01:04

Invalid formation name Line
Function: 'Error'
Stack trace:
scripts/1_Core/proto\endebug.c:92
DayZExpansion/AI/Scripts/4_World/dayzexpansion_ai\classes\formations\eaiformation.c:117
DayZExpansion/AI/Scripts/4_World/dayzexpansion_ai\classes\patrols\patrolmanager.c:122
DayZExpansion/AI/Scripts/4_World/dayzexpansion_ai\classes\patrols\patrolmanager.c:24
DayZExpansion/AI/Scripts/4_World/dayzexpansion_ai\classes\patrols\eaidynamicpatrolspawner.c:28
DayZExpansion/AI/Scripts/4_World/dayzexpansion_ai\entities\buildings\buildingbase.c:28
scripts/3_Game/dayzgame.c:2821
GameLabs/Scripts/3_Game/3_Hooking/ђръзѝѐ*Рћђ.rtm:7
JM/CF/Scripts/3_Game/communityframework\game\dayzgame.c:23
DayZExpansion/Core/Scripts/3_Game/dayzexpansion_core\dayzgame.c:244

Runtime mode
CLI params: config serverDZ.cfg.active port 2302 profiles profiles adminlog  freezecheck  dologs  mod @CF;@Community-Online-Tools;@DayZ-Expansion-Licensed;@DayZ-Expansion-Bundle;@Dabs Framework;@DayZ Editor Loader;@Winter Chernarus V2;@Winter Livonia;@GameLabs;@42 Months After Winter Livonia Mod Pack;@FlipTransport; 


------------------------------------
WINTER-LIVONIA-, 04.02 2024 12:01:04

Invalid formation name Line
Function: 'Error'
Stack trace:
scripts/1_Core/proto\endebug.c:92
DayZExpansion/AI/Scripts/4_World/dayzexpansion_ai\classes\formations\eaiformation.c:117
DayZExpansion/AI/Scripts/4_World/dayzexpansion_ai\classes\patrols\patrolmanager.c:122
DayZExpansion/AI/Scripts/4_World/dayzexpansion_ai\classes\patrols\patrolmanager.c:24
DayZExpansion/AI/Scripts/4_World/dayzexpansion_ai\classes\patrols\eaidynamicpatrolspawner.c:28
DayZExpansion/AI/Scripts/4_World/dayzexpansion_ai\entities\buildings\buildingbase.c:28
scripts/3_Game/dayzgame.c:2821
GameLabs/Scripts/3_Game/3_Hooking/ђръзѝѐ*Рћђ.rtm:7
JM/CF/Scripts/3_Game/communityframework\game\dayzgame.c:23
DayZExpansion/Core/Scripts/3_Game/dayzexpansion_core\dayzgame.c:244

Runtime mode
CLI params: config serverDZ.cfg.active port 2302 profiles profiles adminlog  freezecheck  dologs  mod @CF;@Community-Online-Tools;@DayZ-Expansion-Licensed;@DayZ-Expansion-Bundle;@Dabs Framework;@DayZ Editor Loader;@Winter Chernarus V2;@Winter Livonia;@GameLabs;@42 Months After Winter Livonia Mod Pack;@FlipTransport; 


------------------------------------
WINTER-LIVONIA-, 04.02 2024 12:01:04

Invalid formation name Line
Function: 'Error'
Stack trace:
scripts/1_Core/proto\endebug.c:92
DayZExpansion/AI/Scripts/4_World/dayzexpansion_ai\classes\formations\eaiformation.c:117
DayZExpansion/AI/Scripts/4_World/dayzexpansion_ai\classes\patrols\patrolmanager.c:122
DayZExpansion/AI/Scripts/4_World/dayzexpansion_ai\classes\patrols\patrolmanager.c:24
DayZExpansion/AI/Scripts/4_World/dayzexpansion_ai\classes\patrols\eaidynamicpatrolspawner.c:28
DayZExpansion/AI/Scripts/4_World/dayzexpansion_ai\entities\buildings\buildingbase.c:28
scripts/3_Game/dayzgame.c:2821
GameLabs/Scripts/3_Game/3_Hooking/ђръзѝѐ*Рћђ.rtm:7
JM/CF/Scripts/3_Game/communityframework\game\dayzgame.c:23
DayZExpansion/Core/Scripts/3_Game/dayzexpansion_core\dayzgame.c:244

Runtime mode
CLI params: config serverDZ.cfg.active port 2302 profiles profiles adminlog  freezecheck  dologs  mod @CF;@Community-Online-Tools;@DayZ-Expansion-Licensed;@DayZ-Expansion-Bundle;@Dabs Framework;@DayZ Editor Loader;@Winter Chernarus V2;@Winter Livonia;@GameLabs;@42 Months After Winter Livonia Mod Pack;@FlipTransport; 


------------------------------------
WINTER-LIVONIA-, 04.02 2024 12:01:04

Invalid formation name Line
Function: 'Error'
Stack trace:
scripts/1_Core/proto\endebug.c:92
DayZExpansion/AI/Scripts/4_World/dayzexpansion_ai\classes\formations\eaiformation.c:117
DayZExpansion/AI/Scripts/4_World/dayzexpansion_ai\classes\patrols\patrolmanager.c:122
DayZExpansion/AI/Scripts/4_World/dayzexpansion_ai\classes\patrols\patrolmanager.c:24
DayZExpansion/AI/Scripts/4_World/dayzexpansion_ai\classes\patrols\eaidynamicpatrolspawner.c:28
DayZExpansion/AI/Scripts/4_World/dayzexpansion_ai\entities\buildings\buildingbase.c:28
scripts/3_Game/dayzgame.c:2821
GameLabs/Scripts/3_Game/3_Hooking/ђръзѝѐ*Рћђ.rtm:7
JM/CF/Scripts/3_Game/communityframework\game\dayzgame.c:23
DayZExpansion/Core/Scripts/3_Game/dayzexpansion_core\dayzgame.c:244

Runtime mode
CLI params: config serverDZ.cfg.active port 2302 profiles profiles adminlog  freezecheck  dologs  mod @CF;@Community-Online-Tools;@DayZ-Expansion-Licensed;@DayZ-Expansion-Bundle;@Dabs Framework;@DayZ Editor Loader;@Winter Chernarus V2;@Winter Livonia;@GameLabs;@42 Months After Winter Livonia Mod Pack;@FlipTransport; 


------------------------------------
WINTER-LIVONIA-, 04.02 2024 12:01:04

Invalid formation name Line
Function: 'Error'
Stack trace:
scripts/1_Core/proto\endebug.c:92
DayZExpansion/AI/Scripts/4_World/dayzexpansion_ai\classes\formations\eaiformation.c:117
DayZExpansion/AI/Scripts/4_World/dayzexpansion_ai\classes\patrols\patrolmanager.c:122
DayZExpansion/AI/Scripts/4_World/dayzexpansion_ai\classes\patrols\patrolmanager.c:24
DayZExpansion/AI/Scripts/4_World/dayzexpansion_ai\classes\patrols\eaidynamicpatrolspawner.c:28
DayZExpansion/AI/Scripts/4_World/dayzexpansion_ai\entities\buildings\buildingbase.c:28
scripts/3_Game/dayzgame.c:2821
GameLabs/Scripts/3_Game/3_Hooking/ђръзѝѐ*Рћђ.rtm:7
JM/CF/Scripts/3_Game/communityframework\game\dayzgame.c:23
DayZExpansion/Core/Scripts/3_Game/dayzexpansion_core\dayzgame.c:244

Runtime mode
CLI params: config serverDZ.cfg.active port 2302 profiles profiles adminlog  freezecheck  dologs  mod @CF;@Community-Online-Tools;@DayZ-Expansion-Licensed;@DayZ-Expansion-Bundle;@Dabs Framework;@DayZ Editor Loader;@Winter Chernarus V2;@Winter Livonia;@GameLabs;@42 Months After Winter Livonia Mod Pack;@FlipTransport; 


------------------------------------
WINTER-LIVONIA-, 04.02 2024 12:01:04

Invalid formation name Line
Function: 'Error'
Stack trace:
scripts/1_Core/proto\endebug.c:92
DayZExpansion/AI/Scripts/4_World/dayzexpansion_ai\classes\formations\eaiformation.c:117
DayZExpansion/AI/Scripts/4_World/dayzexpansion_ai\classes\patrols\patrolmanager.c:122
DayZExpansion/AI/Scripts/4_World/dayzexpansion_ai\classes\patrols\patrolmanager.c:24
DayZExpansion/AI/Scripts/4_World/dayzexpansion_ai\classes\patrols\eaidynamicpatrolspawner.c:28
DayZExpansion/AI/Scripts/4_World/dayzexpansion_ai\entities\buildings\buildingbase.c:28
scripts/3_Game/dayzgame.c:2821
GameLabs/Scripts/3_Game/3_Hooking/ђръзѝѐ*Рћђ.rtm:7
JM/CF/Scripts/3_Game/communityframework\game\dayzgame.c:23
DayZExpansion/Core/Scripts/3_Game/dayzexpansion_core\dayzgame.c:244

Runtime mode
CLI params: config serverDZ.cfg.active port 2302 profiles profiles adminlog  freezecheck  dologs  mod @CF;@Community-Online-Tools;@DayZ-Expansion-Licensed;@DayZ-Expansion-Bundle;@Dabs Framework;@DayZ Editor Loader;@Winter Chernarus V2;@Winter Livonia;@GameLabs;@42 Months After Winter Livonia Mod Pack;@FlipTransport; 


------------------------------------
WINTER-LIVONIA-, 04.02 2024 12:01:04

Invalid formation name Line
Function: 'Error'
Stack trace:
scripts/1_Core/proto\endebug.c:92
DayZExpansion/AI/Scripts/4_World/dayzexpansion_ai\classes\formations\eaiformation.c:117
DayZExpansion/AI/Scripts/4_World/dayzexpansion_ai\classes\patrols\patrolmanager.c:122
DayZExpansion/AI/Scripts/4_World/dayzexpansion_ai\classes\patrols\patrolmanager.c:24
DayZExpansion/AI/Scripts/4_World/dayzexpansion_ai\classes\patrols\eaidynamicpatrolspawner.c:28
DayZExpansion/AI/Scripts/4_World/dayzexpansion_ai\entities\buildings\buildingbase.c:28
scripts/3_Game/dayzgame.c:2821
GameLabs/Scripts/3_Game/3_Hooking/ђръзѝѐ*Рћђ.rtm:7
JM/CF/Scripts/3_Game/communityframework\game\dayzgame.c:23
DayZExpansion/Core/Scripts/3_Game/dayzexpansion_core\dayzgame.c:244

Runtime mode
CLI params: config serverDZ.cfg.active port 2302 profiles profiles adminlog  freezecheck  dologs  mod @CF;@Community-Online-Tools;@DayZ-Expansion-Licensed;@DayZ-Expansion-Bundle;@Dabs Framework;@DayZ Editor Loader;@Winter Chernarus V2;@Winter Livonia;@GameLabs;@42 Months After Winter Livonia Mod Pack;@FlipTransport; 


------------------------------------
WINTER-LIVONIA-, 04.02 2024 12:01:15

Invalid formation name Line
Function: 'Error'
Stack trace:
scripts/1_Core/proto\endebug.c:92
DayZExpansion/AI/Scripts/4_World/dayzexpansion_ai\classes\formations\eaiformation.c:117
DayZExpansion/AI/Scripts/4_World/dayzexpansion_ai\classes\patrols\patrolmanager.c:122
DayZExpansion/AI/Scripts/4_World/dayzexpansion_ai\classes\patrols\patrolmanager.c:195
scripts/3_Game/dayzgame.c:2821
GameLabs/Scripts/3_Game/3_Hooking/ђръзѝѐ*Рћђ.rtm:7
JM/CF/Scripts/3_Game/communityframework\game\dayzgame.c:23
DayZExpansion/Core/Scripts/3_Game/dayzexpansion_core\dayzgame.c:244

Runtime mode
CLI params: config serverDZ.cfg.active port 2302 profiles profiles adminlog  freezecheck  dologs  mod @CF;@Community-Online-Tools;@DayZ-Expansion-Licensed;@DayZ-Expansion-Bundle;@Dabs Framework;@DayZ Editor Loader;@Winter Chernarus V2;@Winter Livonia;@GameLabs;@42 Months After Winter Livonia Mod Pack;@FlipTransport; 


------------------------------------
WINTER-LIVONIA-, 04.02 2024 12:01:15

Invalid formation name Line
Function: 'Error'
Stack trace:
scripts/1_Core/proto\endebug.c:92
DayZExpansion/AI/Scripts/4_World/dayzexpansion_ai\classes\formations\eaiformation.c:117
DayZExpansion/AI/Scripts/4_World/dayzexpansion_ai\classes\patrols\patrolmanager.c:122
DayZExpansion/AI/Scripts/4_World/dayzexpansion_ai\classes\patrols\patrolmanager.c:195
scripts/3_Game/dayzgame.c:2821
GameLabs/Scripts/3_Game/3_Hooking/ђръзѝѐ*Рћђ.rtm:7
JM/CF/Scripts/3_Game/communityframework\game\dayzgame.c:23
DayZExpansion/Core/Scripts/3_Game/dayzexpansion_core\dayzgame.c:244

Runtime mode
CLI params: config serverDZ.cfg.active port 2302 profiles profiles adminlog  freezecheck  dologs  mod @CF;@Community-Online-Tools;@DayZ-Expansion-Licensed;@DayZ-Expansion-Bundle;@Dabs Framework;@DayZ Editor Loader;@Winter Chernarus V2;@Winter Livonia;@GameLabs;@42 Months After Winter Livonia Mod Pack;@FlipTransport; 


------------------------------------
WINTER-LIVONIA-, 04.02 2024 12:01:15

Invalid formation name Line
Function: 'Error'
Stack trace:
scripts/1_Core/proto\endebug.c:92
DayZExpansion/AI/Scripts/4_World/dayzexpansion_ai\classes\formations\eaiformation.c:117
DayZExpansion/AI/Scripts/4_World/dayzexpansion_ai\classes\patrols\patrolmanager.c:122
DayZExpansion/AI/Scripts/4_World/dayzexpansion_ai\classes\patrols\patrolmanager.c:195
scripts/3_Game/dayzgame.c:2821
GameLabs/Scripts/3_Game/3_Hooking/ђръзѝѐ*Рћђ.rtm:7
JM/CF/Scripts/3_Game/communityframework\game\dayzgame.c:23
DayZExpansion/Core/Scripts/3_Game/dayzexpansion_core\dayzgame.c:244

Runtime mode
CLI params: config serverDZ.cfg.active port 2302 profiles profiles adminlog  freezecheck  dologs  mod @CF;@Community-Online-Tools;@DayZ-Expansion-Licensed;@DayZ-Expansion-Bundle;@Dabs Framework;@DayZ Editor Loader;@Winter Chernarus V2;@Winter Livonia;@GameLabs;@42 Months After Winter Livonia Mod Pack;@FlipTransport; 


------------------------------------
WINTER-LIVONIA-, 04.02 2024 12:01:15

Invalid formation name Line
Function: 'Error'
Stack trace:
scripts/1_Core/proto\endebug.c:92
DayZExpansion/AI/Scripts/4_World/dayzexpansion_ai\classes\formations\eaiformation.c:117
DayZExpansion/AI/Scripts/4_World/dayzexpansion_ai\classes\patrols\patrolmanager.c:122
DayZExpansion/AI/Scripts/4_World/dayzexpansion_ai\classes\patrols\patrolmanager.c:195
scripts/3_Game/dayzgame.c:2821
GameLabs/Scripts/3_Game/3_Hooking/ђръзѝѐ*Рћђ.rtm:7
JM/CF/Scripts/3_Game/communityframework\game\dayzgame.c:23
DayZExpansion/Core/Scripts/3_Game/dayzexpansion_core\dayzgame.c:244

Runtime mode
CLI params: config serverDZ.cfg.active port 2302 profiles profiles adminlog  freezecheck  dologs  mod @CF;@Community-Online-Tools;@DayZ-Expansion-Licensed;@DayZ-Expansion-Bundle;@Dabs Framework;@DayZ Editor Loader;@Winter Chernarus V2;@Winter Livonia;@GameLabs;@42 Months After Winter Livonia Mod Pack;@FlipTransport; 
