---------------------------------------------
Log C:\Users\rylic\OneDrive\Documents\Winter-Livonia\servers\Production\profiles\script_2024-01-27_14-11-06.log started at 27.01. 14:11:06

SCRIPT       : Registered 398 temporary action enum(s), UAN==398
SCRIPT    (W): @"GameLabs/Scripts/3_Game/API/*бхоЦотц.ogg,265": Possible variable name conflict 'player'
SCRIPT    (W): @"GameLabs/Scripts/3_Game/API/*бхоЦотц.ogg,265": Possible variable name conflict 'murderer'
SCRIPT    (W): @"GameLabs/Scripts/3_Game/API/*бхоЦотц.ogg,265": Possible variable name conflict 'weapon'
SCRIPT    (W): @"GameLabs/Scripts/3_Game/API/*бхоЦотц.ogg,265": Possible variable name conflict 'weaponNiceName'
SCRIPT    (W): @"GameLabs/Scripts/3_Game/API/*бхоЦотц.ogg,154": Possible variable name conflict 'initial'
SCRIPT    (W): @"GameLabs/Scripts/3_Game/API/*бхоЦотц.ogg,154": Possible variable name conflict 'interval'
SCRIPT    (W): @"GameLabs/Scripts/3_Game/API/*бхоЦотц.ogg,154": Possible variable name conflict 'added'
SCRIPT    (W): @"GameLabs/Scripts/3_Game/API/*бхоЦотц.ogg,154": Possible variable name conflict 'removed'
SCRIPT    (W): @"GameLabs/Scripts/3_Game/API/*бхоЦотц.ogg,243": Possible variable name conflict 'initial'
SCRIPT    (W): @"GameLabs/Scripts/3_Game/API/*бхоЦотц.ogg,243": Possible variable name conflict 'interval'
SCRIPT    (W): @"GameLabs/Scripts/3_Game/API/*бхоЦотц.ogg,243": Possible variable name conflict 'updated'
SCRIPT    (W): @"GameLabs/Scripts/3_Game/?їкЮСч.rvmat,29": Possible variable name conflict 'modId'
SCRIPT    (W): @"GameLabs/Scripts/3_Game/?їкЮСч.rvmat,29": Possible variable name conflict 'key'
SCRIPT    (W): @"GameLabs/Scripts/3_Game/Эџрѓљ?зјѐ.ogg,207": Possible variable name conflict 'status'
SCRIPT    (W): @"GameLabs/Scripts/3_Game/3_Hooking/оі?Унёџ.p3d,8": Possible variable name conflict 'uid'
SCRIPT    (W): @"GameLabs/Scripts/3_Game/3_Hooking/оі?Унёџ.p3d,8": Possible variable name conflict 'sessionKey'
SCRIPT    (W): @"GameLabs/Scripts/3_Game/3_Hooking/оі?Унёџ.p3d,8": Possible variable name conflict 'host'
SCRIPT    (W): @"GameLabs/Scripts/3_Game/3_Hooking/оі?Унёџ.p3d,8": Possible variable name conflict 'port'
SCRIPT    (W): @"GameLabs/Scripts/3_Game/?їкЮСч.rvmat,15": Possible variable name conflict 'modId'
SCRIPT    (W): @"GameLabs/Scripts/3_Game/?їкЮСч.rvmat,15": Possible variable name conflict 'key'
SCRIPT    (W): @"GameLabs/Scripts/3_Game/?їкЮСч.rvmat,15": Possible variable name conflict 'value'
SCRIPT    (W): @"GameLabs/Scripts/3_Game/Эџрѓљ?зјѐ.ogg,226": Possible variable name conflict 'responseType'
SCRIPT    (W): @"GameLabs/Scripts/3_Game/Эџрѓљ?зјѐ.ogg,226": Possible variable name conflict 'webhookUrl'
SCRIPT    (W): @"GameLabs/Scripts/3_Game/Эџрѓљ?зјѐ.ogg,264": Possible variable name conflict 'object'
SCRIPT    (W): @"GameLabs/Scripts/3_Game/API/*бхоЦотц.ogg,443": Possible variable name conflict 'operation'
SCRIPT    (W): @"GameLabs/Scripts/3_Game/API/*бхоЦотц.ogg,443": Possible variable name conflict 'key'
SCRIPT    (W): @"GameLabs/Scripts/3_Game/API/*бхоЦотц.ogg,443": Possible variable name conflict 'value'
SCRIPT    (W): @"GameLabs/Scripts/3_Game/API/*бхоЦотц.ogg,443": Possible variable name conflict 'expires'
SCRIPT    (W): @"GameLabs/Scripts/3_Game/ЫђЩюђт?ќ.wsi,75": Possible variable name conflict 'debugEnabled'
SCRIPT    (W): @"GameLabs/Scripts/3_Game/Эџрѓљ?зјѐ.ogg,26": Possible variable name conflict '_reference'
SCRIPT    (W): @"GameLabs/Scripts/3_Game/API/*бхоЦотц.ogg,346": Possible variable name conflict 'player'
SCRIPT    (W): @"GameLabs/Scripts/3_Game/API/*бхоЦотц.ogg,346": Possible variable name conflict 'channel'
SCRIPT    (W): @"GameLabs/Scripts/3_Game/API/*бхоЦотц.ogg,346": Possible variable name conflict 'message'
SCRIPT    (W): @"GameLabs/Scripts/3_Game/API/*бхоЦотц.ogg,398": Possible variable name conflict 'items'
SCRIPT    (W): @"GameLabs/Scripts/3_Game/API/*бхоЦотц.ogg,362": Possible variable name conflict 'steam64'
SCRIPT    (W): @"GameLabs/Scripts/3_Game/API/*бхоЦотц.ogg,362": Possible variable name conflict 'position'
SCRIPT    (W): @"GameLabs/Scripts/3_Game/Эџрѓљ?зјѐ.ogg,107": Possible variable name conflict 'displayName'
SCRIPT    (W): @"GameLabs/Scripts/3_Game/Эџрѓљ?зјѐ.ogg,107": Possible variable name conflict 'description'
SCRIPT    (W): @"GameLabs/Scripts/3_Game/Эџрѓљ?зјѐ.ogg,107": Possible variable name conflict 'dataType'
SCRIPT    (W): @"GameLabs/Scripts/3_Game/API/*ѝъдЮђШХыїХ.p3d,62": Possible variable name conflict 'serverId'
SCRIPT    (W): @"GameLabs/Scripts/3_Game/API/*ѝъдЮђШХыїХ.p3d,62": Possible variable name conflict 'apiKey'
SCRIPT    (W): @"GameLabs/Scripts/3_Game/API/*ѝъдЮђШХыїХ.p3d,62": Possible variable name conflict 'baseUrl'
SCRIPT    (W): @"GameLabs/Scripts/3_Game/API/*ѝъдЮђШХыїХ.p3d,62": Possible variable name conflict 'storeUrl'
SCRIPT    (W): @"GameLabs/Scripts/3_Game/API/*ѝъдЮђШХыїХ.p3d,81": Possible variable name conflict 'authKey'
SCRIPT    (W): @"GameLabs/Scripts/3_Game/?їкЮСч.rvmat,61": Possible variable name conflict 'modId'
SCRIPT    (W): @"GameLabs/Scripts/3_Game/?їкЮСч.rvmat,61": Possible variable name conflict 'key'
SCRIPT    (W): @"GameLabs/Scripts/3_Game/?їкЮСч.rvmat,61": Possible variable name conflict 'value'
SCRIPT    (W): @"GameLabs/Scripts/3_Game/API/*бхоЦотц.ogg,512": Possible variable name conflict 'content'
SCRIPT    (W): @"GameLabs/Scripts/3_Game/?їкЮСч.rvmat,46": Possible variable name conflict 'modId'
SCRIPT    (W): @"GameLabs/Scripts/3_Game/?їкЮСч.rvmat,46": Possible variable name conflict 'key'
SCRIPT    (W): @"GameLabs/Scripts/3_Game/?їкЮСч.rvmat,46": Possible variable name conflict 'value'
SCRIPT    (W): @"GameLabs/Scripts/3_Game/API/*бхоЦотц.ogg,199": Possible variable name conflict 'initial'
SCRIPT    (W): @"GameLabs/Scripts/3_Game/API/*бхоЦотц.ogg,199": Possible variable name conflict 'interval'
SCRIPT    (W): @"GameLabs/Scripts/3_Game/API/*бхоЦотц.ogg,199": Possible variable name conflict 'added'
SCRIPT    (W): @"GameLabs/Scripts/3_Game/API/*бхоЦотц.ogg,199": Possible variable name conflict 'updated'
SCRIPT    (W): @"GameLabs/Scripts/3_Game/API/*бхоЦотц.ogg,199": Possible variable name conflict 'removed'
SCRIPT    (W): @"GameLabs/Scripts/3_Game/Эџрѓљ?зјѐ.ogg,5": Possible variable name conflict '_reference'
SCRIPT    (W): @"GameLabs/Scripts/3_Game/?їкЮСч.rvmat,77": Possible variable name conflict 'modId'
SCRIPT    (W): @"GameLabs/Scripts/3_Game/API/*ѝъдЮђШХыїХ.p3d,10": Possible variable name conflict 'status'
SCRIPT    (W): @"GameLabs/Scripts/3_Game/API/*ѝъдЮђШХыїХ.p3d,10": Possible variable name conflict 'error'
SCRIPT    (W): @"GameLabs/Scripts/3_Game/API/*бхоЦотц.ogg,313": Possible variable name conflict 'player'
SCRIPT    (W): @"GameLabs/Scripts/3_Game/API/*бхоЦотц.ogg,313": Possible variable name conflict 'item'
SCRIPT    (W): @"GameLabs/Scripts/3_Game/API/*бхоЦотц.ogg,313": Possible variable name conflict 'target'
SCRIPT    (W): @"GameLabs/Scripts/3_Game/API/*бхоЦотц.ogg,313": Possible variable name conflict 'action'
SCRIPT    (W): @"GameLabs/Scripts/3_Game/API/*бхоЦотц.ogg,41": Possible variable name conflict 'serverId'
SCRIPT    (W): @"GameLabs/Scripts/3_Game/API/*бхоЦотц.ogg,41": Possible variable name conflict 'apiKey'
SCRIPT    (W): @"GameLabs/Scripts/3_Game/API/*бхоЦотц.ogg,41": Possible variable name conflict 'flagReauth'
SCRIPT    (W): @"GameLabs/Scripts/3_Game/Эџрѓљ?зјѐ.ogg,47": Possible variable name conflict 'className'
SCRIPT    (W): @"GameLabs/Scripts/3_Game/Эџрѓљ?зјѐ.ogg,47": Possible variable name conflict 'icon'
SCRIPT    (W): @"GameLabs/Scripts/3_Game/Эџрѓљ?зјѐ.ogg,47": Possible variable name conflict '_reference'
SCRIPT    (W): @"GameLabs/Scripts/3_Game/API/*бхоЦотц.ogg,420": Possible variable name conflict 'operation'
SCRIPT    (W): @"GameLabs/Scripts/3_Game/API/*бхоЦотц.ogg,420": Possible variable name conflict 'key'
SCRIPT    (W): @"GameLabs/Scripts/3_Game/API/*бхоЦотц.ogg,420": Possible variable name conflict 'value'
SCRIPT    (W): @"GameLabs/Scripts/3_Game/API/*бхоЦотц.ogg,420": Possible variable name conflict 'expires'
SCRIPT    (W): @"GameLabs/Scripts/3_Game/API/*бхоЦотц.ogg,390": Possible variable name conflict 'className'
SCRIPT    (W): @"GameLabs/Scripts/3_Game/API/*бхоЦотц.ogg,390": Possible variable name conflict 'displayName'
SCRIPT    (W): @"GameLabs/Scripts/3_Game/API/*бхоЦотц.ogg,289": Possible variable name conflict 'player'
SCRIPT    (W): @"GameLabs/Scripts/3_Game/API/*бхоЦотц.ogg,289": Possible variable name conflict 'murderer'
SCRIPT    (W): @"GameLabs/Scripts/3_Game/API/*бхоЦотц.ogg,289": Possible variable name conflict 'weapon'
SCRIPT    (W): @"GameLabs/Scripts/3_Game/API/*бхоЦотц.ogg,289": Possible variable name conflict 'damage'
SCRIPT    (W): @"GameLabs/Scripts/3_Game/API/*бхоЦотц.ogg,289": Possible variable name conflict 'zone'
SCRIPT    (W): @"GameLabs/Scripts/3_Game/ёТђ?жЬѐЪТсР.wsi,11": Possible variable name conflict 'modIdentifier'
SCRIPT    (W): @"GameLabs/Scripts/3_Game/ёТђ?жЬѐЪТсР.wsi,11": Possible variable name conflict 'allowDebug'
SCRIPT    (W): @"GameLabs/Scripts/3_Game/ёТђ?жЬѐЪТсР.wsi,11": Possible variable name conflict 'logrotate'
SCRIPT    (W): @"GameLabs/Scripts/3_Game/ёТђ?жЬѐЪТсР.wsi,20": Possible variable name conflict 'allowDebug'
SCRIPT    (W): @"GameLabs/Scripts/3_Game/API/*бхоЦотц.ogg,330": Possible variable name conflict 'player'
SCRIPT    (W): @"GameLabs/Scripts/3_Game/API/*бхоЦотц.ogg,330": Possible variable name conflict 'item'
SCRIPT    (W): @"GameLabs/Scripts/3_Game/Эџрѓљ?зјѐ.ogg,64": Possible variable name conflict 'contextType'
SCRIPT    (W): @"GameLabs/Scripts/3_Game/Эџрѓљ?зјѐ.ogg,64": Possible variable name conflict 'referencedObject'
SCRIPT    (W): @"GameLabs/Scripts/3_Game/Эџрѓљ?зјѐ.ogg,64": Possible variable name conflict 'parameters'
SCRIPT    (W): @"GameLabs/Scripts/3_Game/Эџрѓљ?зјѐ.ogg,75": Unsafe down-casting, use 'Object.Cast' for safe down-casting
SCRIPT       : Registering faction type eAIFactionShamans ID -1484989417
SCRIPT       : Registering faction type eAIFactionObservers ID -563736721
SCRIPT       : Registering faction type eAIFactionInvincibleObservers ID -1227299746
SCRIPT       : Registering faction type eAIFactionEast ID 90522109
SCRIPT       : Registering faction type eAIFactionGuards ID 963933710
SCRIPT       : Registering faction type eAIFactionRaiders ID 1535276022
SCRIPT       : Registering faction type eAIFactionYeetBrigade ID 1408543989
SCRIPT       : Registering faction type eAIFactionMercenaries ID 1629891834
SCRIPT       : Registering faction type eAIFactionWest ID 113880155
SCRIPT       : Registering faction type eAIFactionCivilian ID 1096178351
SCRIPT       : Registering faction type eAIFactionPassive ID -1159399789
SCRIPT       : Registering faction type eAIFactionInvincibleYeetBrigade ID -1118767876
SCRIPT       : Registering faction type eAIFactionInvincibleGuards ID 782746017
SCRIPT       : ... Backlit Effects Enabled
SCRIPT       : 14:11:08 [EXPANSION LOG]: DayZGame<a4aa96e0> Start time (local time) 2024-01-27 14:11:04
SCRIPT       : 14:11:08 [EXPANSION LOG]: DayZGame<a4aa96e0> Start time (UTC) 2024-01-27 19:11:04
SCRIPT       : 14:11:08 [EXPANSION LOG]: DayZGame<a4aa96e0> Runtime since start (seconds) 4.833
SCRIPT    (W): @"GameLabs/Scripts/4_World/4_Hooking/ЦЮљ?їЮТзЪ.jpg,261": Missing ';' at the end of line
SCRIPT    (W): @"GameLabs/Scripts/4_World/4_Hooking/лђШ?зы.rvmat,2": FIX-ME: Overriding function 'OnContinouousAction' but not marked as 'override'
SCRIPT    (W): @"GameLabs/Scripts/4_World/4_Hooking/лђШ?зы.rvmat,42": FIX-ME: Overriding function 'OnPlacementComplete' but not marked as 'override'
SCRIPT    (W): @"GameLabs/Scripts/4_World/4_Hooking/?эшѕљнюѕѐў.rvmat,33": Possible variable name conflict '_registeredInstance'
SCRIPT    (W): @"GameLabs/Scripts/4_World/4_Hooking/япчЫѝы?б.jpg,288": No need to use 'Cast' for up-casting
SCRIPT    (W): @"GameLabs/Scripts/4_World/4_Hooking/ЦЮљ?їЮТзЪ.jpg,74": Possible variable name conflict 'deviation'
SCRIPT       : Registering faction type eAIFactionLunatics ID 1167351711
SCRIPT       : Registering faction type eAIFactionInfected ID 1371958374
SCRIPT    (W): @"JM/COT/Scripts/5_Mission/communityonlinetools\modules\object\jmobjectspawnermodule.c,635": Missing ';' at the end of line
SCRIPT    (W): @"JM/COT/Scripts/5_Mission/communityonlinetools\modules\object\jmobjectspawnermodule.c,637": Missing ';' at the end of line
SCRIPT    (W): @"GameLabs/Scripts/5_Mission/вХіт?юЮюде.jpg,80": Possible variable name conflict 'gamesession_id'
SCRIPT       : Expansion version: 1.8.38
SCRIPT       : 14:11:21.152 [EXPANSION DEBUG]: [ExpansionDebugSettings] Load existing setting file:$profile:ExpansionMod\Settings\DebugSettings.json
SCRIPT       : 14:11:21.152 [EXPANSION DEBUG]: [ExpansionLogSettings] Load existing setting file:$profile:ExpansionMod\Settings\LogsSettings.json
SCRIPT       : 14:11:21.152 [EXPANSION DEBUG]: [ExpansionNotificationSettings] Load existing setting file:$profile:ExpansionMod\Settings\NotificationSettings.json
SCRIPT       : 14:11:21.152 [EXPANSION DEBUG]: [ExpansionMonitoringSettings] Load existing setting file:$profile:ExpansionMod\Settings\MonitoringSettings.json
SCRIPT       : 14:11:21.152 [EXPANSION DEBUG]: [ExpansionDamageSystemSettings] Load existing setting file:$profile:ExpansionMod\Settings\DamageSystemSettings.json
SCRIPT       : 14:11:21.152 [EXPANSION DEBUG]: [ExpansionPartySettings] Load existing setting file:$profile:ExpansionMod\Settings\PartySettings.json
SCRIPT       : 14:11:21.152 [EXPANSION DEBUG]: [ExpansionHardlineSettings] Load existing setting file:$mission:expansion\settings\HardlineSettings.json
SCRIPT       : 14:11:21.164 [EXPANSION DEBUG]: [ExpansionMarketSettings] Load existing setting file:$mission:expansion\settings\MarketSettings.json
SCRIPT       : 14:11:21.167 [EXPANSION DEBUG]: [ExpansionAirdropSettings] Load existing setting file:$profile:ExpansionMod\Settings\AirdropSettings.json
SCRIPT       : 14:11:21.289 [EXPANSION DEBUG]: [ExpansionMissionSettings] Load existing setting file:$profile:ExpansionMod\Settings\MissionSettings.json
SCRIPT       : 14:11:21.289 [EXPANSION DEBUG]: [ExpansionMapSettings] Load existing setting file:$mission:expansion\settings\MapSettings.json
SCRIPT       : 14:11:21.300 [EXPANSION DEBUG]: [ExpansionPersonalStorageNewSettings] Load existing setting file:$profile:ExpansionMod\Settings\PersonalStorageNewSettings.json
SCRIPT       : 14:11:21.300 [EXPANSION DEBUG]: [ExpansionGeneralSettings] Load existing setting file:$profile:ExpansionMod\Settings\GeneralSettings.json
SCRIPT       : 14:11:21.304 [EXPANSION DEBUG]: [ExpansionPlayerListSettings] Load existing setting file:$profile:ExpansionMod\Settings\PlayerListSettings.json
SCRIPT       : 14:11:21.304 [EXPANSION DEBUG]: [ExpansionSocialMediaSettings] Load existing setting file:$profile:ExpansionMod\Settings\SocialMediaSettings.json
SCRIPT       : 14:11:21.304 [EXPANSION DEBUG]: [ExpansionSpawnSettings] Load existing setting file:$mission:expansion\settings\SpawnSettings.json
SCRIPT       : 14:11:21.304 [EXPANSION DEBUG]: [ExpansionVehicleSettings] Load existing setting file:$profile:ExpansionMod\Settings\VehicleSettings.json
SCRIPT       : 14:11:21.304 [EXPANSION DEBUG]: [ExpansionAISettings] Load existing setting file:$profile:ExpansionMod\Settings\AISettings.json
SCRIPT       : 14:11:21.304 [EXPANSION DEBUG]: [ExpansionAIPatrolSettings] Load existing setting file:$mission:expansion\settings\AIPatrolSettings.json
SCRIPT       : 14:11:21.308 [EXPANSION DEBUG]: [ExpansionBaseBuildingSettings] Load existing setting file:$mission:expansion\settings\BaseBuildingSettings.json
SCRIPT       : 14:11:21.308 [EXPANSION DEBUG]: [ExpansionRaidSettings] Load existing setting file:$profile:ExpansionMod\Settings\RaidSettings.json
SCRIPT       : 14:11:21.308 [EXPANSION DEBUG]: [ExpansionTerritorySettings] Load existing setting file:$profile:ExpansionMod\Settings\TerritorySettings.json
SCRIPT       : 14:11:21.312 [EXPANSION DEBUG]: [ExpansionChatSettings] Load existing setting file:$profile:ExpansionMod\Settings\ChatSettings.json
SCRIPT       : [DefineTest] EXPANSIONMOD is defined
SCRIPT       : [DefineTest] EXPANSIONMODAI is defined
SCRIPT       : [DefineTest] EXPANSIONMODBASEBUILDING is defined
SCRIPT       : [DefineTest] EXPANSIONMODBOOK is defined
SCRIPT       : [DefineTest] EXPANSIONMODCHAT is defined
SCRIPT       : [DefineTest] EXPANSIONMODCORE is defined
SCRIPT       : [DefineTest] EXPANSIONMODGARAGE is defined
SCRIPT       : [DefineTest] EXPANSIONMODGROUPS is defined
SCRIPT       : [DefineTest] EXPANSIONMODHARDLINE is defined
SCRIPT       : [DefineTest] EXPANSIONMODKILLFEED is defined
SCRIPT       : [DefineTest] EXPANSIONMODMAPASSETS is defined
SCRIPT       : [DefineTest] EXPANSIONMODMARKET is defined
SCRIPT       : [DefineTest] EXPANSIONMODMISSIONS is defined
SCRIPT       : [DefineTest] EXPANSIONMODNAMETAGS is defined
SCRIPT       : [DefineTest] EXPANSIONMODNAVIGATION is defined
SCRIPT       : [DefineTest] EXPANSIONMODP2PMARKET is defined
SCRIPT       : [DefineTest] EXPANSIONMODPERSONALSTORAGE is defined
SCRIPT       : [DefineTest] EXPANSIONMODQUESTS is defined
SCRIPT       : [DefineTest] EXPANSIONMODSPAWNSELECTION is defined
SCRIPT       : [DefineTest] EXPANSIONMODVEHICLE is defined
SCRIPT       : [DefineTest] EXPANSIONMODWEAPONS is defined
SCRIPT       : [DefineTest] CfgMods:
SCRIPT       : defaultAction
SCRIPT       : DayZ
SCRIPT       : DZ_Expansion_AI_Preload
SCRIPT       : DZ_Expansion_BaseBuilding_Preload
SCRIPT       : DZ_Expansion_Book_Preload
SCRIPT       : DZ_Expansion_Chat_Preload
SCRIPT       : DZ_Expansion_Core_Preload
SCRIPT       : DZ_Expansion_Garage_Preload
SCRIPT       : DZ_Expansion_Groups_Preload
SCRIPT       : DZ_Expansion_Hardline_Preload
SCRIPT       : DZ_Expansion_KillFeed_Preload
SCRIPT       : DZ_Expansion_MapAssets_Preload
SCRIPT       : DZ_Expansion_Market_Preload
SCRIPT       : DZ_Expansion_Missions_Preload
SCRIPT       : DZ_Expansion_ModStorage_Preload
SCRIPT       : DZ_Expansion_NameTags_Preload
SCRIPT       : DZ_Expansion_Navigation_Preload
SCRIPT       : DZ_Expansion_P2PMarket_Preload
SCRIPT       : DZ_Expansion_PersonalStorage_Preload
SCRIPT       : DZ_Expansion_Preload
SCRIPT       : DZ_Expansion_Quests_Preload
SCRIPT       : DZ_Expansion_SpawnSelection_Preload
SCRIPT       : DZ_Expansion_Vehicles_Preload
SCRIPT       : DZ_Expansion_Weapons_Preload
SCRIPT       : DZ_DabsFramework
SCRIPT       : DZ_Expansion_DefineTest
SCRIPT       : DZ_Expansion_MapAssets
SCRIPT       : bliss
SCRIPT       : GameLabs
SCRIPT       : JM_CommunityFramework
SCRIPT       : JM_CommunityOnlineTools
SCRIPT       : WinterChernarusV2Scripts
SCRIPT       : Lads_LightingOverhaul
SCRIPT       : WinterLivoniaWorld
SCRIPT       : WinterStash
SCRIPT       : DZ_Editor_Loader
SCRIPT       : DZ_Expansion_ModStorage
SCRIPT       : DZ_Expansion_Core
SCRIPT       : DZ_Expansion_Garage
SCRIPT       : DZ_Expansion_Groups
SCRIPT       : DZ_Expansion_Market
SCRIPT       : DZ_Expansion_Missions
SCRIPT       : DZ_Expansion_NameTags
SCRIPT       : DZ_Expansion_Navigation
SCRIPT       : DZ_Expansion_NotificationScheduler
SCRIPT       : DZ_Expansion_P2PMarket
SCRIPT       : DZ_Expansion_PersonalStorage
SCRIPT       : DZ_Expansion_PersonalStorageNew
SCRIPT       : DZ_Expansion_PlayerList
SCRIPT       : DZ_Expansion
SCRIPT       : DZ_Expansion_SpawnSelection
SCRIPT       : DZ_Expansion_VanillaFixes
SCRIPT       : DZ_Expansion_Vehicles
SCRIPT       : DZ_Expansion_Weapons
SCRIPT       : DZ_Expansion_AI
SCRIPT       : DZ_Expansion_BaseBuilding
SCRIPT       : DZ_Expansion_Book
SCRIPT       : DZ_Expansion_Chat
SCRIPT       : DZ_Expansion_Hardline
SCRIPT       : DZ_Expansion_Quests
SCRIPT       : DZ_Expansion_VirtualContainerStorage
SCRIPT       : 14:11:22.160 [EXPANSION DEBUG]: ModStorage v5
SCRIPT       : [ExpansionQuestPersistentServerData] Load existing configuration file:$profile:ExpansionMod\Quests\PersistentServerData.json
SCRIPT       : [ExpansionQuestPersistentServerData] Load existing configuration file:$profile:ExpansionMod\Quests\PersistentServerData.json
SCRIPT       : [ExpansionQuestObjectiveTravelConfig] Load existing configuration file:$profile:ExpansionMod\Quests\Objectives\Travel\Objective_T_1.json
SCRIPT       : [ExpansionQuestObjectiveTravelConfig] Load existing configuration file:$profile:ExpansionMod\Quests\Objectives\Travel\Objective_T_2.json
SCRIPT       : [ExpansionQuestObjectiveTravelConfig] Load existing configuration file:$profile:ExpansionMod\Quests\Objectives\Travel\Objective_T_3.json
SCRIPT       : [ExpansionQuestObjectiveTravelConfig] Load existing configuration file:$profile:ExpansionMod\Quests\Objectives\Travel\Objective_T_4.json
SCRIPT       : [ExpansionQuestObjectiveTravelConfig] Load existing configuration file:$profile:ExpansionMod\Quests\Objectives\Travel\Objective_T_5.json
SCRIPT       : [ExpansionQuestObjectiveTravelConfig] Load existing configuration file:$profile:ExpansionMod\Quests\Objectives\Travel\Objective_T_6.json
SCRIPT       : [ExpansionQuestObjectiveTravelConfig] Load existing configuration file:$profile:ExpansionMod\Quests\Objectives\Travel\Objective_T_7.json
SCRIPT       : [ExpansionQuestObjectiveTargetConfig] Load existing configuration file:$profile:ExpansionMod\Quests\Objectives\Target\Objective_TA_1.json
SCRIPT       : [ExpansionQuestObjectiveTargetConfig] Load existing configuration file:$profile:ExpansionMod\Quests\Objectives\Target\Objective_TA_2.json
SCRIPT       : [ExpansionQuestObjectiveTargetConfig] Load existing configuration file:$profile:ExpansionMod\Quests\Objectives\Target\Objective_TA_3.json
SCRIPT       : [ExpansionQuestObjectiveTargetConfig] Load existing configuration file:$profile:ExpansionMod\Quests\Objectives\Target\Objective_TA_4.json
SCRIPT       : [ExpansionQuestObjectiveDeliveryConfig] Load existing configuration file:$profile:ExpansionMod\Quests\Objectives\Delivery\Objective_D_1.json
SCRIPT       : [ExpansionQuestObjectiveDeliveryConfig] Load existing configuration file:$profile:ExpansionMod\Quests\Objectives\Delivery\Objective_D_2.json
SCRIPT       : [ExpansionQuestObjectiveCollectionConfig] Load existing configuration file:$profile:ExpansionMod\Quests\Objectives\Collection\Objective_C_1.json
SCRIPT       : [ExpansionQuestObjectiveCollectionConfig] Load existing configuration file:$profile:ExpansionMod\Quests\Objectives\Collection\Objective_C_2.json
SCRIPT       : [ExpansionQuestObjectiveCollectionConfig] Load existing configuration file:$profile:ExpansionMod\Quests\Objectives\Collection\Objective_C_3.json
SCRIPT       : [ExpansionQuestObjectiveTreasureHuntConfig] Load existing configuration file:$profile:ExpansionMod\Quests\Objectives\TreasureHunt\Objective_TH_1.json
SCRIPT       : [ExpansionQuestObjectiveActionConfig] Load existing configuration file:$profile:ExpansionMod\Quests\Objectives\Action\Objective_A_1.json
SCRIPT       : [ExpansionQuestObjectiveActionConfig] Load existing configuration file:$profile:ExpansionMod\Quests\Objectives\Action\Objective_A_2.json
SCRIPT       : [ExpansionQuestObjectiveCraftingConfig] Load existing configuration file:$profile:ExpansionMod\Quests\Objectives\Crafting\Objective_CR_1.json
SCRIPT       : [ExpansionQuestObjectiveAIPatrolConfig] Load existing configuration file:$profile:ExpansionMod\Quests\Objectives\AIPatrol\Objective_AIP_1.json
SCRIPT       : [ExpansionQuestObjectiveAICampConfig] Load existing configuration file:$profile:ExpansionMod\Quests\Objectives\AICamp\Objective_AIC_1.json
SCRIPT       : [ExpansionQuestObjectiveAIEscortConfig] Load existing configuration file:$profile:ExpansionMod\Quests\Objectives\AIVIP\Objective_AIESCORT_1.json
SCRIPT       : [ExpansionQuestNPCData] Load existing configuration file:QuestNPC_1.json
SCRIPT       : [ExpansionQuestNPCData] Load existing configuration file:QuestNPC_2.json
SCRIPT       : [ExpansionQuestNPCData] Load existing configuration file:QuestNPC_3.json
SCRIPT       : [EditorLoader] No files found, exiting
SCRIPT    (E): 
Invalid formation name Line
Function: 'Error'
Stack trace:
scripts/1_Core/proto\endebug.c:92
DayZExpansion/AI/Scripts/4_World/dayzexpansion_ai\classes\formations\eaiformation.c:117
DayZExpansion/AI/Scripts/4_World/dayzexpansion_ai\classes\patrols\patrolmanager.c:122
DayZExpansion/AI/Scripts/4_World/dayzexpansion_ai\classes\patrols\patrolmanager.c:24
DayZExpansion/AI/Scripts/4_World/dayzexpansion_ai\classes\patrols\eaidynamicpatrolspawner.c:28
DayZExpansion/AI/Scripts/4_World/dayzexpansion_ai\entities\buildings\buildingbase.c:59
SCRIPT    (E): 
Invalid formation name Line
Function: 'Error'
Stack trace:
scripts/1_Core/proto\endebug.c:92
DayZExpansion/AI/Scripts/4_World/dayzexpansion_ai\classes\formations\eaiformation.c:117
DayZExpansion/AI/Scripts/4_World/dayzexpansion_ai\classes\patrols\patrolmanager.c:122
DayZExpansion/AI/Scripts/4_World/dayzexpansion_ai\classes\patrols\patrolmanager.c:24
DayZExpansion/AI/Scripts/4_World/dayzexpansion_ai\classes\patrols\eaidynamicpatrolspawner.c:28
DayZExpansion/AI/Scripts/4_World/dayzexpansion_ai\entities\buildings\buildingbase.c:59
SCRIPT    (E): 
Invalid formation name Line
Function: 'Error'
Stack trace:
scripts/1_Core/proto\endebug.c:92
DayZExpansion/AI/Scripts/4_World/dayzexpansion_ai\classes\formations\eaiformation.c:117
DayZExpansion/AI/Scripts/4_World/dayzexpansion_ai\classes\patrols\patrolmanager.c:122
DayZExpansion/AI/Scripts/4_World/dayzexpansion_ai\classes\patrols\patrolmanager.c:24
DayZExpansion/AI/Scripts/4_World/dayzexpansion_ai\classes\patrols\eaidynamicpatrolspawner.c:28
DayZExpansion/AI/Scripts/4_World/dayzexpansion_ai\entities\buildings\buildingbase.c:59
SCRIPT       : Found 0 zones!
SCRIPT    (E): 
Invalid formation name Line
Function: 'Error'
Stack trace:
scripts/1_Core/proto\endebug.c:92
DayZExpansion/AI/Scripts/4_World/dayzexpansion_ai\classes\formations\eaiformation.c:117
DayZExpansion/AI/Scripts/4_World/dayzexpansion_ai\classes\patrols\patrolmanager.c:122
DayZExpansion/AI/Scripts/4_World/dayzexpansion_ai\classes\patrols\patrolmanager.c:24
DayZExpansion/AI/Scripts/4_World/dayzexpansion_ai\classes\patrols\eaidynamicpatrolspawner.c:28
DayZExpansion/AI/Scripts/4_World/dayzexpansion_ai\entities\buildings\buildingbase.c:28
scripts/3_Game/dayzgame.c:2821
GameLabs/Scripts/3_Game/3_Hooking/ђръзѝѐ*Рћђ.rtm:7
JM/CF/Scripts/3_Game/communityframework\game\dayzgame.c:23
DayZExpansion/Core/Scripts/3_Game/dayzexpansion_core\dayzgame.c:244
SCRIPT    (E): 
Invalid formation name Line
Function: 'Error'
Stack trace:
scripts/1_Core/proto\endebug.c:92
DayZExpansion/AI/Scripts/4_World/dayzexpansion_ai\classes\formations\eaiformation.c:117
DayZExpansion/AI/Scripts/4_World/dayzexpansion_ai\classes\patrols\patrolmanager.c:122
DayZExpansion/AI/Scripts/4_World/dayzexpansion_ai\classes\patrols\patrolmanager.c:24
DayZExpansion/AI/Scripts/4_World/dayzexpansion_ai\classes\patrols\eaidynamicpatrolspawner.c:28
DayZExpansion/AI/Scripts/4_World/dayzexpansion_ai\entities\buildings\buildingbase.c:28
scripts/3_Game/dayzgame.c:2821
GameLabs/Scripts/3_Game/3_Hooking/ђръзѝѐ*Рћђ.rtm:7
JM/CF/Scripts/3_Game/communityframework\game\dayzgame.c:23
DayZExpansion/Core/Scripts/3_Game/dayzexpansion_core\dayzgame.c:244
SCRIPT    (E): 
Invalid formation name Line
Function: 'Error'
Stack trace:
scripts/1_Core/proto\endebug.c:92
DayZExpansion/AI/Scripts/4_World/dayzexpansion_ai\classes\formations\eaiformation.c:117
DayZExpansion/AI/Scripts/4_World/dayzexpansion_ai\classes\patrols\patrolmanager.c:122
DayZExpansion/AI/Scripts/4_World/dayzexpansion_ai\classes\patrols\patrolmanager.c:24
DayZExpansion/AI/Scripts/4_World/dayzexpansion_ai\classes\patrols\eaidynamicpatrolspawner.c:28
DayZExpansion/AI/Scripts/4_World/dayzexpansion_ai\entities\buildings\buildingbase.c:28
scripts/3_Game/dayzgame.c:2821
GameLabs/Scripts/3_Game/3_Hooking/ђръзѝѐ*Рћђ.rtm:7
JM/CF/Scripts/3_Game/communityframework\game\dayzgame.c:23
DayZExpansion/Core/Scripts/3_Game/dayzexpansion_core\dayzgame.c:244
SCRIPT    (E): 
Invalid formation name Line
Function: 'Error'
Stack trace:
scripts/1_Core/proto\endebug.c:92
DayZExpansion/AI/Scripts/4_World/dayzexpansion_ai\classes\formations\eaiformation.c:117
DayZExpansion/AI/Scripts/4_World/dayzexpansion_ai\classes\patrols\patrolmanager.c:122
DayZExpansion/AI/Scripts/4_World/dayzexpansion_ai\classes\patrols\patrolmanager.c:24
DayZExpansion/AI/Scripts/4_World/dayzexpansion_ai\classes\patrols\eaidynamicpatrolspawner.c:28
DayZExpansion/AI/Scripts/4_World/dayzexpansion_ai\entities\buildings\buildingbase.c:28
scripts/3_Game/dayzgame.c:2821
GameLabs/Scripts/3_Game/3_Hooking/ђръзѝѐ*Рћђ.rtm:7
JM/CF/Scripts/3_Game/communityframework\game\dayzgame.c:23
DayZExpansion/Core/Scripts/3_Game/dayzexpansion_core\dayzgame.c:244
SCRIPT    (E): 
Invalid formation name Line
Function: 'Error'
Stack trace:
scripts/1_Core/proto\endebug.c:92
DayZExpansion/AI/Scripts/4_World/dayzexpansion_ai\classes\formations\eaiformation.c:117
DayZExpansion/AI/Scripts/4_World/dayzexpansion_ai\classes\patrols\patrolmanager.c:122
DayZExpansion/AI/Scripts/4_World/dayzexpansion_ai\classes\patrols\patrolmanager.c:24
DayZExpansion/AI/Scripts/4_World/dayzexpansion_ai\classes\patrols\eaidynamicpatrolspawner.c:28
DayZExpansion/AI/Scripts/4_World/dayzexpansion_ai\entities\buildings\buildingbase.c:28
scripts/3_Game/dayzgame.c:2821
GameLabs/Scripts/3_Game/3_Hooking/ђръзѝѐ*Рћђ.rtm:7
JM/CF/Scripts/3_Game/communityframework\game\dayzgame.c:23
DayZExpansion/Core/Scripts/3_Game/dayzexpansion_core\dayzgame.c:244
SCRIPT    (E): 
Invalid formation name Line
Function: 'Error'
Stack trace:
scripts/1_Core/proto\endebug.c:92
DayZExpansion/AI/Scripts/4_World/dayzexpansion_ai\classes\formations\eaiformation.c:117
DayZExpansion/AI/Scripts/4_World/dayzexpansion_ai\classes\patrols\patrolmanager.c:122
DayZExpansion/AI/Scripts/4_World/dayzexpansion_ai\classes\patrols\patrolmanager.c:24
DayZExpansion/AI/Scripts/4_World/dayzexpansion_ai\classes\patrols\eaidynamicpatrolspawner.c:28
DayZExpansion/AI/Scripts/4_World/dayzexpansion_ai\entities\buildings\buildingbase.c:28
scripts/3_Game/dayzgame.c:2821
GameLabs/Scripts/3_Game/3_Hooking/ђръзѝѐ*Рћђ.rtm:7
JM/CF/Scripts/3_Game/communityframework\game\dayzgame.c:23
DayZExpansion/Core/Scripts/3_Game/dayzexpansion_core\dayzgame.c:244
SCRIPT    (E): 
Invalid formation name Line
Function: 'Error'
Stack trace:
scripts/1_Core/proto\endebug.c:92
DayZExpansion/AI/Scripts/4_World/dayzexpansion_ai\classes\formations\eaiformation.c:117
DayZExpansion/AI/Scripts/4_World/dayzexpansion_ai\classes\patrols\patrolmanager.c:122
DayZExpansion/AI/Scripts/4_World/dayzexpansion_ai\classes\patrols\patrolmanager.c:24
DayZExpansion/AI/Scripts/4_World/dayzexpansion_ai\classes\patrols\eaidynamicpatrolspawner.c:28
DayZExpansion/AI/Scripts/4_World/dayzexpansion_ai\entities\buildings\buildingbase.c:28
scripts/3_Game/dayzgame.c:2821
GameLabs/Scripts/3_Game/3_Hooking/ђръзѝѐ*Рћђ.rtm:7
JM/CF/Scripts/3_Game/communityframework\game\dayzgame.c:23
DayZExpansion/Core/Scripts/3_Game/dayzexpansion_core\dayzgame.c:244
SCRIPT    (E): 
Invalid formation name Line
Function: 'Error'
Stack trace:
scripts/1_Core/proto\endebug.c:92
DayZExpansion/AI/Scripts/4_World/dayzexpansion_ai\classes\formations\eaiformation.c:117
DayZExpansion/AI/Scripts/4_World/dayzexpansion_ai\classes\patrols\patrolmanager.c:122
DayZExpansion/AI/Scripts/4_World/dayzexpansion_ai\classes\patrols\patrolmanager.c:24
DayZExpansion/AI/Scripts/4_World/dayzexpansion_ai\classes\patrols\eaidynamicpatrolspawner.c:28
DayZExpansion/AI/Scripts/4_World/dayzexpansion_ai\entities\buildings\buildingbase.c:28
scripts/3_Game/dayzgame.c:2821
GameLabs/Scripts/3_Game/3_Hooking/ђръзѝѐ*Рћђ.rtm:7
JM/CF/Scripts/3_Game/communityframework\game\dayzgame.c:23
DayZExpansion/Core/Scripts/3_Game/dayzexpansion_core\dayzgame.c:244
SCRIPT    (E): 
Invalid formation name Line
Function: 'Error'
Stack trace:
scripts/1_Core/proto\endebug.c:92
DayZExpansion/AI/Scripts/4_World/dayzexpansion_ai\classes\formations\eaiformation.c:117
DayZExpansion/AI/Scripts/4_World/dayzexpansion_ai\classes\patrols\patrolmanager.c:122
DayZExpansion/AI/Scripts/4_World/dayzexpansion_ai\classes\patrols\patrolmanager.c:24
DayZExpansion/AI/Scripts/4_World/dayzexpansion_ai\classes\patrols\eaidynamicpatrolspawner.c:28
DayZExpansion/AI/Scripts/4_World/dayzexpansion_ai\entities\buildings\buildingbase.c:28
scripts/3_Game/dayzgame.c:2821
GameLabs/Scripts/3_Game/3_Hooking/ђръзѝѐ*Рћђ.rtm:7
JM/CF/Scripts/3_Game/communityframework\game\dayzgame.c:23
DayZExpansion/Core/Scripts/3_Game/dayzexpansion_core\dayzgame.c:244
