************************** 2024-03-17T10:00:41+00:00 **************************
2024-03-17T10:00:41+00:00 | [INFO	] GameLabs v1.932 start for server 4bb74ac7-d757-4d7a-b176-d59bca460932
2024-03-17T10:00:48+00:00 | [INFO	] Server up (GameLabs v1.932)
2024-03-17T10:00:48+00:00 | [INFO	] RPC interface initiated and handler registered
2024-03-17T10:00:48+00:00 | [INFO	] Experimental speed check is enabled
2024-03-17T11:00:51+00:00 | [ERROR	] ServerPoll2 errorCode(5)
2024-03-17T11:00:51+00:00 | [ERROR	] GameLabs API error, reauthenticating...
2024-03-17T11:00:51+00:00 | [WARN	] RegisterAsync re-authorized
2024-03-17T12:00:56+00:00 | [ERROR	] ServerPoll2 errorCode(5)
2024-03-17T12:00:56+00:00 | [ERROR	] GameLabs API error, reauthenticating...
2024-03-17T12:00:57+00:00 | [WARN	] RegisterAsync re-authorized
2024-03-17T13:01:01+00:00 | [ERROR	] ServerPoll2 errorCode(5)
2024-03-17T13:01:01+00:00 | [ERROR	] GameLabs API error, reauthenticating...
2024-03-17T13:01:02+00:00 | [WARN	] RegisterAsync re-authorized
2024-03-17T13:47:21+00:00 | [ERROR	] ServerPoll2 errorCode(8)
2024-03-17T13:47:26+00:00 | [ERROR	] ServerPoll2 errorCode(8)
2024-03-17T13:47:31+00:00 | [ERROR	] ServerPoll2 errorCode(8)
2024-03-17T13:47:36+00:00 | [ERROR	] ServerPoll2 errorCode(8)
2024-03-17T13:47:41+00:00 | [ERROR	] ServerPoll2 errorCode(8)
2024-03-17T13:47:46+00:00 | [ERROR	] ServerPoll2 errorCode(8)
2024-03-17T13:47:51+00:00 | [ERROR	] ServerPoll2 errorCode(8)
2024-03-17T13:47:56+00:00 | [ERROR	] ServerPoll2 errorCode(8)
2024-03-17T13:48:01+00:00 | [ERROR	] ServerPoll2 errorCode(8)
2024-03-17T13:48:06+00:00 | [ERROR	] ServerPoll2 errorCode(8)
2024-03-17T13:48:11+00:00 | [ERROR	] ServerPoll2 errorCode(8)
2024-03-17T13:48:16+00:00 | [ERROR	] ServerPoll2 errorCode(8)
2024-03-17T13:48:21+00:00 | [ERROR	] ServerPoll2 errorCode(8)
2024-03-17T13:48:26+00:00 | [ERROR	] ServerPoll2 errorCode(8)
2024-03-17T13:48:31+00:00 | [ERROR	] ServerPoll2 errorCode(8)
2024-03-17T13:48:36+00:00 | [ERROR	] ServerPoll2 errorCode(8)
2024-03-17T13:48:41+00:00 | [ERROR	] ServerPoll2 errorCode(8)
2024-03-17T13:48:46+00:00 | [ERROR	] ServerPoll2 errorCode(8)
2024-03-17T13:48:51+00:00 | [ERROR	] ServerPoll2 errorCode(8)
2024-03-17T13:48:56+00:00 | [ERROR	] ServerPoll2 errorCode(8)
2024-03-17T14:01:07+00:00 | [ERROR	] ServerPoll2 errorCode(5)
2024-03-17T14:01:07+00:00 | [ERROR	] GameLabs API error, reauthenticating...
2024-03-17T14:01:07+00:00 | [WARN	] RegisterAsync re-authorized
2024-03-17T15:01:12+00:00 | [ERROR	] ServerPoll2 errorCode(5)
2024-03-17T15:01:12+00:00 | [ERROR	] GameLabs API error, reauthenticating...
2024-03-17T15:01:12+00:00 | [WARN	] RegisterAsync re-authorized
